[0.563s] Invoking command in '/home/srushtei/ros2_ws/src/turtlebot_keyboard_control': PYTHONPATH=/home/srushtei/ros2_ws/build/turtlebot_keyboard_control/prefix_override:/usr/lib/python3/dist-packages/colcon_core/task/python/colcon_distutils_commands:/home/srushtei/ros2_ws/install/turtlebot_keyboard_control/lib/python3.10/site-packages:${PYTHONPATH} /usr/bin/python3 -W ignore:setup.py install is deprecated setup.py egg_info --egg-base ../../build/turtlebot_keyboard_control build --build-base /home/srushtei/ros2_ws/build/turtlebot_keyboard_control/build install --record /home/srushtei/ros2_ws/build/turtlebot_keyboard_control/install.log --single-version-externally-managed
[0.704s] running egg_info
[0.705s] creating ../../build/turtlebot_keyboard_control/turtlebot_keyboard_control.egg-info
[0.705s] writing ../../build/turtlebot_keyboard_control/turtlebot_keyboard_control.egg-info/PKG-INFO
[0.705s] writing dependency_links to ../../build/turtlebot_keyboard_control/turtlebot_keyboard_control.egg-info/dependency_links.txt
[0.705s] writing entry points to ../../build/turtlebot_keyboard_control/turtlebot_keyboard_control.egg-info/entry_points.txt
[0.705s] writing requirements to ../../build/turtlebot_keyboard_control/turtlebot_keyboard_control.egg-info/requires.txt
[0.705s] writing top-level names to ../../build/turtlebot_keyboard_control/turtlebot_keyboard_control.egg-info/top_level.txt
[0.705s] writing manifest file '../../build/turtlebot_keyboard_control/turtlebot_keyboard_control.egg-info/SOURCES.txt'
[0.707s] reading manifest file '../../build/turtlebot_keyboard_control/turtlebot_keyboard_control.egg-info/SOURCES.txt'
[0.707s] writing manifest file '../../build/turtlebot_keyboard_control/turtlebot_keyboard_control.egg-info/SOURCES.txt'
[0.707s] running build
[0.707s] running build_py
[0.707s] creating /home/srushtei/ros2_ws/build/turtlebot_keyboard_control/build
[0.707s] creating /home/srushtei/ros2_ws/build/turtlebot_keyboard_control/build/lib
[0.707s] creating /home/srushtei/ros2_ws/build/turtlebot_keyboard_control/build/lib/turtlebot_keyboard_control
[0.708s] copying turtlebot_keyboard_control/__init__.py -> /home/srushtei/ros2_ws/build/turtlebot_keyboard_control/build/lib/turtlebot_keyboard_control
[0.708s] copying turtlebot_keyboard_control/keyboard_control.py -> /home/srushtei/ros2_ws/build/turtlebot_keyboard_control/build/lib/turtlebot_keyboard_control
[0.708s] running install
[0.708s] running install_lib
[0.708s] creating /home/srushtei/ros2_ws/install/turtlebot_keyboard_control/lib/python3.10/site-packages/turtlebot_keyboard_control
[0.708s] copying /home/srushtei/ros2_ws/build/turtlebot_keyboard_control/build/lib/turtlebot_keyboard_control/__init__.py -> /home/srushtei/ros2_ws/install/turtlebot_keyboard_control/lib/python3.10/site-packages/turtlebot_keyboard_control
[0.708s] copying /home/srushtei/ros2_ws/build/turtlebot_keyboard_control/build/lib/turtlebot_keyboard_control/keyboard_control.py -> /home/srushtei/ros2_ws/install/turtlebot_keyboard_control/lib/python3.10/site-packages/turtlebot_keyboard_control
[0.709s] byte-compiling /home/srushtei/ros2_ws/install/turtlebot_keyboard_control/lib/python3.10/site-packages/turtlebot_keyboard_control/__init__.py to __init__.cpython-310.pyc
[0.709s] byte-compiling /home/srushtei/ros2_ws/install/turtlebot_keyboard_control/lib/python3.10/site-packages/turtlebot_keyboard_control/keyboard_control.py to keyboard_control.cpython-310.pyc
[0.709s] running install_egg_info
[0.710s] Copying ../../build/turtlebot_keyboard_control/turtlebot_keyboard_control.egg-info to /home/srushtei/ros2_ws/install/turtlebot_keyboard_control/lib/python3.10/site-packages/turtlebot_keyboard_control-0.0.0-py3.10.egg-info
[0.711s] running install_scripts
[0.725s] Installing keyboard_control script to /home/srushtei/ros2_ws/install/turtlebot_keyboard_control/lib/turtlebot_keyboard_control
[0.725s] writing list of installed files to '/home/srushtei/ros2_ws/build/turtlebot_keyboard_control/install.log'
[0.745s] Invoked command in '/home/srushtei/ros2_ws/src/turtlebot_keyboard_control' returned '0': PYTHONPATH=/home/srushtei/ros2_ws/build/turtlebot_keyboard_control/prefix_override:/usr/lib/python3/dist-packages/colcon_core/task/python/colcon_distutils_commands:/home/srushtei/ros2_ws/install/turtlebot_keyboard_control/lib/python3.10/site-packages:${PYTHONPATH} /usr/bin/python3 -W ignore:setup.py install is deprecated setup.py egg_info --egg-base ../../build/turtlebot_keyboard_control build --build-base /home/srushtei/ros2_ws/build/turtlebot_keyboard_control/build install --record /home/srushtei/ros2_ws/build/turtlebot_keyboard_control/install.log --single-version-externally-managed
