[0.056s] DEBUG:colcon:Command line arguments: ['/usr/bin/colcon', 'build']
[0.056s] DEBUG:colcon:Parsed command line arguments: Namespace(log_base=None, log_level=None, verb_name='build', build_base='build', install_base='install', merge_install=False, symlink_install=False, test_result_base=None, continue_on_error=False, executor='parallel', parallel_workers=12, event_handlers=None, ignore_user_meta=False, metas=['./colcon.meta'], base_paths=['.'], packages_ignore=None, packages_ignore_regex=None, paths=None, packages_up_to=None, packages_up_to_regex=None, packages_above=None, packages_above_and_dependencies=None, packages_above_depth=None, packages_select_by_dep=None, packages_skip_by_dep=None, packages_skip_up_to=None, packages_select_build_failed=False, packages_skip_build_finished=False, packages_select_test_failures=False, packages_skip_test_passed=False, packages_select=None, packages_skip=None, packages_select_regex=None, packages_skip_regex=None, packages_start=None, packages_end=None, allow_overriding=[], cmake_args=None, cmake_target=None, cmake_target_skip_unavailable=False, cmake_clean_cache=False, cmake_clean_first=False, cmake_force_configure=False, ament_cmake_args=None, catkin_cmake_args=None, catkin_skip_building_tests=False, verb_parser=<colcon_defaults.argument_parser.defaults.DefaultArgumentsDecorator object at 0x715763360e80>, verb_extension=<colcon_core.verb.build.BuildVerb object at 0x7157633609a0>, main=<bound method BuildVerb.main of <colcon_core.verb.build.BuildVerb object at 0x7157633609a0>>)
[0.141s] Level 1:colcon.colcon_core.package_discovery:discover_packages(colcon_meta) check parameters
[0.141s] Level 1:colcon.colcon_core.package_discovery:discover_packages(recursive) check parameters
[0.141s] Level 1:colcon.colcon_core.package_discovery:discover_packages(ignore) check parameters
[0.141s] Level 1:colcon.colcon_core.package_discovery:discover_packages(path) check parameters
[0.141s] Level 1:colcon.colcon_core.package_discovery:discover_packages(colcon_meta) discover
[0.141s] Level 1:colcon.colcon_core.package_discovery:discover_packages(recursive) discover
[0.141s] INFO:colcon.colcon_core.package_discovery:Crawling recursively for packages in '/home/srushtei/ros2_ws'
[0.141s] Level 1:colcon.colcon_core.package_identification:_identify(.) by extensions ['ignore', 'ignore_ament_install']
[0.141s] Level 1:colcon.colcon_core.package_identification:_identify(.) by extension 'ignore'
[0.141s] Level 1:colcon.colcon_core.package_identification:_identify(.) by extension 'ignore_ament_install'
[0.141s] Level 1:colcon.colcon_core.package_identification:_identify(.) by extensions ['colcon_pkg']
[0.141s] Level 1:colcon.colcon_core.package_identification:_identify(.) by extension 'colcon_pkg'
[0.141s] Level 1:colcon.colcon_core.package_identification:_identify(.) by extensions ['colcon_meta']
[0.141s] Level 1:colcon.colcon_core.package_identification:_identify(.) by extension 'colcon_meta'
[0.141s] Level 1:colcon.colcon_core.package_identification:_identify(.) by extensions ['ros']
[0.141s] Level 1:colcon.colcon_core.package_identification:_identify(.) by extension 'ros'
[0.148s] Level 1:colcon.colcon_core.package_identification:_identify(.) by extensions ['cmake', 'python']
[0.148s] Level 1:colcon.colcon_core.package_identification:_identify(.) by extension 'cmake'
[0.148s] Level 1:colcon.colcon_core.package_identification:_identify(.) by extension 'python'
[0.148s] Level 1:colcon.colcon_core.package_identification:_identify(.) by extensions ['python_setup_py']
[0.148s] Level 1:colcon.colcon_core.package_identification:_identify(.) by extension 'python_setup_py'
[0.148s] Level 1:colcon.colcon_core.package_identification:_identify(build) by extensions ['ignore', 'ignore_ament_install']
[0.148s] Level 1:colcon.colcon_core.package_identification:_identify(build) by extension 'ignore'
[0.148s] Level 1:colcon.colcon_core.package_identification:_identify(build) ignored
[0.148s] Level 1:colcon.colcon_core.package_identification:_identify(install) by extensions ['ignore', 'ignore_ament_install']
[0.148s] Level 1:colcon.colcon_core.package_identification:_identify(install) by extension 'ignore'
[0.148s] Level 1:colcon.colcon_core.package_identification:_identify(install) ignored
[0.148s] Level 1:colcon.colcon_core.package_identification:_identify(log) by extensions ['ignore', 'ignore_ament_install']
[0.148s] Level 1:colcon.colcon_core.package_identification:_identify(log) by extension 'ignore'
[0.148s] Level 1:colcon.colcon_core.package_identification:_identify(log) ignored
[0.148s] Level 1:colcon.colcon_core.package_identification:_identify(src) by extensions ['ignore', 'ignore_ament_install']
[0.148s] Level 1:colcon.colcon_core.package_identification:_identify(src) by extension 'ignore'
[0.148s] Level 1:colcon.colcon_core.package_identification:_identify(src) by extension 'ignore_ament_install'
[0.148s] Level 1:colcon.colcon_core.package_identification:_identify(src) by extensions ['colcon_pkg']
[0.148s] Level 1:colcon.colcon_core.package_identification:_identify(src) by extension 'colcon_pkg'
[0.148s] Level 1:colcon.colcon_core.package_identification:_identify(src) by extensions ['colcon_meta']
[0.148s] Level 1:colcon.colcon_core.package_identification:_identify(src) by extension 'colcon_meta'
[0.148s] Level 1:colcon.colcon_core.package_identification:_identify(src) by extensions ['ros']
[0.148s] Level 1:colcon.colcon_core.package_identification:_identify(src) by extension 'ros'
[0.148s] Level 1:colcon.colcon_core.package_identification:_identify(src) by extensions ['cmake', 'python']
[0.148s] Level 1:colcon.colcon_core.package_identification:_identify(src) by extension 'cmake'
[0.148s] Level 1:colcon.colcon_core.package_identification:_identify(src) by extension 'python'
[0.148s] Level 1:colcon.colcon_core.package_identification:_identify(src) by extensions ['python_setup_py']
[0.148s] Level 1:colcon.colcon_core.package_identification:_identify(src) by extension 'python_setup_py'
[0.148s] Level 1:colcon.colcon_core.package_identification:_identify(src/build) by extensions ['ignore', 'ignore_ament_install']
[0.148s] Level 1:colcon.colcon_core.package_identification:_identify(src/build) by extension 'ignore'
[0.148s] Level 1:colcon.colcon_core.package_identification:_identify(src/build) ignored
[0.148s] Level 1:colcon.colcon_core.package_identification:_identify(src/install) by extensions ['ignore', 'ignore_ament_install']
[0.149s] Level 1:colcon.colcon_core.package_identification:_identify(src/install) by extension 'ignore'
[0.149s] Level 1:colcon.colcon_core.package_identification:_identify(src/install) ignored
[0.149s] Level 1:colcon.colcon_core.package_identification:_identify(src/log) by extensions ['ignore', 'ignore_ament_install']
[0.149s] Level 1:colcon.colcon_core.package_identification:_identify(src/log) by extension 'ignore'
[0.149s] Level 1:colcon.colcon_core.package_identification:_identify(src/log) ignored
[0.149s] Level 1:colcon.colcon_core.package_identification:_identify(src/my_robot_arm) by extensions ['ignore', 'ignore_ament_install']
[0.149s] Level 1:colcon.colcon_core.package_identification:_identify(src/my_robot_arm) by extension 'ignore'
[0.149s] Level 1:colcon.colcon_core.package_identification:_identify(src/my_robot_arm) by extension 'ignore_ament_install'
[0.149s] Level 1:colcon.colcon_core.package_identification:_identify(src/my_robot_arm) by extensions ['colcon_pkg']
[0.149s] Level 1:colcon.colcon_core.package_identification:_identify(src/my_robot_arm) by extension 'colcon_pkg'
[0.149s] Level 1:colcon.colcon_core.package_identification:_identify(src/my_robot_arm) by extensions ['colcon_meta']
[0.149s] Level 1:colcon.colcon_core.package_identification:_identify(src/my_robot_arm) by extension 'colcon_meta'
[0.149s] Level 1:colcon.colcon_core.package_identification:_identify(src/my_robot_arm) by extensions ['ros']
[0.149s] Level 1:colcon.colcon_core.package_identification:_identify(src/my_robot_arm) by extension 'ros'
[0.150s] DEBUG:colcon.colcon_core.package_identification:Package 'src/my_robot_arm' with type 'ros.ament_cmake' and name 'my_robot_arm'
[0.150s] Level 1:colcon.colcon_core.package_identification:_identify(src/turtlebot_keyboard_control) by extensions ['ignore', 'ignore_ament_install']
[0.150s] Level 1:colcon.colcon_core.package_identification:_identify(src/turtlebot_keyboard_control) by extension 'ignore'
[0.150s] Level 1:colcon.colcon_core.package_identification:_identify(src/turtlebot_keyboard_control) by extension 'ignore_ament_install'
[0.150s] Level 1:colcon.colcon_core.package_identification:_identify(src/turtlebot_keyboard_control) by extensions ['colcon_pkg']
[0.150s] Level 1:colcon.colcon_core.package_identification:_identify(src/turtlebot_keyboard_control) by extension 'colcon_pkg'
[0.150s] Level 1:colcon.colcon_core.package_identification:_identify(src/turtlebot_keyboard_control) by extensions ['colcon_meta']
[0.150s] Level 1:colcon.colcon_core.package_identification:_identify(src/turtlebot_keyboard_control) by extension 'colcon_meta'
[0.150s] Level 1:colcon.colcon_core.package_identification:_identify(src/turtlebot_keyboard_control) by extensions ['ros']
[0.151s] Level 1:colcon.colcon_core.package_identification:_identify(src/turtlebot_keyboard_control) by extension 'ros'
[0.151s] DEBUG:colcon.colcon_core.package_identification:Package 'src/turtlebot_keyboard_control' with type 'ros.ament_python' and name 'turtlebot_keyboard_control'
[0.151s] Level 1:colcon.colcon_core.package_identification:_identify(src/turtlebot_sine_trajectory) by extensions ['ignore', 'ignore_ament_install']
[0.151s] Level 1:colcon.colcon_core.package_identification:_identify(src/turtlebot_sine_trajectory) by extension 'ignore'
[0.151s] Level 1:colcon.colcon_core.package_identification:_identify(src/turtlebot_sine_trajectory) by extension 'ignore_ament_install'
[0.151s] Level 1:colcon.colcon_core.package_identification:_identify(src/turtlebot_sine_trajectory) by extensions ['colcon_pkg']
[0.151s] Level 1:colcon.colcon_core.package_identification:_identify(src/turtlebot_sine_trajectory) by extension 'colcon_pkg'
[0.151s] Level 1:colcon.colcon_core.package_identification:_identify(src/turtlebot_sine_trajectory) by extensions ['colcon_meta']
[0.151s] Level 1:colcon.colcon_core.package_identification:_identify(src/turtlebot_sine_trajectory) by extension 'colcon_meta'
[0.151s] Level 1:colcon.colcon_core.package_identification:_identify(src/turtlebot_sine_trajectory) by extensions ['ros']
[0.151s] Level 1:colcon.colcon_core.package_identification:_identify(src/turtlebot_sine_trajectory) by extension 'ros'
[0.151s] DEBUG:colcon.colcon_core.package_identification:Package 'src/turtlebot_sine_trajectory' with type 'ros.ament_python' and name 'turtlebot_sine_trajectory'
[0.151s] Level 1:colcon.colcon_core.package_discovery:discover_packages(recursive) using defaults
[0.151s] Level 1:colcon.colcon_core.package_discovery:discover_packages(ignore) discover
[0.151s] Level 1:colcon.colcon_core.package_discovery:discover_packages(ignore) using defaults
[0.151s] Level 1:colcon.colcon_core.package_discovery:discover_packages(path) discover
[0.151s] Level 1:colcon.colcon_core.package_discovery:discover_packages(path) using defaults
[0.162s] Level 1:colcon.colcon_core.package_discovery:discover_packages(prefix_path) check parameters
[0.162s] Level 1:colcon.colcon_core.package_discovery:discover_packages(prefix_path) discover
[0.162s] WARNING:colcon.colcon_ros.prefix_path.ament:The path '/home/srushtei/ros2_ws/install/my_robot_arm' in the environment variable AMENT_PREFIX_PATH doesn't exist
[0.162s] WARNING:colcon.colcon_ros.prefix_path.ament:The path '/home/srushtei/ros2_ws/install/turtlebot_sine_trajectory' in the environment variable AMENT_PREFIX_PATH doesn't exist
[0.162s] WARNING:colcon.colcon_ros.prefix_path.catkin:The path '/home/srushtei/ros2_ws/install/my_robot_arm' in the environment variable CMAKE_PREFIX_PATH doesn't exist
[0.163s] DEBUG:colcon.colcon_installed_package_information.package_discovery:Found 0 installed packages in /home/srushtei/ros2_ws/install
[0.163s] DEBUG:colcon.colcon_installed_package_information.package_discovery:Found 423 installed packages in /opt/ros/humble
[0.172s] Level 1:colcon.colcon_core.package_discovery:discover_packages(prefix_path) using defaults
[0.203s] Level 5:colcon.colcon_core.verb:set package 'my_robot_arm' build argument 'cmake_args' from command line to 'None'
[0.203s] Level 5:colcon.colcon_core.verb:set package 'my_robot_arm' build argument 'cmake_target' from command line to 'None'
[0.203s] Level 5:colcon.colcon_core.verb:set package 'my_robot_arm' build argument 'cmake_target_skip_unavailable' from command line to 'False'
[0.203s] Level 5:colcon.colcon_core.verb:set package 'my_robot_arm' build argument 'cmake_clean_cache' from command line to 'False'
[0.203s] Level 5:colcon.colcon_core.verb:set package 'my_robot_arm' build argument 'cmake_clean_first' from command line to 'False'
[0.203s] Level 5:colcon.colcon_core.verb:set package 'my_robot_arm' build argument 'cmake_force_configure' from command line to 'False'
[0.203s] Level 5:colcon.colcon_core.verb:set package 'my_robot_arm' build argument 'ament_cmake_args' from command line to 'None'
[0.203s] Level 5:colcon.colcon_core.verb:set package 'my_robot_arm' build argument 'catkin_cmake_args' from command line to 'None'
[0.203s] Level 5:colcon.colcon_core.verb:set package 'my_robot_arm' build argument 'catkin_skip_building_tests' from command line to 'False'
[0.203s] DEBUG:colcon.colcon_core.verb:Building package 'my_robot_arm' with the following arguments: {'ament_cmake_args': None, 'build_base': '/home/srushtei/ros2_ws/build/my_robot_arm', 'catkin_cmake_args': None, 'catkin_skip_building_tests': False, 'cmake_args': None, 'cmake_clean_cache': False, 'cmake_clean_first': False, 'cmake_force_configure': False, 'cmake_target': None, 'cmake_target_skip_unavailable': False, 'install_base': '/home/srushtei/ros2_ws/install/my_robot_arm', 'merge_install': False, 'path': '/home/srushtei/ros2_ws/src/my_robot_arm', 'symlink_install': False, 'test_result_base': None}
[0.204s] Level 5:colcon.colcon_core.verb:set package 'turtlebot_keyboard_control' build argument 'cmake_args' from command line to 'None'
[0.204s] Level 5:colcon.colcon_core.verb:set package 'turtlebot_keyboard_control' build argument 'cmake_target' from command line to 'None'
[0.204s] Level 5:colcon.colcon_core.verb:set package 'turtlebot_keyboard_control' build argument 'cmake_target_skip_unavailable' from command line to 'False'
[0.204s] Level 5:colcon.colcon_core.verb:set package 'turtlebot_keyboard_control' build argument 'cmake_clean_cache' from command line to 'False'
[0.204s] Level 5:colcon.colcon_core.verb:set package 'turtlebot_keyboard_control' build argument 'cmake_clean_first' from command line to 'False'
[0.204s] Level 5:colcon.colcon_core.verb:set package 'turtlebot_keyboard_control' build argument 'cmake_force_configure' from command line to 'False'
[0.204s] Level 5:colcon.colcon_core.verb:set package 'turtlebot_keyboard_control' build argument 'ament_cmake_args' from command line to 'None'
[0.204s] Level 5:colcon.colcon_core.verb:set package 'turtlebot_keyboard_control' build argument 'catkin_cmake_args' from command line to 'None'
[0.204s] Level 5:colcon.colcon_core.verb:set package 'turtlebot_keyboard_control' build argument 'catkin_skip_building_tests' from command line to 'False'
[0.204s] DEBUG:colcon.colcon_core.verb:Building package 'turtlebot_keyboard_control' with the following arguments: {'ament_cmake_args': None, 'build_base': '/home/srushtei/ros2_ws/build/turtlebot_keyboard_control', 'catkin_cmake_args': None, 'catkin_skip_building_tests': False, 'cmake_args': None, 'cmake_clean_cache': False, 'cmake_clean_first': False, 'cmake_force_configure': False, 'cmake_target': None, 'cmake_target_skip_unavailable': False, 'install_base': '/home/srushtei/ros2_ws/install/turtlebot_keyboard_control', 'merge_install': False, 'path': '/home/srushtei/ros2_ws/src/turtlebot_keyboard_control', 'symlink_install': False, 'test_result_base': None}
[0.204s] Level 5:colcon.colcon_core.verb:set package 'turtlebot_sine_trajectory' build argument 'cmake_args' from command line to 'None'
[0.204s] Level 5:colcon.colcon_core.verb:set package 'turtlebot_sine_trajectory' build argument 'cmake_target' from command line to 'None'
[0.204s] Level 5:colcon.colcon_core.verb:set package 'turtlebot_sine_trajectory' build argument 'cmake_target_skip_unavailable' from command line to 'False'
[0.204s] Level 5:colcon.colcon_core.verb:set package 'turtlebot_sine_trajectory' build argument 'cmake_clean_cache' from command line to 'False'
[0.204s] Level 5:colcon.colcon_core.verb:set package 'turtlebot_sine_trajectory' build argument 'cmake_clean_first' from command line to 'False'
[0.204s] Level 5:colcon.colcon_core.verb:set package 'turtlebot_sine_trajectory' build argument 'cmake_force_configure' from command line to 'False'
[0.204s] Level 5:colcon.colcon_core.verb:set package 'turtlebot_sine_trajectory' build argument 'ament_cmake_args' from command line to 'None'
[0.204s] Level 5:colcon.colcon_core.verb:set package 'turtlebot_sine_trajectory' build argument 'catkin_cmake_args' from command line to 'None'
[0.204s] Level 5:colcon.colcon_core.verb:set package 'turtlebot_sine_trajectory' build argument 'catkin_skip_building_tests' from command line to 'False'
[0.204s] DEBUG:colcon.colcon_core.verb:Building package 'turtlebot_sine_trajectory' with the following arguments: {'ament_cmake_args': None, 'build_base': '/home/srushtei/ros2_ws/build/turtlebot_sine_trajectory', 'catkin_cmake_args': None, 'catkin_skip_building_tests': False, 'cmake_args': None, 'cmake_clean_cache': False, 'cmake_clean_first': False, 'cmake_force_configure': False, 'cmake_target': None, 'cmake_target_skip_unavailable': False, 'install_base': '/home/srushtei/ros2_ws/install/turtlebot_sine_trajectory', 'merge_install': False, 'path': '/home/srushtei/ros2_ws/src/turtlebot_sine_trajectory', 'symlink_install': False, 'test_result_base': None}
[0.205s] INFO:colcon.colcon_core.executor:Executing jobs using 'parallel' executor
[0.206s] DEBUG:colcon.colcon_parallel_executor.executor.parallel:run_until_complete
[0.206s] INFO:colcon.colcon_ros.task.ament_cmake.build:Building ROS package in '/home/srushtei/ros2_ws/src/my_robot_arm' with build type 'ament_cmake'
[0.206s] INFO:colcon.colcon_cmake.task.cmake.build:Building CMake package in '/home/srushtei/ros2_ws/src/my_robot_arm'
[0.208s] INFO:colcon.colcon_core.plugin_system:Skipping extension 'colcon_core.shell.bat': Not used on non-Windows systems
[0.208s] INFO:colcon.colcon_core.shell:Skip shell extension 'powershell' for command environment: Not usable outside of PowerShell
[0.208s] DEBUG:colcon.colcon_core.shell:Skip shell extension 'dsv' for command environment
[0.211s] INFO:colcon.colcon_ros.task.ament_python.build:Building ROS package in '/home/srushtei/ros2_ws/src/turtlebot_keyboard_control' with build type 'ament_python'
[0.211s] Level 1:colcon.colcon_core.shell:create_environment_hook('turtlebot_keyboard_control', 'ament_prefix_path')
[0.211s] INFO:colcon.colcon_core.shell:Creating environment hook '/home/srushtei/ros2_ws/install/turtlebot_keyboard_control/share/turtlebot_keyboard_control/hook/ament_prefix_path.ps1'
[0.212s] INFO:colcon.colcon_core.shell:Creating environment descriptor '/home/srushtei/ros2_ws/install/turtlebot_keyboard_control/share/turtlebot_keyboard_control/hook/ament_prefix_path.dsv'
[0.212s] INFO:colcon.colcon_core.shell:Creating environment hook '/home/srushtei/ros2_ws/install/turtlebot_keyboard_control/share/turtlebot_keyboard_control/hook/ament_prefix_path.sh'
[0.213s] INFO:colcon.colcon_core.shell:Skip shell extension 'powershell' for command environment: Not usable outside of PowerShell
[0.213s] DEBUG:colcon.colcon_core.shell:Skip shell extension 'dsv' for command environment
[0.216s] INFO:colcon.colcon_ros.task.ament_python.build:Building ROS package in '/home/srushtei/ros2_ws/src/turtlebot_sine_trajectory' with build type 'ament_python'
[0.216s] Level 1:colcon.colcon_core.shell:create_environment_hook('turtlebot_sine_trajectory', 'ament_prefix_path')
[0.216s] INFO:colcon.colcon_core.shell:Creating environment hook '/home/srushtei/ros2_ws/install/turtlebot_sine_trajectory/share/turtlebot_sine_trajectory/hook/ament_prefix_path.ps1'
[0.217s] INFO:colcon.colcon_core.shell:Creating environment descriptor '/home/srushtei/ros2_ws/install/turtlebot_sine_trajectory/share/turtlebot_sine_trajectory/hook/ament_prefix_path.dsv'
[0.217s] INFO:colcon.colcon_core.shell:Creating environment hook '/home/srushtei/ros2_ws/install/turtlebot_sine_trajectory/share/turtlebot_sine_trajectory/hook/ament_prefix_path.sh'
[0.218s] INFO:colcon.colcon_core.shell:Skip shell extension 'powershell' for command environment: Not usable outside of PowerShell
[0.218s] DEBUG:colcon.colcon_core.shell:Skip shell extension 'dsv' for command environment
[0.224s] DEBUG:colcon.colcon_core.event_handler.log_command:Invoking command in '/home/srushtei/ros2_ws/build/my_robot_arm': CMAKE_PREFIX_PATH=${CMAKE_PREFIX_PATH}:/home/srushtei/ros2_ws/install/turtlebot_sine_trajectory:/opt/ros/humble /usr/bin/cmake /home/srushtei/ros2_ws/src/my_robot_arm -DCMAKE_INSTALL_PREFIX=/home/srushtei/ros2_ws/install/my_robot_arm
[0.375s] WARNING:colcon.colcon_ros.task.ament_python.build:Package 'turtlebot_keyboard_control' doesn't explicitly install a marker in the package index (colcon-ros currently does it implicitly but that fallback will be removed in the future)
[0.376s] WARNING:colcon.colcon_ros.task.ament_python.build:Package 'turtlebot_keyboard_control' doesn't explicitly install the 'package.xml' file (colcon-ros currently does it implicitly but that fallback will be removed in the future)
[0.376s] INFO:colcon.colcon_core.task.python.build:Building Python package in '/home/srushtei/ros2_ws/src/turtlebot_keyboard_control'
[0.376s] INFO:colcon.colcon_core.shell:Skip shell extension 'powershell' for command environment: Not usable outside of PowerShell
[0.376s] DEBUG:colcon.colcon_core.shell:Skip shell extension 'dsv' for command environment
[0.522s] WARNING:colcon.colcon_ros.task.ament_python.build:Package 'turtlebot_sine_trajectory' doesn't explicitly install a marker in the package index (colcon-ros currently does it implicitly but that fallback will be removed in the future)
[0.522s] WARNING:colcon.colcon_ros.task.ament_python.build:Package 'turtlebot_sine_trajectory' doesn't explicitly install the 'package.xml' file (colcon-ros currently does it implicitly but that fallback will be removed in the future)
[0.522s] INFO:colcon.colcon_core.task.python.build:Building Python package in '/home/srushtei/ros2_ws/src/turtlebot_sine_trajectory'
[0.522s] INFO:colcon.colcon_core.shell:Skip shell extension 'powershell' for command environment: Not usable outside of PowerShell
[0.522s] DEBUG:colcon.colcon_core.shell:Skip shell extension 'dsv' for command environment
[0.752s] DEBUG:colcon.colcon_core.event_handler.log_command:Invoking command in '/home/srushtei/ros2_ws/src/turtlebot_sine_trajectory': PYTHONPATH=/home/srushtei/ros2_ws/build/turtlebot_sine_trajectory/prefix_override:/usr/lib/python3/dist-packages/colcon_core/task/python/colcon_distutils_commands:/home/srushtei/ros2_ws/install/turtlebot_sine_trajectory/lib/python3.10/site-packages:${PYTHONPATH} /usr/bin/python3 -W ignore:setup.py install is deprecated setup.py egg_info --egg-base ../../build/turtlebot_sine_trajectory build --build-base /home/srushtei/ros2_ws/build/turtlebot_sine_trajectory/build install --record /home/srushtei/ros2_ws/build/turtlebot_sine_trajectory/install.log --single-version-externally-managed
[0.775s] DEBUG:colcon.colcon_core.event_handler.log_command:Invoking command in '/home/srushtei/ros2_ws/src/turtlebot_keyboard_control': PYTHONPATH=/home/srushtei/ros2_ws/build/turtlebot_keyboard_control/prefix_override:/usr/lib/python3/dist-packages/colcon_core/task/python/colcon_distutils_commands:/home/srushtei/ros2_ws/install/turtlebot_keyboard_control/lib/python3.10/site-packages:${PYTHONPATH} /usr/bin/python3 -W ignore:setup.py install is deprecated setup.py egg_info --egg-base ../../build/turtlebot_keyboard_control build --build-base /home/srushtei/ros2_ws/build/turtlebot_keyboard_control/build install --record /home/srushtei/ros2_ws/build/turtlebot_keyboard_control/install.log --single-version-externally-managed
[0.944s] DEBUG:colcon.colcon_core.event_handler.log_command:Invoked command in '/home/srushtei/ros2_ws/src/turtlebot_sine_trajectory' returned '0': PYTHONPATH=/home/srushtei/ros2_ws/build/turtlebot_sine_trajectory/prefix_override:/usr/lib/python3/dist-packages/colcon_core/task/python/colcon_distutils_commands:/home/srushtei/ros2_ws/install/turtlebot_sine_trajectory/lib/python3.10/site-packages:${PYTHONPATH} /usr/bin/python3 -W ignore:setup.py install is deprecated setup.py egg_info --egg-base ../../build/turtlebot_sine_trajectory build --build-base /home/srushtei/ros2_ws/build/turtlebot_sine_trajectory/build install --record /home/srushtei/ros2_ws/build/turtlebot_sine_trajectory/install.log --single-version-externally-managed
[0.947s] Level 1:colcon.colcon_core.environment:checking '/home/srushtei/ros2_ws/install/turtlebot_sine_trajectory' for CMake module files
[0.947s] Level 1:colcon.colcon_core.environment:checking '/home/srushtei/ros2_ws/install/turtlebot_sine_trajectory' for CMake config files
[0.948s] Level 1:colcon.colcon_core.environment:checking '/home/srushtei/ros2_ws/install/turtlebot_sine_trajectory/lib'
[0.948s] Level 1:colcon.colcon_core.environment:checking '/home/srushtei/ros2_ws/install/turtlebot_sine_trajectory/bin'
[0.948s] Level 1:colcon.colcon_core.environment:checking '/home/srushtei/ros2_ws/install/turtlebot_sine_trajectory/lib/pkgconfig/turtlebot_sine_trajectory.pc'
[0.948s] Level 1:colcon.colcon_core.environment:checking '/home/srushtei/ros2_ws/install/turtlebot_sine_trajectory/lib/python3.10/site-packages'
[0.948s] Level 1:colcon.colcon_core.shell:create_environment_hook('turtlebot_sine_trajectory', 'pythonpath')
[0.948s] INFO:colcon.colcon_core.shell:Creating environment hook '/home/srushtei/ros2_ws/install/turtlebot_sine_trajectory/share/turtlebot_sine_trajectory/hook/pythonpath.ps1'
[0.949s] INFO:colcon.colcon_core.shell:Creating environment descriptor '/home/srushtei/ros2_ws/install/turtlebot_sine_trajectory/share/turtlebot_sine_trajectory/hook/pythonpath.dsv'
[0.949s] INFO:colcon.colcon_core.shell:Creating environment hook '/home/srushtei/ros2_ws/install/turtlebot_sine_trajectory/share/turtlebot_sine_trajectory/hook/pythonpath.sh'
[0.950s] Level 1:colcon.colcon_core.environment:checking '/home/srushtei/ros2_ws/install/turtlebot_sine_trajectory/bin'
[0.950s] Level 1:colcon.colcon_core.environment:create_environment_scripts_only(turtlebot_sine_trajectory)
[0.950s] INFO:colcon.colcon_core.shell:Creating package script '/home/srushtei/ros2_ws/install/turtlebot_sine_trajectory/share/turtlebot_sine_trajectory/package.ps1'
[0.951s] INFO:colcon.colcon_core.shell:Creating package descriptor '/home/srushtei/ros2_ws/install/turtlebot_sine_trajectory/share/turtlebot_sine_trajectory/package.dsv'
[0.951s] INFO:colcon.colcon_core.shell:Creating package script '/home/srushtei/ros2_ws/install/turtlebot_sine_trajectory/share/turtlebot_sine_trajectory/package.sh'
[0.952s] INFO:colcon.colcon_core.shell:Creating package script '/home/srushtei/ros2_ws/install/turtlebot_sine_trajectory/share/turtlebot_sine_trajectory/package.bash'
[0.953s] INFO:colcon.colcon_core.shell:Creating package script '/home/srushtei/ros2_ws/install/turtlebot_sine_trajectory/share/turtlebot_sine_trajectory/package.zsh'
[0.953s] Level 1:colcon.colcon_core.environment:create_file_with_runtime_dependencies(/home/srushtei/ros2_ws/install/turtlebot_sine_trajectory/share/colcon-core/packages/turtlebot_sine_trajectory)
[0.957s] Level 1:colcon.colcon_core.environment:checking '/home/srushtei/ros2_ws/install/turtlebot_keyboard_control' for CMake module files
[0.957s] DEBUG:colcon.colcon_core.event_handler.log_command:Invoked command in '/home/srushtei/ros2_ws/src/turtlebot_keyboard_control' returned '0': PYTHONPATH=/home/srushtei/ros2_ws/build/turtlebot_keyboard_control/prefix_override:/usr/lib/python3/dist-packages/colcon_core/task/python/colcon_distutils_commands:/home/srushtei/ros2_ws/install/turtlebot_keyboard_control/lib/python3.10/site-packages:${PYTHONPATH} /usr/bin/python3 -W ignore:setup.py install is deprecated setup.py egg_info --egg-base ../../build/turtlebot_keyboard_control build --build-base /home/srushtei/ros2_ws/build/turtlebot_keyboard_control/build install --record /home/srushtei/ros2_ws/build/turtlebot_keyboard_control/install.log --single-version-externally-managed
[0.957s] Level 1:colcon.colcon_core.environment:checking '/home/srushtei/ros2_ws/install/turtlebot_keyboard_control' for CMake config files
[0.958s] Level 1:colcon.colcon_core.environment:checking '/home/srushtei/ros2_ws/install/turtlebot_keyboard_control/lib'
[0.958s] Level 1:colcon.colcon_core.environment:checking '/home/srushtei/ros2_ws/install/turtlebot_keyboard_control/bin'
[0.958s] Level 1:colcon.colcon_core.environment:checking '/home/srushtei/ros2_ws/install/turtlebot_keyboard_control/lib/pkgconfig/turtlebot_keyboard_control.pc'
[0.958s] Level 1:colcon.colcon_core.environment:checking '/home/srushtei/ros2_ws/install/turtlebot_keyboard_control/lib/python3.10/site-packages'
[0.958s] Level 1:colcon.colcon_core.shell:create_environment_hook('turtlebot_keyboard_control', 'pythonpath')
[0.958s] INFO:colcon.colcon_core.shell:Creating environment hook '/home/srushtei/ros2_ws/install/turtlebot_keyboard_control/share/turtlebot_keyboard_control/hook/pythonpath.ps1'
[0.959s] INFO:colcon.colcon_core.shell:Creating environment descriptor '/home/srushtei/ros2_ws/install/turtlebot_keyboard_control/share/turtlebot_keyboard_control/hook/pythonpath.dsv'
[0.959s] INFO:colcon.colcon_core.shell:Creating environment hook '/home/srushtei/ros2_ws/install/turtlebot_keyboard_control/share/turtlebot_keyboard_control/hook/pythonpath.sh'
[0.959s] Level 1:colcon.colcon_core.environment:checking '/home/srushtei/ros2_ws/install/turtlebot_keyboard_control/bin'
[0.959s] Level 1:colcon.colcon_core.environment:create_environment_scripts_only(turtlebot_keyboard_control)
[0.959s] INFO:colcon.colcon_core.shell:Creating package script '/home/srushtei/ros2_ws/install/turtlebot_keyboard_control/share/turtlebot_keyboard_control/package.ps1'
[0.960s] INFO:colcon.colcon_core.shell:Creating package descriptor '/home/srushtei/ros2_ws/install/turtlebot_keyboard_control/share/turtlebot_keyboard_control/package.dsv'
[0.960s] INFO:colcon.colcon_core.shell:Creating package script '/home/srushtei/ros2_ws/install/turtlebot_keyboard_control/share/turtlebot_keyboard_control/package.sh'
[0.960s] INFO:colcon.colcon_core.shell:Creating package script '/home/srushtei/ros2_ws/install/turtlebot_keyboard_control/share/turtlebot_keyboard_control/package.bash'
[0.960s] INFO:colcon.colcon_core.shell:Creating package script '/home/srushtei/ros2_ws/install/turtlebot_keyboard_control/share/turtlebot_keyboard_control/package.zsh'
[0.960s] Level 1:colcon.colcon_core.environment:create_file_with_runtime_dependencies(/home/srushtei/ros2_ws/install/turtlebot_keyboard_control/share/colcon-core/packages/turtlebot_keyboard_control)
[2.943s] DEBUG:colcon.colcon_core.event_handler.log_command:Invoked command in '/home/srushtei/ros2_ws/build/my_robot_arm' returned '0': CMAKE_PREFIX_PATH=${CMAKE_PREFIX_PATH}:/home/srushtei/ros2_ws/install/turtlebot_sine_trajectory:/opt/ros/humble /usr/bin/cmake /home/srushtei/ros2_ws/src/my_robot_arm -DCMAKE_INSTALL_PREFIX=/home/srushtei/ros2_ws/install/my_robot_arm
[2.945s] DEBUG:colcon.colcon_core.event_handler.log_command:Invoking command in '/home/srushtei/ros2_ws/build/my_robot_arm': CMAKE_PREFIX_PATH=${CMAKE_PREFIX_PATH}:/home/srushtei/ros2_ws/install/turtlebot_sine_trajectory:/opt/ros/humble /usr/bin/cmake --build /home/srushtei/ros2_ws/build/my_robot_arm -- -j12 -l12
[7.241s] DEBUG:colcon.colcon_core.event_handler.log_command:Invoked command in '/home/srushtei/ros2_ws/build/my_robot_arm' returned '0': CMAKE_PREFIX_PATH=${CMAKE_PREFIX_PATH}:/home/srushtei/ros2_ws/install/turtlebot_sine_trajectory:/opt/ros/humble /usr/bin/cmake --build /home/srushtei/ros2_ws/build/my_robot_arm -- -j12 -l12
[7.269s] DEBUG:colcon.colcon_core.event_handler.log_command:Invoking command in '/home/srushtei/ros2_ws/build/my_robot_arm': CMAKE_PREFIX_PATH=${CMAKE_PREFIX_PATH}:/home/srushtei/ros2_ws/install/turtlebot_sine_trajectory:/opt/ros/humble /usr/bin/cmake --install /home/srushtei/ros2_ws/build/my_robot_arm
[7.275s] Level 1:colcon.colcon_core.environment:create_environment_scripts_only(my_robot_arm)
[7.276s] DEBUG:colcon.colcon_core.event_handler.log_command:Invoked command in '/home/srushtei/ros2_ws/build/my_robot_arm' returned '0': CMAKE_PREFIX_PATH=${CMAKE_PREFIX_PATH}:/home/srushtei/ros2_ws/install/turtlebot_sine_trajectory:/opt/ros/humble /usr/bin/cmake --install /home/srushtei/ros2_ws/build/my_robot_arm
[7.276s] Level 1:colcon.colcon_core.environment:checking '/home/srushtei/ros2_ws/install/my_robot_arm' for CMake module files
[7.276s] Level 1:colcon.colcon_core.environment:checking '/home/srushtei/ros2_ws/install/my_robot_arm' for CMake config files
[7.277s] Level 1:colcon.colcon_core.shell:create_environment_hook('my_robot_arm', 'cmake_prefix_path')
[7.277s] INFO:colcon.colcon_core.shell:Creating environment hook '/home/srushtei/ros2_ws/install/my_robot_arm/share/my_robot_arm/hook/cmake_prefix_path.ps1'
[7.277s] INFO:colcon.colcon_core.shell:Creating environment descriptor '/home/srushtei/ros2_ws/install/my_robot_arm/share/my_robot_arm/hook/cmake_prefix_path.dsv'
[7.277s] INFO:colcon.colcon_core.shell:Creating environment hook '/home/srushtei/ros2_ws/install/my_robot_arm/share/my_robot_arm/hook/cmake_prefix_path.sh'
[7.278s] Level 1:colcon.colcon_core.environment:checking '/home/srushtei/ros2_ws/install/my_robot_arm/lib'
[7.278s] Level 1:colcon.colcon_core.environment:checking '/home/srushtei/ros2_ws/install/my_robot_arm/bin'
[7.278s] Level 1:colcon.colcon_core.environment:checking '/home/srushtei/ros2_ws/install/my_robot_arm/lib/pkgconfig/my_robot_arm.pc'
[7.278s] Level 1:colcon.colcon_core.environment:checking '/home/srushtei/ros2_ws/install/my_robot_arm/lib/python3.10/site-packages'
[7.278s] Level 1:colcon.colcon_core.environment:checking '/home/srushtei/ros2_ws/install/my_robot_arm/bin'
[7.279s] INFO:colcon.colcon_core.shell:Creating package script '/home/srushtei/ros2_ws/install/my_robot_arm/share/my_robot_arm/package.ps1'
[7.279s] INFO:colcon.colcon_core.shell:Creating package descriptor '/home/srushtei/ros2_ws/install/my_robot_arm/share/my_robot_arm/package.dsv'
[7.279s] INFO:colcon.colcon_core.shell:Creating package script '/home/srushtei/ros2_ws/install/my_robot_arm/share/my_robot_arm/package.sh'
[7.280s] INFO:colcon.colcon_core.shell:Creating package script '/home/srushtei/ros2_ws/install/my_robot_arm/share/my_robot_arm/package.bash'
[7.280s] INFO:colcon.colcon_core.shell:Creating package script '/home/srushtei/ros2_ws/install/my_robot_arm/share/my_robot_arm/package.zsh'
[7.280s] Level 1:colcon.colcon_core.environment:create_file_with_runtime_dependencies(/home/srushtei/ros2_ws/install/my_robot_arm/share/colcon-core/packages/my_robot_arm)
[7.303s] Level 1:colcon.colcon_core.environment:create_environment_scripts_only(my_robot_arm)
[7.303s] Level 1:colcon.colcon_core.environment:checking '/home/srushtei/ros2_ws/install/my_robot_arm' for CMake module files
[7.304s] Level 1:colcon.colcon_core.environment:checking '/home/srushtei/ros2_ws/install/my_robot_arm' for CMake config files
[7.304s] Level 1:colcon.colcon_core.shell:create_environment_hook('my_robot_arm', 'cmake_prefix_path')
[7.304s] INFO:colcon.colcon_core.shell:Creating environment hook '/home/srushtei/ros2_ws/install/my_robot_arm/share/my_robot_arm/hook/cmake_prefix_path.ps1'
[7.304s] INFO:colcon.colcon_core.shell:Creating environment descriptor '/home/srushtei/ros2_ws/install/my_robot_arm/share/my_robot_arm/hook/cmake_prefix_path.dsv'
[7.305s] INFO:colcon.colcon_core.shell:Creating environment hook '/home/srushtei/ros2_ws/install/my_robot_arm/share/my_robot_arm/hook/cmake_prefix_path.sh'
[7.305s] Level 1:colcon.colcon_core.environment:checking '/home/srushtei/ros2_ws/install/my_robot_arm/lib'
[7.305s] Level 1:colcon.colcon_core.environment:checking '/home/srushtei/ros2_ws/install/my_robot_arm/bin'
[7.305s] Level 1:colcon.colcon_core.environment:checking '/home/srushtei/ros2_ws/install/my_robot_arm/lib/pkgconfig/my_robot_arm.pc'
[7.305s] Level 1:colcon.colcon_core.environment:checking '/home/srushtei/ros2_ws/install/my_robot_arm/lib/python3.10/site-packages'
[7.305s] Level 1:colcon.colcon_core.environment:checking '/home/srushtei/ros2_ws/install/my_robot_arm/bin'
[7.305s] INFO:colcon.colcon_core.shell:Creating package script '/home/srushtei/ros2_ws/install/my_robot_arm/share/my_robot_arm/package.ps1'
[7.306s] INFO:colcon.colcon_core.shell:Creating package descriptor '/home/srushtei/ros2_ws/install/my_robot_arm/share/my_robot_arm/package.dsv'
[7.306s] INFO:colcon.colcon_core.shell:Creating package script '/home/srushtei/ros2_ws/install/my_robot_arm/share/my_robot_arm/package.sh'
[7.306s] INFO:colcon.colcon_core.shell:Creating package script '/home/srushtei/ros2_ws/install/my_robot_arm/share/my_robot_arm/package.bash'
[7.306s] INFO:colcon.colcon_core.shell:Creating package script '/home/srushtei/ros2_ws/install/my_robot_arm/share/my_robot_arm/package.zsh'
[7.306s] Level 1:colcon.colcon_core.environment:create_file_with_runtime_dependencies(/home/srushtei/ros2_ws/install/my_robot_arm/share/colcon-core/packages/my_robot_arm)
[7.306s] DEBUG:colcon.colcon_parallel_executor.executor.parallel:closing loop
[7.307s] DEBUG:colcon.colcon_parallel_executor.executor.parallel:loop closed
[7.307s] DEBUG:colcon.colcon_parallel_executor.executor.parallel:run_until_complete finished with '0'
[7.307s] DEBUG:colcon.colcon_core.event_reactor:joining thread
[7.310s] INFO:colcon.colcon_core.plugin_system:Skipping extension 'colcon_notification.desktop_notification.terminal_notifier': Not used on non-Darwin systems
[7.310s] INFO:colcon.colcon_core.plugin_system:Skipping extension 'colcon_notification.desktop_notification.win32': Not used on non-Windows systems
[7.310s] INFO:colcon.colcon_notification.desktop_notification:Sending desktop notification using 'notify2'
[7.318s] DEBUG:colcon.colcon_core.event_reactor:joined thread
[7.318s] INFO:colcon.colcon_core.shell:Creating prefix script '/home/srushtei/ros2_ws/install/local_setup.ps1'
[7.319s] INFO:colcon.colcon_core.shell:Creating prefix util module '/home/srushtei/ros2_ws/install/_local_setup_util_ps1.py'
[7.319s] INFO:colcon.colcon_core.shell:Creating prefix chain script '/home/srushtei/ros2_ws/install/setup.ps1'
[7.320s] INFO:colcon.colcon_core.shell:Creating prefix script '/home/srushtei/ros2_ws/install/local_setup.sh'
[7.320s] INFO:colcon.colcon_core.shell:Creating prefix util module '/home/srushtei/ros2_ws/install/_local_setup_util_sh.py'
[7.320s] INFO:colcon.colcon_core.shell:Creating prefix chain script '/home/srushtei/ros2_ws/install/setup.sh'
[7.321s] INFO:colcon.colcon_core.shell:Creating prefix script '/home/srushtei/ros2_ws/install/local_setup.bash'
[7.321s] INFO:colcon.colcon_core.shell:Creating prefix chain script '/home/srushtei/ros2_ws/install/setup.bash'
[7.322s] INFO:colcon.colcon_core.shell:Creating prefix script '/home/srushtei/ros2_ws/install/local_setup.zsh'
[7.322s] INFO:colcon.colcon_core.shell:Creating prefix chain script '/home/srushtei/ros2_ws/install/setup.zsh'
