[0.017s] Invoking command in '/home/srushtei/ros2_ws/src/build/turtlebot3_description': /usr/bin/cmake /home/srushtei/ros2_ws/src/turtlebot3/turtlebot3_description -DCATKIN_INSTALL_INTO_PREFIX_ROOT=0 -DCATKIN_SYMLINK_INSTALL=ON -DCMAKE_INSTALL_PREFIX=/home/srushtei/ros2_ws/src/install/turtlebot3_description
[0.238s] -- The C compiler identification is GNU 11.4.0
[0.238s] -- The CXX compiler identification is GNU 11.4.0
[0.238s] -- Detecting C compiler ABI info
[0.238s] -- Detecting C compiler ABI info - done
[0.239s] -- Check for working C compiler: /usr/bin/cc - skipped
[0.239s] -- Detecting C compile features
[0.239s] -- Detecting C compile features - done
[0.239s] -- Detecting CXX compiler ABI info
[0.240s] -- Detecting CXX compiler ABI info - done
[0.246s] -- Check for working CXX compiler: /usr/bin/c++ - skipped
[0.246s] -- Detecting CXX compile features
[0.247s] -- Detecting CXX compile features - done
[0.257s] [31mCMake Error at CMakeLists.txt:10 (find_package):
[0.257s]   By not providing "Findcatkin.cmake" in CMAKE_MODULE_PATH this project has
[0.257s]   asked CMake to find a package configuration file provided by "catkin", but
[0.257s]   CMake did not find one.
[0.257s] 
[0.257s]   Could not find a package configuration file provided by "catkin" with any
[0.257s]   of the following names:
[0.257s] 
[0.257s]     catkinConfig.cmake
[0.258s]     catkin-config.cmake
[0.258s] 
[0.258s]   Add the installation prefix of "catkin" to CMAKE_PREFIX_PATH or set
[0.258s]   "catkin_DIR" to a directory containing one of the above files.  If "catkin"
[0.258s]   provides a separate development package or SDK, be sure it has been
[0.258s]   installed.
[0.258s] 
[0.258s] [0m
[0.258s] -- Configuring incomplete, errors occurred!
[0.258s] See also "/home/srushtei/ros2_ws/src/build/turtlebot3_description/CMakeFiles/CMakeOutput.log".
[0.390s] Invoked command in '/home/srushtei/ros2_ws/src/build/turtlebot3_description' returned '1': /usr/bin/cmake /home/srushtei/ros2_ws/src/turtlebot3/turtlebot3_description -DCATKIN_INSTALL_INTO_PREFIX_ROOT=0 -DCATKIN_SYMLINK_INSTALL=ON -DCMAKE_INSTALL_PREFIX=/home/srushtei/ros2_ws/src/install/turtlebot3_description
