[0.014s] Invoking command in '/home/srushtei/ros2_ws/src/build/my_robot_arm': CMAKE_PREFIX_PATH=${CMAKE_PREFIX_PATH}:/home/srushtei/ros2_ws/install/turtlebot_keyboard_control:/home/srushtei/ros2_ws/install/turtlebot_sine_trajectory:/opt/ros/humble /usr/bin/cmake /home/srushtei/ros2_ws/src/my_robot_arm -DAMENT_CMAKE_SYMLINK_INSTALL=1 -DCMAKE_INSTALL_PREFIX=/home/srushtei/ros2_ws/src/install/my_robot_arm
[0.234s] -- Found ament_cmake: 1.3.10 (/opt/ros/humble/share/ament_cmake/cmake)
[0.234s] -- Override CMake install command with custom implementation using symlinks instead of copying resources
[0.234s] -- Found rclcpp: 16.0.10 (/opt/ros/humble/share/rclcpp/cmake)
[0.234s] -- Found rosidl_generator_c: 3.1.5 (/opt/ros/humble/share/rosidl_generator_c/cmake)
[0.234s] -- Found rosidl_adapter: 3.1.5 (/opt/ros/humble/share/rosidl_adapter/cmake)
[0.234s] -- Found rosidl_generator_cpp: 3.1.5 (/opt/ros/humble/share/rosidl_generator_cpp/cmake)
[0.234s] -- Using all available rosidl_typesupport_c: rosidl_typesupport_fastrtps_c;rosidl_typesupport_introspection_c
[0.234s] -- Using all available rosidl_typesupport_cpp: rosidl_typesupport_fastrtps_cpp;rosidl_typesupport_introspection_cpp
[0.234s] -- Found rmw_implementation_cmake: 6.1.2 (/opt/ros/humble/share/rmw_implementation_cmake/cmake)
[0.234s] -- Found rmw_fastrtps_cpp: 6.2.7 (/opt/ros/humble/share/rmw_fastrtps_cpp/cmake)
[0.292s] -- Using RMW implementation 'rmw_fastrtps_cpp' as default
[0.321s] -- Found moveit_ros_planning_interface: 2.5.5 (/opt/ros/humble/share/moveit_ros_planning_interface/cmake)
[0.328s] -- Found Boost: /usr/lib/x86_64-linux-gnu/cmake/Boost-1.74.0/BoostConfig.cmake (found version "1.74.0") found components: date_time filesystem program_options system thread 
[0.427s] -- Found Boost: /usr/lib/x86_64-linux-gnu/cmake/Boost-1.74.0/BoostConfig.cmake (found version "1.74.0") found components: chrono date_time filesystem iostreams program_options regex serialization system thread 
[0.432s] -- Found parameter_traits: 0.3.8 (/opt/ros/humble/share/parameter_traits/cmake)
[0.436s] -- Found rclcpp_lifecycle: 16.0.10 (/opt/ros/humble/share/rclcpp_lifecycle/cmake)
[0.450s] -- Found Boost: /usr/lib/x86_64-linux-gnu/cmake/Boost-1.74.0/BoostConfig.cmake (found version "1.74.0") found components: filesystem 
[0.471s] -- library: /usr/lib/x86_64-linux-gnu/libcurl.so
[0.488s] -- Ensuring Eigen3 include directory is part of orocos-kdl CMake target
[0.559s] -- Found Boost: /usr/lib/x86_64-linux-gnu/cmake/Boost-1.74.0/BoostConfig.cmake (found version "1.74.0") found components: system filesystem date_time program_options thread chrono 
[0.578s] -- Found Boost: /usr/lib/x86_64-linux-gnu/cmake/Boost-1.74.0/BoostConfig.cmake (found version "1.74.0") found components: thread system filesystem regex date_time program_options 
[0.592s] -- Found Boost: /usr/lib/x86_64-linux-gnu/cmake/Boost-1.74.0/BoostConfig.cmake (found version "1.74.0") found components: system filesystem date_time program_options thread 
[0.609s] -- Found moveit_ros_visualization: 2.5.5 (/opt/ros/humble/share/moveit_ros_visualization/cmake)
[0.612s] -- Found Boost: /usr/lib/x86_64-linux-gnu/cmake/Boost-1.74.0/BoostConfig.cmake (found version "1.74.0") found components: thread date_time system filesystem 
[0.630s] -- Setting OGRE_DIR to: '/opt/ros/humble/share/rviz_ogre_vendor/cmake/../../../opt/rviz_ogre_vendor/lib/OGRE/cmake'
[0.631s] -- Found OGRE
[0.631s] --   static     : OFF
[0.631s] --   components : HLMS;MeshLodGenerator;Overlay;Paging;Property;RTShaderSystem;Terrain;Volume
[0.632s] --   plugins    : Plugin_BSPSceneManager;Plugin_OctreeSceneManager;Plugin_PCZSceneManager;Plugin_ParticleFX;RenderSystem_GL;RenderSystem_GL3Plus;Codec_STBI
[0.632s] --   media      : /opt/ros/humble/opt/rviz_ogre_vendor/share/OGRE/Media
[0.632s] -- OGRE_LIBRARIES: OgreHLMS;OgreMeshLodGenerator;OgreOverlay;OgrePaging;OgreProperty;OgreRTShaderSystem;OgreTerrain;OgreVolume;OgreMain
[0.632s] -- OGRE_LIBRARY_DIRS: /opt/ros/humble/opt/rviz_ogre_vendor/lib
[0.632s] -- OGRE_PLUGINS: Plugin_BSPSceneManager;Plugin_OctreeSceneManager;Plugin_PCZSceneManager;Plugin_ParticleFX;RenderSystem_GL;RenderSystem_GL3Plus;Codec_STBI
[0.632s] -- OGRE_PLUGIN_DIR: /opt/ros/humble/opt/rviz_ogre_vendor/lib/OGRE
[0.632s] -- rviz_ogre_vendor::OgreOverlay for IMPORTED_LOCATION_RELEASE: /opt/ros/humble/opt/rviz_ogre_vendor/lib/libOgreOverlay.so
[0.632s] -- rviz_ogre_vendor::OgreOverlay for IMPORTED_LOCATION_DEBUG: /opt/ros/humble/opt/rviz_ogre_vendor/lib/libOgreOverlay.so
[0.632s] -- rviz_ogre_vendor::OgreMain for IMPORTED_LOCATION_RELEASE: /opt/ros/humble/opt/rviz_ogre_vendor/lib/libOgreMain.so
[0.632s] -- rviz_ogre_vendor::OgreMain for IMPORTED_LOCATION_DEBUG: /opt/ros/humble/opt/rviz_ogre_vendor/lib/libOgreMain.so
[0.673s] -- Setting assimp_DIR to: '/opt/ros/humble/share/rviz_assimp_vendor/cmake/../../../opt/rviz_assimp_vendor/lib/cmake/assimp-4.1'
[0.713s] -- Found gazebo_ros: 3.7.0 (/opt/ros/humble/share/gazebo_ros/cmake)
[0.734s] -- Found DART: /usr/include (Required is at least version "6.6") found components: dart 
[0.743s] -- Found Boost: /usr/lib/x86_64-linux-gnu/cmake/Boost-1.74.0/BoostConfig.cmake (found suitable version "1.74.0", minimum required is "1.40.0") found components: thread system filesystem program_options regex iostreams date_time 
[0.750s] -- Found Protobuf: /usr/lib/x86_64-linux-gnu/libprotobuf.so (found version "3.12.4") 
[0.751s] -- Looking for ignition-math6 -- found version 6.15.1
[0.755s] -- Searching for dependencies of ignition-math6
[0.756s] -- Looking for OGRE...
[0.761s] -- Found Ogre Ghadamon (1.9.0)
[0.771s] -- Looking for OGRE_Paging...
[0.771s] -- Looking for OGRE_Terrain...
[0.771s] -- Looking for OGRE_Property...
[0.771s] -- Looking for OGRE_RTShaderSystem...
[0.771s] -- Looking for OGRE_Volume...
[0.771s] -- Looking for OGRE_Overlay...
[0.829s] -- Looking for ignition-math6 -- found version 6.15.1
[0.829s] -- Looking for ignition-transport8 -- found version 8.2.1
[0.829s] -- Searching for dependencies of ignition-transport8
[0.840s] -- Found Protobuf: /usr/lib/x86_64-linux-gnu/libprotobuf.so (found suitable version "3.12.4", minimum required is "3") 
[0.852s] -- Config-file not installed for ZeroMQ -- checking for pkg-config
[0.856s] -- Checking for module 'libzmq >= 4'
[0.868s] --   Found libzmq , version 4.3.4
[0.911s] -- Checking for module 'uuid'
[0.930s] --   Found uuid, version 2.37.2
[0.984s] -- Looking for ignition-msgs5 -- found version 5.8.1
[0.984s] -- Searching for dependencies of ignition-msgs5
[1.001s] -- Looking for ignition-math6 -- found version 6.15.1
[1.007s] -- Looking for ignition-msgs5 -- found version 5.8.1
[1.007s] -- Looking for ignition-common3 -- found version 3.14.0
[1.008s] -- Searching for dependencies of ignition-common3
[1.008s] -- Looking for dlfcn.h - found
[1.008s] -- Looking for libdl - found
[1.016s] -- Searching for <ignition-common3> component [graphics]
[1.016s] -- Looking for ignition-common3-graphics -- found version 3.14.0
[1.017s] -- Searching for dependencies of ignition-common3-graphics
[1.017s] -- Looking for ignition-math6 -- found version 6.15.1
[1.018s] -- Looking for ignition-fuel_tools4 -- found version 4.4.0
[1.018s] -- Searching for dependencies of ignition-fuel_tools4
[1.054s] -- Checking for module 'jsoncpp'
[1.074s] --   Found jsoncpp, version 1.9.5
[1.132s] -- Checking for module 'libzip'
[1.153s] --   Found libzip, version 1.7.3
[1.204s] -- Looking for ignition-common3 -- found version 3.14.0
[1.205s] -- Looking for ignition-math6 -- found version 6.15.1
[1.205s] -- Looking for ignition-msgs5 -- found version 5.8.1
[1.208s] -- Gazebo version: 11.10
[1.211s] -- Found ament_lint_auto: 0.12.11 (/opt/ros/humble/share/ament_lint_auto/cmake)
[1.262s] -- Configuring done
[1.276s] -- Generating done
[1.278s] -- Build files have been written to: /home/srushtei/ros2_ws/src/build/my_robot_arm
