[0.018s] Invoking command in '/home/srushtei/ros2_ws/build/my_robot_arm': CMAKE_PREFIX_PATH=${CMAKE_PREFIX_PATH}:/home/srushtei/ros2_ws/install/turtlebot_sine_trajectory:/opt/ros/humble /usr/bin/cmake /home/srushtei/ros2_ws/src/my_robot_arm -DCMAKE_INSTALL_PREFIX=/home/srushtei/ros2_ws/install/my_robot_arm
[0.173s] -- The C compiler identification is GNU 11.4.0
[0.174s] -- The CXX compiler identification is GNU 11.4.0
[0.174s] -- Detecting C compiler ABI info
[0.174s] -- Detecting C compiler ABI info - done
[0.174s] -- Check for working C compiler: /usr/bin/cc - skipped
[0.174s] -- Detecting C compile features
[0.174s] -- Detecting C compile features - done
[0.174s] -- Detecting CXX compiler ABI info
[0.231s] -- Detecting CXX compiler ABI info - done
[0.238s] -- Check for working CXX compiler: /usr/bin/c++ - skipped
[0.238s] -- Detecting CXX compile features
[0.238s] -- Detecting CXX compile features - done
[0.241s] -- Found ament_cmake: 1.3.10 (/opt/ros/humble/share/ament_cmake/cmake)
[0.364s] -- Found Python3: /usr/bin/python3 (found version "3.10.12") found components: Interpreter 
[0.434s] -- Found rclcpp: 16.0.10 (/opt/ros/humble/share/rclcpp/cmake)
[0.474s] -- Found rosidl_generator_c: 3.1.5 (/opt/ros/humble/share/rosidl_generator_c/cmake)
[0.478s] -- Found rosidl_adapter: 3.1.5 (/opt/ros/humble/share/rosidl_adapter/cmake)
[0.483s] -- Found rosidl_generator_cpp: 3.1.5 (/opt/ros/humble/share/rosidl_generator_cpp/cmake)
[0.491s] -- Using all available rosidl_typesupport_c: rosidl_typesupport_fastrtps_c;rosidl_typesupport_introspection_c
[0.501s] -- Using all available rosidl_typesupport_cpp: rosidl_typesupport_fastrtps_cpp;rosidl_typesupport_introspection_cpp
[0.530s] -- Found rmw_implementation_cmake: 6.1.2 (/opt/ros/humble/share/rmw_implementation_cmake/cmake)
[0.532s] -- Found rmw_fastrtps_cpp: 6.2.7 (/opt/ros/humble/share/rmw_fastrtps_cpp/cmake)
[0.595s] -- Found OpenSSL: /usr/lib/x86_64-linux-gnu/libcrypto.so (found version "3.0.2")  
[0.619s] -- Found FastRTPS: /opt/ros/humble/include  
[0.652s] -- Using RMW implementation 'rmw_fastrtps_cpp' as default
[0.660s] -- Looking for pthread.h
[0.721s] -- Looking for pthread.h - found
[0.721s] -- Performing Test CMAKE_HAVE_LIBC_PTHREAD
[0.780s] -- Performing Test CMAKE_HAVE_LIBC_PTHREAD - Success
[0.781s] -- Found Threads: TRUE  
[0.822s] -- Found moveit_ros_planning_interface: 2.5.5 (/opt/ros/humble/share/moveit_ros_planning_interface/cmake)
[0.837s] -- Found Boost: /usr/lib/x86_64-linux-gnu/cmake/Boost-1.74.0/BoostConfig.cmake (found version "1.74.0") found components: date_time filesystem program_options system thread 
[0.934s] -- Found Boost: /usr/lib/x86_64-linux-gnu/cmake/Boost-1.74.0/BoostConfig.cmake (found version "1.74.0") found components: chrono date_time filesystem iostreams program_options regex serialization system thread 
[0.941s] -- Found parameter_traits: 0.3.8 (/opt/ros/humble/share/parameter_traits/cmake)
[0.951s] -- Found rclcpp_lifecycle: 16.0.10 (/opt/ros/humble/share/rclcpp_lifecycle/cmake)
[0.965s] -- Found Boost: /usr/lib/x86_64-linux-gnu/cmake/Boost-1.74.0/BoostConfig.cmake (found version "1.74.0") found components: filesystem 
[1.046s] -- library: /usr/lib/x86_64-linux-gnu/libcurl.so
[1.067s] -- Found Eigen3: TRUE (found version "3.4.0") 
[1.067s] -- Ensuring Eigen3 include directory is part of orocos-kdl CMake target
[1.149s] -- Found Boost: /usr/lib/x86_64-linux-gnu/cmake/Boost-1.74.0/BoostConfig.cmake (found version "1.74.0") found components: system filesystem date_time program_options thread chrono 
[1.168s] -- Found Boost: /usr/lib/x86_64-linux-gnu/cmake/Boost-1.74.0/BoostConfig.cmake (found version "1.74.0") found components: thread system filesystem regex date_time program_options 
[1.181s] -- Found Boost: /usr/lib/x86_64-linux-gnu/cmake/Boost-1.74.0/BoostConfig.cmake (found version "1.74.0") found components: system filesystem date_time program_options thread 
[1.198s] -- Found moveit_ros_visualization: 2.5.5 (/opt/ros/humble/share/moveit_ros_visualization/cmake)
[1.201s] -- Found Boost: /usr/lib/x86_64-linux-gnu/cmake/Boost-1.74.0/BoostConfig.cmake (found version "1.74.0") found components: thread date_time system filesystem 
[1.222s] -- Setting OGRE_DIR to: '/opt/ros/humble/share/rviz_ogre_vendor/cmake/../../../opt/rviz_ogre_vendor/lib/OGRE/cmake'
[1.222s] -- Found OGRE
[1.223s] --   static     : OFF
[1.223s] --   components : HLMS;MeshLodGenerator;Overlay;Paging;Property;RTShaderSystem;Terrain;Volume
[1.223s] --   plugins    : Plugin_BSPSceneManager;Plugin_OctreeSceneManager;Plugin_PCZSceneManager;Plugin_ParticleFX;RenderSystem_GL;RenderSystem_GL3Plus;Codec_STBI
[1.223s] --   media      : /opt/ros/humble/opt/rviz_ogre_vendor/share/OGRE/Media
[1.223s] -- OGRE_LIBRARIES: OgreHLMS;OgreMeshLodGenerator;OgreOverlay;OgrePaging;OgreProperty;OgreRTShaderSystem;OgreTerrain;OgreVolume;OgreMain
[1.223s] -- OGRE_LIBRARY_DIRS: /opt/ros/humble/opt/rviz_ogre_vendor/lib
[1.223s] -- OGRE_PLUGINS: Plugin_BSPSceneManager;Plugin_OctreeSceneManager;Plugin_PCZSceneManager;Plugin_ParticleFX;RenderSystem_GL;RenderSystem_GL3Plus;Codec_STBI
[1.223s] -- OGRE_PLUGIN_DIR: /opt/ros/humble/opt/rviz_ogre_vendor/lib/OGRE
[1.223s] -- rviz_ogre_vendor::OgreOverlay for IMPORTED_LOCATION_RELEASE: /opt/ros/humble/opt/rviz_ogre_vendor/lib/libOgreOverlay.so
[1.223s] -- rviz_ogre_vendor::OgreOverlay for IMPORTED_LOCATION_DEBUG: /opt/ros/humble/opt/rviz_ogre_vendor/lib/libOgreOverlay.so
[1.223s] -- rviz_ogre_vendor::OgreMain for IMPORTED_LOCATION_RELEASE: /opt/ros/humble/opt/rviz_ogre_vendor/lib/libOgreMain.so
[1.223s] -- rviz_ogre_vendor::OgreMain for IMPORTED_LOCATION_DEBUG: /opt/ros/humble/opt/rviz_ogre_vendor/lib/libOgreMain.so
[1.233s] -- Found ZLIB: /usr/lib/x86_64-linux-gnu/libz.so (found version "1.2.11") 
[1.235s] -- Found OpenGL: /usr/lib/x86_64-linux-gnu/libOpenGL.so   
[1.306s] -- Found X11: /usr/include   
[1.306s] -- Looking for XOpenDisplay in /usr/lib/x86_64-linux-gnu/libX11.so;/usr/lib/x86_64-linux-gnu/libXext.so
[1.373s] -- Looking for XOpenDisplay in /usr/lib/x86_64-linux-gnu/libX11.so;/usr/lib/x86_64-linux-gnu/libXext.so - found
[1.373s] -- Looking for gethostbyname
[1.419s] -- Looking for gethostbyname - found
[1.419s] -- Looking for connect
[1.473s] -- Looking for connect - found
[1.474s] -- Looking for remove
[1.532s] -- Looking for remove - found
[1.532s] -- Looking for shmat
[1.590s] -- Looking for shmat - found
[1.591s] -- Looking for IceConnectionNumber in ICE
[1.657s] -- Looking for IceConnectionNumber in ICE - found
[1.668s] -- Setting assimp_DIR to: '/opt/ros/humble/share/rviz_assimp_vendor/cmake/../../../opt/rviz_assimp_vendor/lib/cmake/assimp-4.1'
[1.715s] -- Found gazebo_ros: 3.7.0 (/opt/ros/humble/share/gazebo_ros/cmake)
[1.722s] -- Found PkgConfig: /usr/bin/pkg-config (found version "0.29.2") 
[1.723s] -- Checking for module 'bullet>=2.82'
[1.735s] --   Found bullet, version 3.05
[1.863s] -- Found fcl: /usr/include (found suitable version "0.7.0", minimum required is "0.5.0") 
[1.940s] -- Found assimp: /usr/include;/usr/include (found version "5.2.0") 
[1.950s] -- Found DART: /usr/include (Required is at least version "6.6") found components: dart 
[1.961s] -- Found Boost: /usr/lib/x86_64-linux-gnu/cmake/Boost-1.74.0/BoostConfig.cmake (found suitable version "1.74.0", minimum required is "1.40.0") found components: thread system filesystem program_options regex iostreams date_time 
[1.972s] -- Found Protobuf: /usr/lib/x86_64-linux-gnu/libprotobuf.so (found version "3.12.4") 
[1.975s] -- Looking for ignition-math6 -- found version 6.15.1
[1.980s] -- Searching for dependencies of ignition-math6
[1.981s] -- Looking for OGRE...
[1.981s] -- OGRE_PREFIX_WATCH changed.
[1.985s] -- Checking for module 'OGRE'
[1.996s] --   Found OGRE, version 1.9.0
[2.051s] -- Found Ogre Ghadamon (1.9.0)
[2.065s] -- Looking for OGRE_Paging...
[2.068s] -- Looking for OGRE_Terrain...
[2.070s] -- Looking for OGRE_Property...
[2.073s] -- Looking for OGRE_RTShaderSystem...
[2.076s] -- Looking for OGRE_Volume...
[2.078s] -- Looking for OGRE_Overlay...
[2.136s] -- Looking for ignition-math6 -- found version 6.15.1
[2.137s] -- Looking for ignition-transport8 -- found version 8.2.1
[2.137s] -- Searching for dependencies of ignition-transport8
[2.149s] -- Found Protobuf: /usr/lib/x86_64-linux-gnu/libprotobuf.so (found suitable version "3.12.4", minimum required is "3") 
[2.155s] -- Config-file not installed for ZeroMQ -- checking for pkg-config
[2.159s] -- Checking for module 'libzmq >= 4'
[2.170s] --   Found libzmq , version 4.3.4
[2.221s] -- Found ZeroMQ: TRUE (Required is at least version "4") 
[2.232s] -- Checking for module 'uuid'
[2.257s] --   Found uuid, version 2.37.2
[2.310s] -- Found UUID: TRUE  
[2.314s] -- Looking for ignition-msgs5 -- found version 5.8.1
[2.314s] -- Searching for dependencies of ignition-msgs5
[2.327s] -- Looking for ignition-math6 -- found version 6.15.1
[2.332s] -- Checking for module 'tinyxml2'
[2.346s] --   Found tinyxml2, version 9.0.0
[2.395s] -- Looking for ignition-msgs5 -- found version 5.8.1
[2.398s] -- Looking for ignition-common3 -- found version 3.14.0
[2.399s] -- Searching for dependencies of ignition-common3
[2.399s] -- Looking for dlfcn.h - found
[2.400s] -- Looking for libdl - found
[2.401s] -- Found DL: TRUE  
[2.411s] -- Found tinyobjloader: /usr/lib/x86_64-linux-gnu/cmake/tinyobjloader/tinyobjloader-config.cmake (found version "2.0.0") 
[2.412s] -- Searching for <ignition-common3> component [graphics]
[2.414s] -- Looking for ignition-common3-graphics -- found version 3.14.0
[2.414s] -- Searching for dependencies of ignition-common3-graphics
[2.414s] -- Looking for ignition-math6 -- found version 6.15.1
[2.416s] -- Looking for ignition-fuel_tools4 -- found version 4.4.0
[2.416s] -- Searching for dependencies of ignition-fuel_tools4
[2.437s] -- Found CURL: /usr/lib/x86_64-linux-gnu/libcurl.so (found version "7.81.0")  
[2.446s] -- Checking for module 'jsoncpp'
[2.456s] --   Found jsoncpp, version 1.9.5
[2.501s] -- Found JSONCPP: TRUE  
[2.509s] -- Checking for module 'libzip'
[2.532s] --   Found libzip, version 1.7.3
[2.586s] -- Found ZIP: TRUE  
[2.586s] -- Looking for ignition-common3 -- found version 3.14.0
[2.587s] -- Looking for ignition-math6 -- found version 6.15.1
[2.587s] -- Looking for ignition-msgs5 -- found version 5.8.1
[2.589s] -- Gazebo version: 11.10
[2.589s] -- Checking for module 'tbb'
[2.606s] --   Found tbb, version 2021.5.0
[2.666s] -- Found ament_lint_auto: 0.12.11 (/opt/ros/humble/share/ament_lint_auto/cmake)
[2.709s] -- Configuring done
[2.723s] -- Generating done
[2.725s] -- Build files have been written to: /home/srushtei/ros2_ws/build/my_robot_arm
[2.737s] Invoked command in '/home/srushtei/ros2_ws/build/my_robot_arm' returned '0': CMAKE_PREFIX_PATH=${CMAKE_PREFIX_PATH}:/home/srushtei/ros2_ws/install/turtlebot_sine_trajectory:/opt/ros/humble /usr/bin/cmake /home/srushtei/ros2_ws/src/my_robot_arm -DCMAKE_INSTALL_PREFIX=/home/srushtei/ros2_ws/install/my_robot_arm
[2.739s] Invoking command in '/home/srushtei/ros2_ws/build/my_robot_arm': CMAKE_PREFIX_PATH=${CMAKE_PREFIX_PATH}:/home/srushtei/ros2_ws/install/turtlebot_sine_trajectory:/opt/ros/humble /usr/bin/cmake --build /home/srushtei/ros2_ws/build/my_robot_arm -- -j12 -l12
[2.781s] [ 50%] [32mBuilding CXX object CMakeFiles/move_arm_node.dir/src/move_arm_node.cpp.o[0m
[6.850s] [100%] [32m[1mLinking CXX executable move_arm_node[0m
[7.026s] [100%] Built target move_arm_node
[7.035s] Invoked command in '/home/srushtei/ros2_ws/build/my_robot_arm' returned '0': CMAKE_PREFIX_PATH=${CMAKE_PREFIX_PATH}:/home/srushtei/ros2_ws/install/turtlebot_sine_trajectory:/opt/ros/humble /usr/bin/cmake --build /home/srushtei/ros2_ws/build/my_robot_arm -- -j12 -l12
[7.063s] Invoking command in '/home/srushtei/ros2_ws/build/my_robot_arm': CMAKE_PREFIX_PATH=${CMAKE_PREFIX_PATH}:/home/srushtei/ros2_ws/install/turtlebot_sine_trajectory:/opt/ros/humble /usr/bin/cmake --install /home/srushtei/ros2_ws/build/my_robot_arm
[7.067s] -- Install configuration: ""
[7.067s] -- Installing: /home/srushtei/ros2_ws/install/my_robot_arm/lib/my_robot_arm/moveit_control.py
[7.067s] -- Installing: /home/srushtei/ros2_ws/install/my_robot_arm/share/my_robot_arm/urdf
[7.067s] -- Installing: /home/srushtei/ros2_ws/install/my_robot_arm/share/my_robot_arm/urdf/my_robot.urdf
[7.068s] -- Installing: /home/srushtei/ros2_ws/install/my_robot_arm/share/my_robot_arm/launch
[7.068s] -- Installing: /home/srushtei/ros2_ws/install/my_robot_arm/share/my_robot_arm/launch/moveit_gazebo.launch.py
[7.068s] -- Installing: /home/srushtei/ros2_ws/install/my_robot_arm/share/my_robot_arm/launch/move_arm_launch.py
[7.068s] -- Installing: /home/srushtei/ros2_ws/install/my_robot_arm/share/my_robot_arm/launch/moveit_rviz.launch.py
[7.068s] -- Installing: /home/srushtei/ros2_ws/install/my_robot_arm/lib/my_robot_arm/move_arm_node
[7.068s] -- Set runtime path of "/home/srushtei/ros2_ws/install/my_robot_arm/lib/my_robot_arm/move_arm_node" to ""
[7.068s] -- Installing: /home/srushtei/ros2_ws/install/my_robot_arm/share/ament_index/resource_index/package_run_dependencies/my_robot_arm
[7.068s] -- Installing: /home/srushtei/ros2_ws/install/my_robot_arm/share/ament_index/resource_index/parent_prefix_path/my_robot_arm
[7.068s] -- Installing: /home/srushtei/ros2_ws/install/my_robot_arm/share/my_robot_arm/environment/ament_prefix_path.sh
[7.068s] -- Installing: /home/srushtei/ros2_ws/install/my_robot_arm/share/my_robot_arm/environment/ament_prefix_path.dsv
[7.068s] -- Installing: /home/srushtei/ros2_ws/install/my_robot_arm/share/my_robot_arm/environment/path.sh
[7.068s] -- Installing: /home/srushtei/ros2_ws/install/my_robot_arm/share/my_robot_arm/environment/path.dsv
[7.068s] -- Installing: /home/srushtei/ros2_ws/install/my_robot_arm/share/my_robot_arm/local_setup.bash
[7.069s] -- Installing: /home/srushtei/ros2_ws/install/my_robot_arm/share/my_robot_arm/local_setup.sh
[7.069s] -- Installing: /home/srushtei/ros2_ws/install/my_robot_arm/share/my_robot_arm/local_setup.zsh
[7.069s] -- Installing: /home/srushtei/ros2_ws/install/my_robot_arm/share/my_robot_arm/local_setup.dsv
[7.069s] -- Installing: /home/srushtei/ros2_ws/install/my_robot_arm/share/my_robot_arm/package.dsv
[7.069s] -- Installing: /home/srushtei/ros2_ws/install/my_robot_arm/share/ament_index/resource_index/packages/my_robot_arm
[7.069s] -- Installing: /home/srushtei/ros2_ws/install/my_robot_arm/share/my_robot_arm/cmake/my_robot_armConfig.cmake
[7.069s] -- Installing: /home/srushtei/ros2_ws/install/my_robot_arm/share/my_robot_arm/cmake/my_robot_armConfig-version.cmake
[7.069s] -- Installing: /home/srushtei/ros2_ws/install/my_robot_arm/share/my_robot_arm/package.xml
[7.070s] Invoked command in '/home/srushtei/ros2_ws/build/my_robot_arm' returned '0': CMAKE_PREFIX_PATH=${CMAKE_PREFIX_PATH}:/home/srushtei/ros2_ws/install/turtlebot_sine_trajectory:/opt/ros/humble /usr/bin/cmake --install /home/srushtei/ros2_ws/build/my_robot_arm
