[0.056s] DEBUG:colcon:Command line arguments: ['/usr/bin/colcon', 'build']
[0.056s] DEBUG:colcon:Parsed command line arguments: Namespace(log_base=None, log_level=None, verb_name='build', build_base='build', install_base='install', merge_install=False, symlink_install=False, test_result_base=None, continue_on_error=False, executor='parallel', parallel_workers=12, event_handlers=None, ignore_user_meta=False, metas=['./colcon.meta'], base_paths=['.'], packages_ignore=None, packages_ignore_regex=None, paths=None, packages_up_to=None, packages_up_to_regex=None, packages_above=None, packages_above_and_dependencies=None, packages_above_depth=None, packages_select_by_dep=None, packages_skip_by_dep=None, packages_skip_up_to=None, packages_select_build_failed=False, packages_skip_build_finished=False, packages_select_test_failures=False, packages_skip_test_passed=False, packages_select=None, packages_skip=None, packages_select_regex=None, packages_skip_regex=None, packages_start=None, packages_end=None, allow_overriding=[], cmake_args=None, cmake_target=None, cmake_target_skip_unavailable=False, cmake_clean_cache=False, cmake_clean_first=False, cmake_force_configure=False, ament_cmake_args=None, catkin_cmake_args=None, catkin_skip_building_tests=False, verb_parser=<colcon_defaults.argument_parser.defaults.DefaultArgumentsDecorator object at 0x7a911ca05150>, verb_extension=<colcon_core.verb.build.BuildVerb object at 0x7a911ca04c70>, main=<bound method BuildVerb.main of <colcon_core.verb.build.BuildVerb object at 0x7a911ca04c70>>)
[0.138s] Level 1:colcon.colcon_core.package_discovery:discover_packages(colcon_meta) check parameters
[0.138s] Level 1:colcon.colcon_core.package_discovery:discover_packages(recursive) check parameters
[0.138s] Level 1:colcon.colcon_core.package_discovery:discover_packages(ignore) check parameters
[0.138s] Level 1:colcon.colcon_core.package_discovery:discover_packages(path) check parameters
[0.138s] Level 1:colcon.colcon_core.package_discovery:discover_packages(colcon_meta) discover
[0.138s] Level 1:colcon.colcon_core.package_discovery:discover_packages(recursive) discover
[0.138s] INFO:colcon.colcon_core.package_discovery:Crawling recursively for packages in '/home/srushtei/ros2_ws'
[0.138s] Level 1:colcon.colcon_core.package_identification:_identify(.) by extensions ['ignore', 'ignore_ament_install']
[0.138s] Level 1:colcon.colcon_core.package_identification:_identify(.) by extension 'ignore'
[0.138s] Level 1:colcon.colcon_core.package_identification:_identify(.) by extension 'ignore_ament_install'
[0.138s] Level 1:colcon.colcon_core.package_identification:_identify(.) by extensions ['colcon_pkg']
[0.138s] Level 1:colcon.colcon_core.package_identification:_identify(.) by extension 'colcon_pkg'
[0.138s] Level 1:colcon.colcon_core.package_identification:_identify(.) by extensions ['colcon_meta']
[0.138s] Level 1:colcon.colcon_core.package_identification:_identify(.) by extension 'colcon_meta'
[0.138s] Level 1:colcon.colcon_core.package_identification:_identify(.) by extensions ['ros']
[0.138s] Level 1:colcon.colcon_core.package_identification:_identify(.) by extension 'ros'
[0.145s] Level 1:colcon.colcon_core.package_identification:_identify(.) by extensions ['cmake', 'python']
[0.145s] Level 1:colcon.colcon_core.package_identification:_identify(.) by extension 'cmake'
[0.145s] Level 1:colcon.colcon_core.package_identification:_identify(.) by extension 'python'
[0.145s] Level 1:colcon.colcon_core.package_identification:_identify(.) by extensions ['python_setup_py']
[0.145s] Level 1:colcon.colcon_core.package_identification:_identify(.) by extension 'python_setup_py'
[0.145s] Level 1:colcon.colcon_core.package_identification:_identify(build) by extensions ['ignore', 'ignore_ament_install']
[0.145s] Level 1:colcon.colcon_core.package_identification:_identify(build) by extension 'ignore'
[0.145s] Level 1:colcon.colcon_core.package_identification:_identify(build) ignored
[0.145s] Level 1:colcon.colcon_core.package_identification:_identify(install) by extensions ['ignore', 'ignore_ament_install']
[0.145s] Level 1:colcon.colcon_core.package_identification:_identify(install) by extension 'ignore'
[0.145s] Level 1:colcon.colcon_core.package_identification:_identify(install) ignored
[0.145s] Level 1:colcon.colcon_core.package_identification:_identify(log) by extensions ['ignore', 'ignore_ament_install']
[0.145s] Level 1:colcon.colcon_core.package_identification:_identify(log) by extension 'ignore'
[0.145s] Level 1:colcon.colcon_core.package_identification:_identify(log) ignored
[0.146s] Level 1:colcon.colcon_core.package_identification:_identify(src) by extensions ['ignore', 'ignore_ament_install']
[0.146s] Level 1:colcon.colcon_core.package_identification:_identify(src) by extension 'ignore'
[0.146s] Level 1:colcon.colcon_core.package_identification:_identify(src) by extension 'ignore_ament_install'
[0.146s] Level 1:colcon.colcon_core.package_identification:_identify(src) by extensions ['colcon_pkg']
[0.146s] Level 1:colcon.colcon_core.package_identification:_identify(src) by extension 'colcon_pkg'
[0.146s] Level 1:colcon.colcon_core.package_identification:_identify(src) by extensions ['colcon_meta']
[0.146s] Level 1:colcon.colcon_core.package_identification:_identify(src) by extension 'colcon_meta'
[0.146s] Level 1:colcon.colcon_core.package_identification:_identify(src) by extensions ['ros']
[0.146s] Level 1:colcon.colcon_core.package_identification:_identify(src) by extension 'ros'
[0.146s] Level 1:colcon.colcon_core.package_identification:_identify(src) by extensions ['cmake', 'python']
[0.146s] Level 1:colcon.colcon_core.package_identification:_identify(src) by extension 'cmake'
[0.146s] Level 1:colcon.colcon_core.package_identification:_identify(src) by extension 'python'
[0.146s] Level 1:colcon.colcon_core.package_identification:_identify(src) by extensions ['python_setup_py']
[0.146s] Level 1:colcon.colcon_core.package_identification:_identify(src) by extension 'python_setup_py'
[0.146s] Level 1:colcon.colcon_core.package_identification:_identify(src/build) by extensions ['ignore', 'ignore_ament_install']
[0.146s] Level 1:colcon.colcon_core.package_identification:_identify(src/build) by extension 'ignore'
[0.146s] Level 1:colcon.colcon_core.package_identification:_identify(src/build) ignored
[0.146s] Level 1:colcon.colcon_core.package_identification:_identify(src/install) by extensions ['ignore', 'ignore_ament_install']
[0.146s] Level 1:colcon.colcon_core.package_identification:_identify(src/install) by extension 'ignore'
[0.146s] Level 1:colcon.colcon_core.package_identification:_identify(src/install) ignored
[0.146s] Level 1:colcon.colcon_core.package_identification:_identify(src/log) by extensions ['ignore', 'ignore_ament_install']
[0.146s] Level 1:colcon.colcon_core.package_identification:_identify(src/log) by extension 'ignore'
[0.146s] Level 1:colcon.colcon_core.package_identification:_identify(src/log) ignored
[0.146s] Level 1:colcon.colcon_core.package_identification:_identify(src/my_robot_arm) by extensions ['ignore', 'ignore_ament_install']
[0.146s] Level 1:colcon.colcon_core.package_identification:_identify(src/my_robot_arm) by extension 'ignore'
[0.146s] Level 1:colcon.colcon_core.package_identification:_identify(src/my_robot_arm) by extension 'ignore_ament_install'
[0.146s] Level 1:colcon.colcon_core.package_identification:_identify(src/my_robot_arm) by extensions ['colcon_pkg']
[0.146s] Level 1:colcon.colcon_core.package_identification:_identify(src/my_robot_arm) by extension 'colcon_pkg'
[0.146s] Level 1:colcon.colcon_core.package_identification:_identify(src/my_robot_arm) by extensions ['colcon_meta']
[0.146s] Level 1:colcon.colcon_core.package_identification:_identify(src/my_robot_arm) by extension 'colcon_meta'
[0.146s] Level 1:colcon.colcon_core.package_identification:_identify(src/my_robot_arm) by extensions ['ros']
[0.146s] Level 1:colcon.colcon_core.package_identification:_identify(src/my_robot_arm) by extension 'ros'
[0.148s] DEBUG:colcon.colcon_core.package_identification:Package 'src/my_robot_arm' with type 'ros.ament_cmake' and name 'my_robot_arm'
[0.148s] Level 1:colcon.colcon_core.package_identification:_identify(src/turtlebot_keyboard_control) by extensions ['ignore', 'ignore_ament_install']
[0.148s] Level 1:colcon.colcon_core.package_identification:_identify(src/turtlebot_keyboard_control) by extension 'ignore'
[0.148s] Level 1:colcon.colcon_core.package_identification:_identify(src/turtlebot_keyboard_control) by extension 'ignore_ament_install'
[0.148s] Level 1:colcon.colcon_core.package_identification:_identify(src/turtlebot_keyboard_control) by extensions ['colcon_pkg']
[0.148s] Level 1:colcon.colcon_core.package_identification:_identify(src/turtlebot_keyboard_control) by extension 'colcon_pkg'
[0.148s] Level 1:colcon.colcon_core.package_identification:_identify(src/turtlebot_keyboard_control) by extensions ['colcon_meta']
[0.148s] Level 1:colcon.colcon_core.package_identification:_identify(src/turtlebot_keyboard_control) by extension 'colcon_meta'
[0.148s] Level 1:colcon.colcon_core.package_identification:_identify(src/turtlebot_keyboard_control) by extensions ['ros']
[0.148s] Level 1:colcon.colcon_core.package_identification:_identify(src/turtlebot_keyboard_control) by extension 'ros'
[0.148s] DEBUG:colcon.colcon_core.package_identification:Package 'src/turtlebot_keyboard_control' with type 'ros.ament_python' and name 'turtlebot_keyboard_control'
[0.148s] Level 1:colcon.colcon_core.package_identification:_identify(src/turtlebot_sine_trajectory) by extensions ['ignore', 'ignore_ament_install']
[0.148s] Level 1:colcon.colcon_core.package_identification:_identify(src/turtlebot_sine_trajectory) by extension 'ignore'
[0.148s] Level 1:colcon.colcon_core.package_identification:_identify(src/turtlebot_sine_trajectory) by extension 'ignore_ament_install'
[0.148s] Level 1:colcon.colcon_core.package_identification:_identify(src/turtlebot_sine_trajectory) by extensions ['colcon_pkg']
[0.148s] Level 1:colcon.colcon_core.package_identification:_identify(src/turtlebot_sine_trajectory) by extension 'colcon_pkg'
[0.148s] Level 1:colcon.colcon_core.package_identification:_identify(src/turtlebot_sine_trajectory) by extensions ['colcon_meta']
[0.149s] Level 1:colcon.colcon_core.package_identification:_identify(src/turtlebot_sine_trajectory) by extension 'colcon_meta'
[0.149s] Level 1:colcon.colcon_core.package_identification:_identify(src/turtlebot_sine_trajectory) by extensions ['ros']
[0.149s] Level 1:colcon.colcon_core.package_identification:_identify(src/turtlebot_sine_trajectory) by extension 'ros'
[0.149s] DEBUG:colcon.colcon_core.package_identification:Package 'src/turtlebot_sine_trajectory' with type 'ros.ament_python' and name 'turtlebot_sine_trajectory'
[0.149s] Level 1:colcon.colcon_core.package_discovery:discover_packages(recursive) using defaults
[0.149s] Level 1:colcon.colcon_core.package_discovery:discover_packages(ignore) discover
[0.149s] Level 1:colcon.colcon_core.package_discovery:discover_packages(ignore) using defaults
[0.149s] Level 1:colcon.colcon_core.package_discovery:discover_packages(path) discover
[0.149s] Level 1:colcon.colcon_core.package_discovery:discover_packages(path) using defaults
[0.160s] Level 1:colcon.colcon_core.package_discovery:discover_packages(prefix_path) check parameters
[0.160s] Level 1:colcon.colcon_core.package_discovery:discover_packages(prefix_path) discover
[0.161s] DEBUG:colcon.colcon_installed_package_information.package_discovery:Found 3 installed packages in /home/srushtei/ros2_ws/install
[0.162s] DEBUG:colcon.colcon_installed_package_information.package_discovery:Found 423 installed packages in /opt/ros/humble
[0.169s] Level 1:colcon.colcon_core.package_discovery:discover_packages(prefix_path) using defaults
[0.194s] Level 5:colcon.colcon_core.verb:set package 'my_robot_arm' build argument 'cmake_args' from command line to 'None'
[0.194s] Level 5:colcon.colcon_core.verb:set package 'my_robot_arm' build argument 'cmake_target' from command line to 'None'
[0.194s] Level 5:colcon.colcon_core.verb:set package 'my_robot_arm' build argument 'cmake_target_skip_unavailable' from command line to 'False'
[0.194s] Level 5:colcon.colcon_core.verb:set package 'my_robot_arm' build argument 'cmake_clean_cache' from command line to 'False'
[0.194s] Level 5:colcon.colcon_core.verb:set package 'my_robot_arm' build argument 'cmake_clean_first' from command line to 'False'
[0.194s] Level 5:colcon.colcon_core.verb:set package 'my_robot_arm' build argument 'cmake_force_configure' from command line to 'False'
[0.194s] Level 5:colcon.colcon_core.verb:set package 'my_robot_arm' build argument 'ament_cmake_args' from command line to 'None'
[0.194s] Level 5:colcon.colcon_core.verb:set package 'my_robot_arm' build argument 'catkin_cmake_args' from command line to 'None'
[0.194s] Level 5:colcon.colcon_core.verb:set package 'my_robot_arm' build argument 'catkin_skip_building_tests' from command line to 'False'
[0.194s] DEBUG:colcon.colcon_core.verb:Building package 'my_robot_arm' with the following arguments: {'ament_cmake_args': None, 'build_base': '/home/srushtei/ros2_ws/build/my_robot_arm', 'catkin_cmake_args': None, 'catkin_skip_building_tests': False, 'cmake_args': None, 'cmake_clean_cache': False, 'cmake_clean_first': False, 'cmake_force_configure': False, 'cmake_target': None, 'cmake_target_skip_unavailable': False, 'install_base': '/home/srushtei/ros2_ws/install/my_robot_arm', 'merge_install': False, 'path': '/home/srushtei/ros2_ws/src/my_robot_arm', 'symlink_install': False, 'test_result_base': None}
[0.195s] Level 5:colcon.colcon_core.verb:set package 'turtlebot_keyboard_control' build argument 'cmake_args' from command line to 'None'
[0.195s] Level 5:colcon.colcon_core.verb:set package 'turtlebot_keyboard_control' build argument 'cmake_target' from command line to 'None'
[0.195s] Level 5:colcon.colcon_core.verb:set package 'turtlebot_keyboard_control' build argument 'cmake_target_skip_unavailable' from command line to 'False'
[0.195s] Level 5:colcon.colcon_core.verb:set package 'turtlebot_keyboard_control' build argument 'cmake_clean_cache' from command line to 'False'
[0.195s] Level 5:colcon.colcon_core.verb:set package 'turtlebot_keyboard_control' build argument 'cmake_clean_first' from command line to 'False'
[0.195s] Level 5:colcon.colcon_core.verb:set package 'turtlebot_keyboard_control' build argument 'cmake_force_configure' from command line to 'False'
[0.195s] Level 5:colcon.colcon_core.verb:set package 'turtlebot_keyboard_control' build argument 'ament_cmake_args' from command line to 'None'
[0.195s] Level 5:colcon.colcon_core.verb:set package 'turtlebot_keyboard_control' build argument 'catkin_cmake_args' from command line to 'None'
[0.195s] Level 5:colcon.colcon_core.verb:set package 'turtlebot_keyboard_control' build argument 'catkin_skip_building_tests' from command line to 'False'
[0.195s] DEBUG:colcon.colcon_core.verb:Building package 'turtlebot_keyboard_control' with the following arguments: {'ament_cmake_args': None, 'build_base': '/home/srushtei/ros2_ws/build/turtlebot_keyboard_control', 'catkin_cmake_args': None, 'catkin_skip_building_tests': False, 'cmake_args': None, 'cmake_clean_cache': False, 'cmake_clean_first': False, 'cmake_force_configure': False, 'cmake_target': None, 'cmake_target_skip_unavailable': False, 'install_base': '/home/srushtei/ros2_ws/install/turtlebot_keyboard_control', 'merge_install': False, 'path': '/home/srushtei/ros2_ws/src/turtlebot_keyboard_control', 'symlink_install': False, 'test_result_base': None}
[0.195s] Level 5:colcon.colcon_core.verb:set package 'turtlebot_sine_trajectory' build argument 'cmake_args' from command line to 'None'
[0.195s] Level 5:colcon.colcon_core.verb:set package 'turtlebot_sine_trajectory' build argument 'cmake_target' from command line to 'None'
[0.195s] Level 5:colcon.colcon_core.verb:set package 'turtlebot_sine_trajectory' build argument 'cmake_target_skip_unavailable' from command line to 'False'
[0.195s] Level 5:colcon.colcon_core.verb:set package 'turtlebot_sine_trajectory' build argument 'cmake_clean_cache' from command line to 'False'
[0.195s] Level 5:colcon.colcon_core.verb:set package 'turtlebot_sine_trajectory' build argument 'cmake_clean_first' from command line to 'False'
[0.195s] Level 5:colcon.colcon_core.verb:set package 'turtlebot_sine_trajectory' build argument 'cmake_force_configure' from command line to 'False'
[0.195s] Level 5:colcon.colcon_core.verb:set package 'turtlebot_sine_trajectory' build argument 'ament_cmake_args' from command line to 'None'
[0.195s] Level 5:colcon.colcon_core.verb:set package 'turtlebot_sine_trajectory' build argument 'catkin_cmake_args' from command line to 'None'
[0.195s] Level 5:colcon.colcon_core.verb:set package 'turtlebot_sine_trajectory' build argument 'catkin_skip_building_tests' from command line to 'False'
[0.195s] DEBUG:colcon.colcon_core.verb:Building package 'turtlebot_sine_trajectory' with the following arguments: {'ament_cmake_args': None, 'build_base': '/home/srushtei/ros2_ws/build/turtlebot_sine_trajectory', 'catkin_cmake_args': None, 'catkin_skip_building_tests': False, 'cmake_args': None, 'cmake_clean_cache': False, 'cmake_clean_first': False, 'cmake_force_configure': False, 'cmake_target': None, 'cmake_target_skip_unavailable': False, 'install_base': '/home/srushtei/ros2_ws/install/turtlebot_sine_trajectory', 'merge_install': False, 'path': '/home/srushtei/ros2_ws/src/turtlebot_sine_trajectory', 'symlink_install': False, 'test_result_base': None}
[0.195s] INFO:colcon.colcon_core.executor:Executing jobs using 'parallel' executor
[0.196s] DEBUG:colcon.colcon_parallel_executor.executor.parallel:run_until_complete
[0.196s] INFO:colcon.colcon_ros.task.ament_cmake.build:Building ROS package in '/home/srushtei/ros2_ws/src/my_robot_arm' with build type 'ament_cmake'
[0.196s] INFO:colcon.colcon_cmake.task.cmake.build:Building CMake package in '/home/srushtei/ros2_ws/src/my_robot_arm'
[0.197s] INFO:colcon.colcon_core.plugin_system:Skipping extension 'colcon_core.shell.bat': Not used on non-Windows systems
[0.197s] INFO:colcon.colcon_core.shell:Skip shell extension 'powershell' for command environment: Not usable outside of PowerShell
[0.197s] DEBUG:colcon.colcon_core.shell:Skip shell extension 'dsv' for command environment
[0.199s] INFO:colcon.colcon_ros.task.ament_python.build:Building ROS package in '/home/srushtei/ros2_ws/src/turtlebot_keyboard_control' with build type 'ament_python'
[0.200s] Level 1:colcon.colcon_core.shell:create_environment_hook('turtlebot_keyboard_control', 'ament_prefix_path')
[0.200s] INFO:colcon.colcon_core.shell:Creating environment hook '/home/srushtei/ros2_ws/install/turtlebot_keyboard_control/share/turtlebot_keyboard_control/hook/ament_prefix_path.ps1'
[0.200s] INFO:colcon.colcon_core.shell:Creating environment descriptor '/home/srushtei/ros2_ws/install/turtlebot_keyboard_control/share/turtlebot_keyboard_control/hook/ament_prefix_path.dsv'
[0.200s] INFO:colcon.colcon_core.shell:Creating environment hook '/home/srushtei/ros2_ws/install/turtlebot_keyboard_control/share/turtlebot_keyboard_control/hook/ament_prefix_path.sh'
[0.200s] INFO:colcon.colcon_core.shell:Skip shell extension 'powershell' for command environment: Not usable outside of PowerShell
[0.201s] DEBUG:colcon.colcon_core.shell:Skip shell extension 'dsv' for command environment
[0.202s] INFO:colcon.colcon_ros.task.ament_python.build:Building ROS package in '/home/srushtei/ros2_ws/src/turtlebot_sine_trajectory' with build type 'ament_python'
[0.202s] Level 1:colcon.colcon_core.shell:create_environment_hook('turtlebot_sine_trajectory', 'ament_prefix_path')
[0.202s] INFO:colcon.colcon_core.shell:Creating environment hook '/home/srushtei/ros2_ws/install/turtlebot_sine_trajectory/share/turtlebot_sine_trajectory/hook/ament_prefix_path.ps1'
[0.203s] INFO:colcon.colcon_core.shell:Creating environment descriptor '/home/srushtei/ros2_ws/install/turtlebot_sine_trajectory/share/turtlebot_sine_trajectory/hook/ament_prefix_path.dsv'
[0.203s] INFO:colcon.colcon_core.shell:Creating environment hook '/home/srushtei/ros2_ws/install/turtlebot_sine_trajectory/share/turtlebot_sine_trajectory/hook/ament_prefix_path.sh'
[0.203s] INFO:colcon.colcon_core.shell:Skip shell extension 'powershell' for command environment: Not usable outside of PowerShell
[0.203s] DEBUG:colcon.colcon_core.shell:Skip shell extension 'dsv' for command environment
[0.209s] DEBUG:colcon.colcon_core.event_handler.log_command:Invoking command in '/home/srushtei/ros2_ws/build/my_robot_arm': CMAKE_PREFIX_PATH=${CMAKE_PREFIX_PATH}:/home/srushtei/ros2_ws/install/turtlebot_keyboard_control:/home/srushtei/ros2_ws/install/turtlebot_sine_trajectory:/opt/ros/humble /usr/bin/cmake --build /home/srushtei/ros2_ws/build/my_robot_arm -- -j12 -l12
[0.356s] INFO:colcon.colcon_core.task.python.build:Building Python package in '/home/srushtei/ros2_ws/src/turtlebot_keyboard_control'
[0.357s] INFO:colcon.colcon_core.shell:Skip shell extension 'powershell' for command environment: Not usable outside of PowerShell
[0.357s] DEBUG:colcon.colcon_core.shell:Skip shell extension 'dsv' for command environment
[0.492s] WARNING:colcon.colcon_ros.task.ament_python.build:Package 'turtlebot_sine_trajectory' doesn't explicitly install a marker in the package index (colcon-ros currently does it implicitly but that fallback will be removed in the future)
[0.493s] WARNING:colcon.colcon_ros.task.ament_python.build:Package 'turtlebot_sine_trajectory' doesn't explicitly install the 'package.xml' file (colcon-ros currently does it implicitly but that fallback will be removed in the future)
[0.493s] INFO:colcon.colcon_core.task.python.build:Building Python package in '/home/srushtei/ros2_ws/src/turtlebot_sine_trajectory'
[0.493s] INFO:colcon.colcon_core.shell:Skip shell extension 'powershell' for command environment: Not usable outside of PowerShell
[0.493s] DEBUG:colcon.colcon_core.shell:Skip shell extension 'dsv' for command environment
[0.496s] DEBUG:colcon.colcon_core.event_handler.log_command:Invoked command in '/home/srushtei/ros2_ws/build/my_robot_arm' returned '0': CMAKE_PREFIX_PATH=${CMAKE_PREFIX_PATH}:/home/srushtei/ros2_ws/install/turtlebot_keyboard_control:/home/srushtei/ros2_ws/install/turtlebot_sine_trajectory:/opt/ros/humble /usr/bin/cmake --build /home/srushtei/ros2_ws/build/my_robot_arm -- -j12 -l12
[0.525s] DEBUG:colcon.colcon_core.event_handler.log_command:Invoking command in '/home/srushtei/ros2_ws/build/my_robot_arm': CMAKE_PREFIX_PATH=${CMAKE_PREFIX_PATH}:/home/srushtei/ros2_ws/install/turtlebot_keyboard_control:/home/srushtei/ros2_ws/install/turtlebot_sine_trajectory:/opt/ros/humble /usr/bin/cmake --install /home/srushtei/ros2_ws/build/my_robot_arm
[0.533s] Level 1:colcon.colcon_core.environment:create_environment_scripts_only(my_robot_arm)
[0.534s] DEBUG:colcon.colcon_core.event_handler.log_command:Invoked command in '/home/srushtei/ros2_ws/build/my_robot_arm' returned '0': CMAKE_PREFIX_PATH=${CMAKE_PREFIX_PATH}:/home/srushtei/ros2_ws/install/turtlebot_keyboard_control:/home/srushtei/ros2_ws/install/turtlebot_sine_trajectory:/opt/ros/humble /usr/bin/cmake --install /home/srushtei/ros2_ws/build/my_robot_arm
[0.536s] Level 1:colcon.colcon_core.environment:checking '/home/srushtei/ros2_ws/install/my_robot_arm' for CMake module files
[0.536s] Level 1:colcon.colcon_core.environment:checking '/home/srushtei/ros2_ws/install/my_robot_arm' for CMake config files
[0.536s] Level 1:colcon.colcon_core.shell:create_environment_hook('my_robot_arm', 'cmake_prefix_path')
[0.537s] INFO:colcon.colcon_core.shell:Creating environment hook '/home/srushtei/ros2_ws/install/my_robot_arm/share/my_robot_arm/hook/cmake_prefix_path.ps1'
[0.537s] INFO:colcon.colcon_core.shell:Creating environment descriptor '/home/srushtei/ros2_ws/install/my_robot_arm/share/my_robot_arm/hook/cmake_prefix_path.dsv'
[0.537s] INFO:colcon.colcon_core.shell:Creating environment hook '/home/srushtei/ros2_ws/install/my_robot_arm/share/my_robot_arm/hook/cmake_prefix_path.sh'
[0.538s] Level 1:colcon.colcon_core.environment:checking '/home/srushtei/ros2_ws/install/my_robot_arm/lib'
[0.538s] Level 1:colcon.colcon_core.environment:checking '/home/srushtei/ros2_ws/install/my_robot_arm/bin'
[0.538s] Level 1:colcon.colcon_core.environment:checking '/home/srushtei/ros2_ws/install/my_robot_arm/lib/pkgconfig/my_robot_arm.pc'
[0.538s] Level 1:colcon.colcon_core.environment:checking '/home/srushtei/ros2_ws/install/my_robot_arm/lib/python3.10/site-packages'
[0.539s] Level 1:colcon.colcon_core.environment:checking '/home/srushtei/ros2_ws/install/my_robot_arm/bin'
[0.539s] INFO:colcon.colcon_core.shell:Creating package script '/home/srushtei/ros2_ws/install/my_robot_arm/share/my_robot_arm/package.ps1'
[0.540s] INFO:colcon.colcon_core.shell:Creating package descriptor '/home/srushtei/ros2_ws/install/my_robot_arm/share/my_robot_arm/package.dsv'
[0.540s] INFO:colcon.colcon_core.shell:Creating package script '/home/srushtei/ros2_ws/install/my_robot_arm/share/my_robot_arm/package.sh'
[0.541s] INFO:colcon.colcon_core.shell:Creating package script '/home/srushtei/ros2_ws/install/my_robot_arm/share/my_robot_arm/package.bash'
[0.541s] INFO:colcon.colcon_core.shell:Creating package script '/home/srushtei/ros2_ws/install/my_robot_arm/share/my_robot_arm/package.zsh'
[0.542s] Level 1:colcon.colcon_core.environment:create_file_with_runtime_dependencies(/home/srushtei/ros2_ws/install/my_robot_arm/share/colcon-core/packages/my_robot_arm)
[0.561s] Level 1:colcon.colcon_core.environment:create_environment_scripts_only(my_robot_arm)
[0.561s] Level 1:colcon.colcon_core.environment:checking '/home/srushtei/ros2_ws/install/my_robot_arm' for CMake module files
[0.562s] Level 1:colcon.colcon_core.environment:checking '/home/srushtei/ros2_ws/install/my_robot_arm' for CMake config files
[0.562s] Level 1:colcon.colcon_core.shell:create_environment_hook('my_robot_arm', 'cmake_prefix_path')
[0.562s] INFO:colcon.colcon_core.shell:Creating environment hook '/home/srushtei/ros2_ws/install/my_robot_arm/share/my_robot_arm/hook/cmake_prefix_path.ps1'
[0.562s] INFO:colcon.colcon_core.shell:Creating environment descriptor '/home/srushtei/ros2_ws/install/my_robot_arm/share/my_robot_arm/hook/cmake_prefix_path.dsv'
[0.563s] INFO:colcon.colcon_core.shell:Creating environment hook '/home/srushtei/ros2_ws/install/my_robot_arm/share/my_robot_arm/hook/cmake_prefix_path.sh'
[0.563s] Level 1:colcon.colcon_core.environment:checking '/home/srushtei/ros2_ws/install/my_robot_arm/lib'
[0.563s] Level 1:colcon.colcon_core.environment:checking '/home/srushtei/ros2_ws/install/my_robot_arm/bin'
[0.563s] Level 1:colcon.colcon_core.environment:checking '/home/srushtei/ros2_ws/install/my_robot_arm/lib/pkgconfig/my_robot_arm.pc'
[0.564s] Level 1:colcon.colcon_core.environment:checking '/home/srushtei/ros2_ws/install/my_robot_arm/lib/python3.10/site-packages'
[0.564s] Level 1:colcon.colcon_core.environment:checking '/home/srushtei/ros2_ws/install/my_robot_arm/bin'
[0.564s] INFO:colcon.colcon_core.shell:Creating package script '/home/srushtei/ros2_ws/install/my_robot_arm/share/my_robot_arm/package.ps1'
[0.564s] INFO:colcon.colcon_core.shell:Creating package descriptor '/home/srushtei/ros2_ws/install/my_robot_arm/share/my_robot_arm/package.dsv'
[0.565s] INFO:colcon.colcon_core.shell:Creating package script '/home/srushtei/ros2_ws/install/my_robot_arm/share/my_robot_arm/package.sh'
[0.565s] INFO:colcon.colcon_core.shell:Creating package script '/home/srushtei/ros2_ws/install/my_robot_arm/share/my_robot_arm/package.bash'
[0.565s] INFO:colcon.colcon_core.shell:Creating package script '/home/srushtei/ros2_ws/install/my_robot_arm/share/my_robot_arm/package.zsh'
[0.566s] Level 1:colcon.colcon_core.environment:create_file_with_runtime_dependencies(/home/srushtei/ros2_ws/install/my_robot_arm/share/colcon-core/packages/my_robot_arm)
[0.709s] DEBUG:colcon.colcon_core.event_handler.log_command:Invoking command in '/home/srushtei/ros2_ws/src/turtlebot_sine_trajectory': PYTHONPATH=/home/srushtei/ros2_ws/build/turtlebot_sine_trajectory/prefix_override:/usr/lib/python3/dist-packages/colcon_core/task/python/colcon_distutils_commands:/home/srushtei/ros2_ws/install/turtlebot_sine_trajectory/lib/python3.10/site-packages:${PYTHONPATH} /usr/bin/python3 -W ignore:setup.py install is deprecated setup.py egg_info --egg-base ../../build/turtlebot_sine_trajectory build --build-base /home/srushtei/ros2_ws/build/turtlebot_sine_trajectory/build install --record /home/srushtei/ros2_ws/build/turtlebot_sine_trajectory/install.log --single-version-externally-managed
[0.740s] DEBUG:colcon.colcon_core.event_handler.log_command:Invoking command in '/home/srushtei/ros2_ws/src/turtlebot_keyboard_control': PYTHONPATH=/home/srushtei/ros2_ws/build/turtlebot_keyboard_control/prefix_override:/usr/lib/python3/dist-packages/colcon_core/task/python/colcon_distutils_commands:/home/srushtei/ros2_ws/install/turtlebot_keyboard_control/lib/python3.10/site-packages:${PYTHONPATH} /usr/bin/python3 -W ignore:setup.py install is deprecated setup.py egg_info --egg-base ../../build/turtlebot_keyboard_control build --build-base /home/srushtei/ros2_ws/build/turtlebot_keyboard_control/build install --record /home/srushtei/ros2_ws/build/turtlebot_keyboard_control/install.log --single-version-externally-managed install_data
[0.883s] Level 1:colcon.colcon_core.environment:checking '/home/srushtei/ros2_ws/install/turtlebot_sine_trajectory' for CMake module files
[0.883s] DEBUG:colcon.colcon_core.event_handler.log_command:Invoked command in '/home/srushtei/ros2_ws/src/turtlebot_sine_trajectory' returned '0': PYTHONPATH=/home/srushtei/ros2_ws/build/turtlebot_sine_trajectory/prefix_override:/usr/lib/python3/dist-packages/colcon_core/task/python/colcon_distutils_commands:/home/srushtei/ros2_ws/install/turtlebot_sine_trajectory/lib/python3.10/site-packages:${PYTHONPATH} /usr/bin/python3 -W ignore:setup.py install is deprecated setup.py egg_info --egg-base ../../build/turtlebot_sine_trajectory build --build-base /home/srushtei/ros2_ws/build/turtlebot_sine_trajectory/build install --record /home/srushtei/ros2_ws/build/turtlebot_sine_trajectory/install.log --single-version-externally-managed
[0.883s] Level 1:colcon.colcon_core.environment:checking '/home/srushtei/ros2_ws/install/turtlebot_sine_trajectory' for CMake config files
[0.884s] Level 1:colcon.colcon_core.environment:checking '/home/srushtei/ros2_ws/install/turtlebot_sine_trajectory/lib'
[0.884s] Level 1:colcon.colcon_core.environment:checking '/home/srushtei/ros2_ws/install/turtlebot_sine_trajectory/bin'
[0.884s] Level 1:colcon.colcon_core.environment:checking '/home/srushtei/ros2_ws/install/turtlebot_sine_trajectory/lib/pkgconfig/turtlebot_sine_trajectory.pc'
[0.884s] Level 1:colcon.colcon_core.environment:checking '/home/srushtei/ros2_ws/install/turtlebot_sine_trajectory/lib/python3.10/site-packages'
[0.884s] Level 1:colcon.colcon_core.shell:create_environment_hook('turtlebot_sine_trajectory', 'pythonpath')
[0.884s] INFO:colcon.colcon_core.shell:Creating environment hook '/home/srushtei/ros2_ws/install/turtlebot_sine_trajectory/share/turtlebot_sine_trajectory/hook/pythonpath.ps1'
[0.884s] INFO:colcon.colcon_core.shell:Creating environment descriptor '/home/srushtei/ros2_ws/install/turtlebot_sine_trajectory/share/turtlebot_sine_trajectory/hook/pythonpath.dsv'
[0.884s] INFO:colcon.colcon_core.shell:Creating environment hook '/home/srushtei/ros2_ws/install/turtlebot_sine_trajectory/share/turtlebot_sine_trajectory/hook/pythonpath.sh'
[0.885s] Level 1:colcon.colcon_core.environment:checking '/home/srushtei/ros2_ws/install/turtlebot_sine_trajectory/bin'
[0.885s] Level 1:colcon.colcon_core.environment:create_environment_scripts_only(turtlebot_sine_trajectory)
[0.885s] INFO:colcon.colcon_core.shell:Creating package script '/home/srushtei/ros2_ws/install/turtlebot_sine_trajectory/share/turtlebot_sine_trajectory/package.ps1'
[0.885s] INFO:colcon.colcon_core.shell:Creating package descriptor '/home/srushtei/ros2_ws/install/turtlebot_sine_trajectory/share/turtlebot_sine_trajectory/package.dsv'
[0.885s] INFO:colcon.colcon_core.shell:Creating package script '/home/srushtei/ros2_ws/install/turtlebot_sine_trajectory/share/turtlebot_sine_trajectory/package.sh'
[0.885s] INFO:colcon.colcon_core.shell:Creating package script '/home/srushtei/ros2_ws/install/turtlebot_sine_trajectory/share/turtlebot_sine_trajectory/package.bash'
[0.886s] INFO:colcon.colcon_core.shell:Creating package script '/home/srushtei/ros2_ws/install/turtlebot_sine_trajectory/share/turtlebot_sine_trajectory/package.zsh'
[0.886s] Level 1:colcon.colcon_core.environment:create_file_with_runtime_dependencies(/home/srushtei/ros2_ws/install/turtlebot_sine_trajectory/share/colcon-core/packages/turtlebot_sine_trajectory)
[0.909s] Level 1:colcon.colcon_core.environment:checking '/home/srushtei/ros2_ws/install/turtlebot_keyboard_control' for CMake module files
[0.909s] DEBUG:colcon.colcon_core.event_handler.log_command:Invoked command in '/home/srushtei/ros2_ws/src/turtlebot_keyboard_control' returned '0': PYTHONPATH=/home/srushtei/ros2_ws/build/turtlebot_keyboard_control/prefix_override:/usr/lib/python3/dist-packages/colcon_core/task/python/colcon_distutils_commands:/home/srushtei/ros2_ws/install/turtlebot_keyboard_control/lib/python3.10/site-packages:${PYTHONPATH} /usr/bin/python3 -W ignore:setup.py install is deprecated setup.py egg_info --egg-base ../../build/turtlebot_keyboard_control build --build-base /home/srushtei/ros2_ws/build/turtlebot_keyboard_control/build install --record /home/srushtei/ros2_ws/build/turtlebot_keyboard_control/install.log --single-version-externally-managed install_data
[0.909s] Level 1:colcon.colcon_core.environment:checking '/home/srushtei/ros2_ws/install/turtlebot_keyboard_control' for CMake config files
[0.910s] Level 1:colcon.colcon_core.environment:checking '/home/srushtei/ros2_ws/install/turtlebot_keyboard_control/lib'
[0.910s] Level 1:colcon.colcon_core.environment:checking '/home/srushtei/ros2_ws/install/turtlebot_keyboard_control/bin'
[0.910s] Level 1:colcon.colcon_core.environment:checking '/home/srushtei/ros2_ws/install/turtlebot_keyboard_control/lib/pkgconfig/turtlebot_keyboard_control.pc'
[0.910s] Level 1:colcon.colcon_core.environment:checking '/home/srushtei/ros2_ws/install/turtlebot_keyboard_control/lib/python3.10/site-packages'
[0.910s] Level 1:colcon.colcon_core.shell:create_environment_hook('turtlebot_keyboard_control', 'pythonpath')
[0.910s] INFO:colcon.colcon_core.shell:Creating environment hook '/home/srushtei/ros2_ws/install/turtlebot_keyboard_control/share/turtlebot_keyboard_control/hook/pythonpath.ps1'
[0.910s] INFO:colcon.colcon_core.shell:Creating environment descriptor '/home/srushtei/ros2_ws/install/turtlebot_keyboard_control/share/turtlebot_keyboard_control/hook/pythonpath.dsv'
[0.911s] INFO:colcon.colcon_core.shell:Creating environment hook '/home/srushtei/ros2_ws/install/turtlebot_keyboard_control/share/turtlebot_keyboard_control/hook/pythonpath.sh'
[0.911s] Level 1:colcon.colcon_core.environment:checking '/home/srushtei/ros2_ws/install/turtlebot_keyboard_control/bin'
[0.911s] Level 1:colcon.colcon_core.environment:create_environment_scripts_only(turtlebot_keyboard_control)
[0.911s] INFO:colcon.colcon_core.shell:Creating package script '/home/srushtei/ros2_ws/install/turtlebot_keyboard_control/share/turtlebot_keyboard_control/package.ps1'
[0.911s] INFO:colcon.colcon_core.shell:Creating package descriptor '/home/srushtei/ros2_ws/install/turtlebot_keyboard_control/share/turtlebot_keyboard_control/package.dsv'
[0.911s] INFO:colcon.colcon_core.shell:Creating package script '/home/srushtei/ros2_ws/install/turtlebot_keyboard_control/share/turtlebot_keyboard_control/package.sh'
[0.912s] INFO:colcon.colcon_core.shell:Creating package script '/home/srushtei/ros2_ws/install/turtlebot_keyboard_control/share/turtlebot_keyboard_control/package.bash'
[0.912s] INFO:colcon.colcon_core.shell:Creating package script '/home/srushtei/ros2_ws/install/turtlebot_keyboard_control/share/turtlebot_keyboard_control/package.zsh'
[0.912s] Level 1:colcon.colcon_core.environment:create_file_with_runtime_dependencies(/home/srushtei/ros2_ws/install/turtlebot_keyboard_control/share/colcon-core/packages/turtlebot_keyboard_control)
[0.912s] DEBUG:colcon.colcon_parallel_executor.executor.parallel:closing loop
[0.912s] DEBUG:colcon.colcon_parallel_executor.executor.parallel:loop closed
[0.912s] DEBUG:colcon.colcon_parallel_executor.executor.parallel:run_until_complete finished with '0'
[0.912s] DEBUG:colcon.colcon_core.event_reactor:joining thread
[0.915s] INFO:colcon.colcon_core.plugin_system:Skipping extension 'colcon_notification.desktop_notification.terminal_notifier': Not used on non-Darwin systems
[0.915s] INFO:colcon.colcon_core.plugin_system:Skipping extension 'colcon_notification.desktop_notification.win32': Not used on non-Windows systems
[0.915s] INFO:colcon.colcon_notification.desktop_notification:Sending desktop notification using 'notify2'
[0.924s] DEBUG:colcon.colcon_core.event_reactor:joined thread
[0.924s] INFO:colcon.colcon_core.shell:Creating prefix script '/home/srushtei/ros2_ws/install/local_setup.ps1'
[0.925s] INFO:colcon.colcon_core.shell:Creating prefix util module '/home/srushtei/ros2_ws/install/_local_setup_util_ps1.py'
[0.926s] INFO:colcon.colcon_core.shell:Creating prefix chain script '/home/srushtei/ros2_ws/install/setup.ps1'
[0.927s] INFO:colcon.colcon_core.shell:Creating prefix script '/home/srushtei/ros2_ws/install/local_setup.sh'
[0.927s] INFO:colcon.colcon_core.shell:Creating prefix util module '/home/srushtei/ros2_ws/install/_local_setup_util_sh.py'
[0.927s] INFO:colcon.colcon_core.shell:Creating prefix chain script '/home/srushtei/ros2_ws/install/setup.sh'
[0.928s] INFO:colcon.colcon_core.shell:Creating prefix script '/home/srushtei/ros2_ws/install/local_setup.bash'
[0.928s] INFO:colcon.colcon_core.shell:Creating prefix chain script '/home/srushtei/ros2_ws/install/setup.bash'
[0.929s] INFO:colcon.colcon_core.shell:Creating prefix script '/home/srushtei/ros2_ws/install/local_setup.zsh'
[0.929s] INFO:colcon.colcon_core.shell:Creating prefix chain script '/home/srushtei/ros2_ws/install/setup.zsh'
