[0.015s] Invoking command in '/home/srushtei/ros2_ws/src/build/turtlebot3_teleop': /usr/bin/cmake /home/srushtei/ros2_ws/src/turtlebot3/turtlebot3_teleop -DCATKIN_INSTALL_INTO_PREFIX_ROOT=0 -DCATKIN_SYMLINK_INSTALL=ON -DCMAKE_INSTALL_PREFIX=/home/srushtei/ros2_ws/src/install/turtlebot3_teleop
[0.233s] -- The C compiler identification is GNU 11.4.0
[0.234s] -- The CXX compiler identification is GNU 11.4.0
[0.234s] -- Detecting C compiler ABI info
[0.234s] -- Detecting C compiler ABI info - done
[0.234s] -- Check for working C compiler: /usr/bin/cc - skipped
[0.234s] -- Detecting C compile features
[0.234s] -- Detecting C compile features - done
[0.234s] -- Detecting CXX compiler ABI info
[0.246s] -- Detecting CXX compiler ABI info - done
[0.255s] -- Check for working CXX compiler: /usr/bin/c++ - skipped
[0.255s] -- Detecting CXX compile features
[0.255s] -- Detecting CXX compile features - done
[0.266s] [31mCMake Error at CMakeLists.txt:10 (find_package):
[0.266s]   By not providing "Findcatkin.cmake" in CMAKE_MODULE_PATH this project has
[0.266s]   asked CMake to find a package configuration file provided by "catkin", but
[0.266s]   CMake did not find one.
[0.266s] 
[0.266s]   Could not find a package configuration file provided by "catkin" with any
[0.266s]   of the following names:
[0.266s] 
[0.266s]     catkinConfig.cmake
[0.266s]     catkin-config.cmake
[0.266s] 
[0.267s]   Add the installation prefix of "catkin" to CMAKE_PREFIX_PATH or set
[0.267s]   "catkin_DIR" to a directory containing one of the above files.  If "catkin"
[0.267s]   provides a separate development package or SDK, be sure it has been
[0.267s]   installed.
[0.267s] 
[0.267s] [0m
[0.267s] -- Configuring incomplete, errors occurred!
[0.267s] See also "/home/srushtei/ros2_ws/src/build/turtlebot3_teleop/CMakeFiles/CMakeOutput.log".
[0.384s] Invoked command in '/home/srushtei/ros2_ws/src/build/turtlebot3_teleop' returned '1': /usr/bin/cmake /home/srushtei/ros2_ws/src/turtlebot3/turtlebot3_teleop -DCATKIN_INSTALL_INTO_PREFIX_ROOT=0 -DCATKIN_SYMLINK_INSTALL=ON -DCMAKE_INSTALL_PREFIX=/home/srushtei/ros2_ws/src/install/turtlebot3_teleop
