running egg_info
creating ../build/turtlebot_keyboard_control/turtlebot_keyboard_control.egg-info
writing ../build/turtlebot_keyboard_control/turtlebot_keyboard_control.egg-info/PKG-INFO
writing dependency_links to ../build/turtlebot_keyboard_control/turtlebot_keyboard_control.egg-info/dependency_links.txt
writing entry points to ../build/turtlebot_keyboard_control/turtlebot_keyboard_control.egg-info/entry_points.txt
writing requirements to ../build/turtlebot_keyboard_control/turtlebot_keyboard_control.egg-info/requires.txt
writing top-level names to ../build/turtlebot_keyboard_control/turtlebot_keyboard_control.egg-info/top_level.txt
writing manifest file '../build/turtlebot_keyboard_control/turtlebot_keyboard_control.egg-info/SOURCES.txt'
reading manifest file '../build/turtlebot_keyboard_control/turtlebot_keyboard_control.egg-info/SOURCES.txt'
writing manifest file '../build/turtlebot_keyboard_control/turtlebot_keyboard_control.egg-info/SOURCES.txt'
running build
running build_py
creating /home/srushtei/ros2_ws/src/build/turtlebot_keyboard_control/build
creating /home/srushtei/ros2_ws/src/build/turtlebot_keyboard_control/build/lib
creating /home/srushtei/ros2_ws/src/build/turtlebot_keyboard_control/build/lib/turtlebot_keyboard_control
copying turtlebot_keyboard_control/__init__.py -> /home/srushtei/ros2_ws/src/build/turtlebot_keyboard_control/build/lib/turtlebot_keyboard_control
copying turtlebot_keyboard_control/keyboard_control.py -> /home/srushtei/ros2_ws/src/build/turtlebot_keyboard_control/build/lib/turtlebot_keyboard_control
running install
running install_lib
creating /home/srushtei/ros2_ws/src/install/turtlebot_keyboard_control/lib/python3.10/site-packages/turtlebot_keyboard_control
copying /home/srushtei/ros2_ws/src/build/turtlebot_keyboard_control/build/lib/turtlebot_keyboard_control/__init__.py -> /home/srushtei/ros2_ws/src/install/turtlebot_keyboard_control/lib/python3.10/site-packages/turtlebot_keyboard_control
copying /home/srushtei/ros2_ws/src/build/turtlebot_keyboard_control/build/lib/turtlebot_keyboard_control/keyboard_control.py -> /home/srushtei/ros2_ws/src/install/turtlebot_keyboard_control/lib/python3.10/site-packages/turtlebot_keyboard_control
byte-compiling /home/srushtei/ros2_ws/src/install/turtlebot_keyboard_control/lib/python3.10/site-packages/turtlebot_keyboard_control/__init__.py to __init__.cpython-310.pyc
byte-compiling /home/srushtei/ros2_ws/src/install/turtlebot_keyboard_control/lib/python3.10/site-packages/turtlebot_keyboard_control/keyboard_control.py to keyboard_control.cpython-310.pyc
running install_egg_info
Copying ../build/turtlebot_keyboard_control/turtlebot_keyboard_control.egg-info to /home/srushtei/ros2_ws/src/install/turtlebot_keyboard_control/lib/python3.10/site-packages/turtlebot_keyboard_control-0.0.0-py3.10.egg-info
running install_scripts
Installing keyboard_control script to /home/srushtei/ros2_ws/src/install/turtlebot_keyboard_control/lib/turtlebot_keyboard_control
writing list of installed files to '/home/srushtei/ros2_ws/src/build/turtlebot_keyboard_control/install.log'
