[100%] Built target move_arm_node
-- Install configuration: ""
-- Up-to-date: /home/srushtei/ros2_ws/install/my_robot_arm/lib/my_robot_arm/moveit_control.py
-- Up-to-date: /home/srushtei/ros2_ws/install/my_robot_arm/share/my_robot_arm/urdf
-- Up-to-date: /home/srushtei/ros2_ws/install/my_robot_arm/share/my_robot_arm/urdf/my_robot.urdf
-- Up-to-date: /home/srushtei/ros2_ws/install/my_robot_arm/share/my_robot_arm/launch
-- Up-to-date: /home/srushtei/ros2_ws/install/my_robot_arm/share/my_robot_arm/launch/moveit_gazebo.launch.py
-- Up-to-date: /home/srushtei/ros2_ws/install/my_robot_arm/share/my_robot_arm/launch/move_arm_launch.py
-- Up-to-date: /home/srushtei/ros2_ws/install/my_robot_arm/share/my_robot_arm/launch/moveit_rviz.launch.py
-- Up-to-date: /home/srushtei/ros2_ws/install/my_robot_arm/lib/my_robot_arm/move_arm_node
-- Up-to-date: /home/srushtei/ros2_ws/install/my_robot_arm/share/ament_index/resource_index/package_run_dependencies/my_robot_arm
-- Up-to-date: /home/srushtei/ros2_ws/install/my_robot_arm/share/ament_index/resource_index/parent_prefix_path/my_robot_arm
-- Up-to-date: /home/srushtei/ros2_ws/install/my_robot_arm/share/my_robot_arm/environment/ament_prefix_path.sh
-- Up-to-date: /home/srushtei/ros2_ws/install/my_robot_arm/share/my_robot_arm/environment/ament_prefix_path.dsv
-- Up-to-date: /home/srushtei/ros2_ws/install/my_robot_arm/share/my_robot_arm/environment/path.sh
-- Up-to-date: /home/srushtei/ros2_ws/install/my_robot_arm/share/my_robot_arm/environment/path.dsv
-- Up-to-date: /home/srushtei/ros2_ws/install/my_robot_arm/share/my_robot_arm/local_setup.bash
-- Up-to-date: /home/srushtei/ros2_ws/install/my_robot_arm/share/my_robot_arm/local_setup.sh
-- Up-to-date: /home/srushtei/ros2_ws/install/my_robot_arm/share/my_robot_arm/local_setup.zsh
-- Up-to-date: /home/srushtei/ros2_ws/install/my_robot_arm/share/my_robot_arm/local_setup.dsv
-- Installing: /home/srushtei/ros2_ws/install/my_robot_arm/share/my_robot_arm/package.dsv
-- Up-to-date: /home/srushtei/ros2_ws/install/my_robot_arm/share/ament_index/resource_index/packages/my_robot_arm
-- Up-to-date: /home/srushtei/ros2_ws/install/my_robot_arm/share/my_robot_arm/cmake/my_robot_armConfig.cmake
-- Up-to-date: /home/srushtei/ros2_ws/install/my_robot_arm/share/my_robot_arm/cmake/my_robot_armConfig-version.cmake
-- Up-to-date: /home/srushtei/ros2_ws/install/my_robot_arm/share/my_robot_arm/package.xml
