[0.052s] DEBUG:colcon:Command line arguments: ['/usr/bin/colcon', 'build']
[0.052s] DEBUG:colcon:Parsed command line arguments: Namespace(log_base=None, log_level=None, verb_name='build', build_base='build', install_base='install', merge_install=False, symlink_install=False, test_result_base=None, continue_on_error=False, executor='parallel', parallel_workers=12, event_handlers=None, ignore_user_meta=False, metas=['./colcon.meta'], base_paths=['.'], packages_ignore=None, packages_ignore_regex=None, paths=None, packages_up_to=None, packages_up_to_regex=None, packages_above=None, packages_above_and_dependencies=None, packages_above_depth=None, packages_select_by_dep=None, packages_skip_by_dep=None, packages_skip_up_to=None, packages_select_build_failed=False, packages_skip_build_finished=False, packages_select_test_failures=False, packages_skip_test_passed=False, packages_select=None, packages_skip=None, packages_select_regex=None, packages_skip_regex=None, packages_start=None, packages_end=None, allow_overriding=[], cmake_args=None, cmake_target=None, cmake_target_skip_unavailable=False, cmake_clean_cache=False, cmake_clean_first=False, cmake_force_configure=False, ament_cmake_args=None, catkin_cmake_args=None, catkin_skip_building_tests=False, verb_parser=<colcon_defaults.argument_parser.defaults.DefaultArgumentsDecorator object at 0x7c7ebb9dcb80>, verb_extension=<colcon_core.verb.build.BuildVerb object at 0x7c7ebb9dc6a0>, main=<bound method BuildVerb.main of <colcon_core.verb.build.BuildVerb object at 0x7c7ebb9dc6a0>>)
[0.133s] Level 1:colcon.colcon_core.package_discovery:discover_packages(colcon_meta) check parameters
[0.134s] Level 1:colcon.colcon_core.package_discovery:discover_packages(recursive) check parameters
[0.134s] Level 1:colcon.colcon_core.package_discovery:discover_packages(ignore) check parameters
[0.134s] Level 1:colcon.colcon_core.package_discovery:discover_packages(path) check parameters
[0.134s] Level 1:colcon.colcon_core.package_discovery:discover_packages(colcon_meta) discover
[0.134s] Level 1:colcon.colcon_core.package_discovery:discover_packages(recursive) discover
[0.134s] INFO:colcon.colcon_core.package_discovery:Crawling recursively for packages in '/home/srushtei/ros2_ws/src'
[0.134s] Level 1:colcon.colcon_core.package_identification:_identify(.) by extensions ['ignore', 'ignore_ament_install']
[0.134s] Level 1:colcon.colcon_core.package_identification:_identify(.) by extension 'ignore'
[0.134s] Level 1:colcon.colcon_core.package_identification:_identify(.) by extension 'ignore_ament_install'
[0.134s] Level 1:colcon.colcon_core.package_identification:_identify(.) by extensions ['colcon_pkg']
[0.134s] Level 1:colcon.colcon_core.package_identification:_identify(.) by extension 'colcon_pkg'
[0.134s] Level 1:colcon.colcon_core.package_identification:_identify(.) by extensions ['colcon_meta']
[0.134s] Level 1:colcon.colcon_core.package_identification:_identify(.) by extension 'colcon_meta'
[0.134s] Level 1:colcon.colcon_core.package_identification:_identify(.) by extensions ['ros']
[0.134s] Level 1:colcon.colcon_core.package_identification:_identify(.) by extension 'ros'
[0.140s] Level 1:colcon.colcon_core.package_identification:_identify(.) by extensions ['cmake', 'python']
[0.140s] Level 1:colcon.colcon_core.package_identification:_identify(.) by extension 'cmake'
[0.140s] Level 1:colcon.colcon_core.package_identification:_identify(.) by extension 'python'
[0.140s] Level 1:colcon.colcon_core.package_identification:_identify(.) by extensions ['python_setup_py']
[0.140s] Level 1:colcon.colcon_core.package_identification:_identify(.) by extension 'python_setup_py'
[0.140s] Level 1:colcon.colcon_core.package_identification:_identify(build) by extensions ['ignore', 'ignore_ament_install']
[0.140s] Level 1:colcon.colcon_core.package_identification:_identify(build) by extension 'ignore'
[0.140s] Level 1:colcon.colcon_core.package_identification:_identify(build) ignored
[0.140s] Level 1:colcon.colcon_core.package_identification:_identify(install) by extensions ['ignore', 'ignore_ament_install']
[0.140s] Level 1:colcon.colcon_core.package_identification:_identify(install) by extension 'ignore'
[0.140s] Level 1:colcon.colcon_core.package_identification:_identify(install) ignored
[0.140s] Level 1:colcon.colcon_core.package_identification:_identify(log) by extensions ['ignore', 'ignore_ament_install']
[0.140s] Level 1:colcon.colcon_core.package_identification:_identify(log) by extension 'ignore'
[0.140s] Level 1:colcon.colcon_core.package_identification:_identify(log) ignored
[0.140s] Level 1:colcon.colcon_core.package_identification:_identify(turtlebot_keyboard_control) by extensions ['ignore', 'ignore_ament_install']
[0.140s] Level 1:colcon.colcon_core.package_identification:_identify(turtlebot_keyboard_control) by extension 'ignore'
[0.140s] Level 1:colcon.colcon_core.package_identification:_identify(turtlebot_keyboard_control) by extension 'ignore_ament_install'
[0.140s] Level 1:colcon.colcon_core.package_identification:_identify(turtlebot_keyboard_control) by extensions ['colcon_pkg']
[0.140s] Level 1:colcon.colcon_core.package_identification:_identify(turtlebot_keyboard_control) by extension 'colcon_pkg'
[0.140s] Level 1:colcon.colcon_core.package_identification:_identify(turtlebot_keyboard_control) by extensions ['colcon_meta']
[0.141s] Level 1:colcon.colcon_core.package_identification:_identify(turtlebot_keyboard_control) by extension 'colcon_meta'
[0.141s] Level 1:colcon.colcon_core.package_identification:_identify(turtlebot_keyboard_control) by extensions ['ros']
[0.141s] Level 1:colcon.colcon_core.package_identification:_identify(turtlebot_keyboard_control) by extension 'ros'
[0.142s] DEBUG:colcon.colcon_core.package_identification:Package 'turtlebot_keyboard_control' with type 'ros.ament_python' and name 'turtlebot_keyboard_control'
[0.142s] Level 1:colcon.colcon_core.package_identification:_identify(turtlebot_sine_trajectory) by extensions ['ignore', 'ignore_ament_install']
[0.142s] Level 1:colcon.colcon_core.package_identification:_identify(turtlebot_sine_trajectory) by extension 'ignore'
[0.142s] Level 1:colcon.colcon_core.package_identification:_identify(turtlebot_sine_trajectory) by extension 'ignore_ament_install'
[0.142s] Level 1:colcon.colcon_core.package_identification:_identify(turtlebot_sine_trajectory) by extensions ['colcon_pkg']
[0.142s] Level 1:colcon.colcon_core.package_identification:_identify(turtlebot_sine_trajectory) by extension 'colcon_pkg'
[0.142s] Level 1:colcon.colcon_core.package_identification:_identify(turtlebot_sine_trajectory) by extensions ['colcon_meta']
[0.142s] Level 1:colcon.colcon_core.package_identification:_identify(turtlebot_sine_trajectory) by extension 'colcon_meta'
[0.142s] Level 1:colcon.colcon_core.package_identification:_identify(turtlebot_sine_trajectory) by extensions ['ros']
[0.142s] Level 1:colcon.colcon_core.package_identification:_identify(turtlebot_sine_trajectory) by extension 'ros'
[0.142s] DEBUG:colcon.colcon_core.package_identification:Package 'turtlebot_sine_trajectory' with type 'ros.ament_python' and name 'turtlebot_sine_trajectory'
[0.142s] Level 1:colcon.colcon_core.package_discovery:discover_packages(recursive) using defaults
[0.142s] Level 1:colcon.colcon_core.package_discovery:discover_packages(ignore) discover
[0.142s] Level 1:colcon.colcon_core.package_discovery:discover_packages(ignore) using defaults
[0.142s] Level 1:colcon.colcon_core.package_discovery:discover_packages(path) discover
[0.142s] Level 1:colcon.colcon_core.package_discovery:discover_packages(path) using defaults
[0.152s] Level 1:colcon.colcon_core.package_discovery:discover_packages(prefix_path) check parameters
[0.152s] Level 1:colcon.colcon_core.package_discovery:discover_packages(prefix_path) discover
[0.154s] DEBUG:colcon.colcon_installed_package_information.package_discovery:Found 431 installed packages in /opt/ros/humble
[0.161s] Level 1:colcon.colcon_core.package_discovery:discover_packages(prefix_path) using defaults
[0.184s] Level 5:colcon.colcon_core.verb:set package 'turtlebot_keyboard_control' build argument 'cmake_args' from command line to 'None'
[0.184s] Level 5:colcon.colcon_core.verb:set package 'turtlebot_keyboard_control' build argument 'cmake_target' from command line to 'None'
[0.184s] Level 5:colcon.colcon_core.verb:set package 'turtlebot_keyboard_control' build argument 'cmake_target_skip_unavailable' from command line to 'False'
[0.184s] Level 5:colcon.colcon_core.verb:set package 'turtlebot_keyboard_control' build argument 'cmake_clean_cache' from command line to 'False'
[0.184s] Level 5:colcon.colcon_core.verb:set package 'turtlebot_keyboard_control' build argument 'cmake_clean_first' from command line to 'False'
[0.184s] Level 5:colcon.colcon_core.verb:set package 'turtlebot_keyboard_control' build argument 'cmake_force_configure' from command line to 'False'
[0.184s] Level 5:colcon.colcon_core.verb:set package 'turtlebot_keyboard_control' build argument 'ament_cmake_args' from command line to 'None'
[0.184s] Level 5:colcon.colcon_core.verb:set package 'turtlebot_keyboard_control' build argument 'catkin_cmake_args' from command line to 'None'
[0.184s] Level 5:colcon.colcon_core.verb:set package 'turtlebot_keyboard_control' build argument 'catkin_skip_building_tests' from command line to 'False'
[0.184s] DEBUG:colcon.colcon_core.verb:Building package 'turtlebot_keyboard_control' with the following arguments: {'ament_cmake_args': None, 'build_base': '/home/srushtei/ros2_ws/src/build/turtlebot_keyboard_control', 'catkin_cmake_args': None, 'catkin_skip_building_tests': False, 'cmake_args': None, 'cmake_clean_cache': False, 'cmake_clean_first': False, 'cmake_force_configure': False, 'cmake_target': None, 'cmake_target_skip_unavailable': False, 'install_base': '/home/srushtei/ros2_ws/src/install/turtlebot_keyboard_control', 'merge_install': False, 'path': '/home/srushtei/ros2_ws/src/turtlebot_keyboard_control', 'symlink_install': False, 'test_result_base': None}
[0.184s] Level 5:colcon.colcon_core.verb:set package 'turtlebot_sine_trajectory' build argument 'cmake_args' from command line to 'None'
[0.184s] Level 5:colcon.colcon_core.verb:set package 'turtlebot_sine_trajectory' build argument 'cmake_target' from command line to 'None'
[0.184s] Level 5:colcon.colcon_core.verb:set package 'turtlebot_sine_trajectory' build argument 'cmake_target_skip_unavailable' from command line to 'False'
[0.184s] Level 5:colcon.colcon_core.verb:set package 'turtlebot_sine_trajectory' build argument 'cmake_clean_cache' from command line to 'False'
[0.184s] Level 5:colcon.colcon_core.verb:set package 'turtlebot_sine_trajectory' build argument 'cmake_clean_first' from command line to 'False'
[0.184s] Level 5:colcon.colcon_core.verb:set package 'turtlebot_sine_trajectory' build argument 'cmake_force_configure' from command line to 'False'
[0.185s] Level 5:colcon.colcon_core.verb:set package 'turtlebot_sine_trajectory' build argument 'ament_cmake_args' from command line to 'None'
[0.185s] Level 5:colcon.colcon_core.verb:set package 'turtlebot_sine_trajectory' build argument 'catkin_cmake_args' from command line to 'None'
[0.185s] Level 5:colcon.colcon_core.verb:set package 'turtlebot_sine_trajectory' build argument 'catkin_skip_building_tests' from command line to 'False'
[0.185s] DEBUG:colcon.colcon_core.verb:Building package 'turtlebot_sine_trajectory' with the following arguments: {'ament_cmake_args': None, 'build_base': '/home/srushtei/ros2_ws/src/build/turtlebot_sine_trajectory', 'catkin_cmake_args': None, 'catkin_skip_building_tests': False, 'cmake_args': None, 'cmake_clean_cache': False, 'cmake_clean_first': False, 'cmake_force_configure': False, 'cmake_target': None, 'cmake_target_skip_unavailable': False, 'install_base': '/home/srushtei/ros2_ws/src/install/turtlebot_sine_trajectory', 'merge_install': False, 'path': '/home/srushtei/ros2_ws/src/turtlebot_sine_trajectory', 'symlink_install': False, 'test_result_base': None}
[0.185s] INFO:colcon.colcon_core.executor:Executing jobs using 'parallel' executor
[0.185s] DEBUG:colcon.colcon_parallel_executor.executor.parallel:run_until_complete
[0.186s] INFO:colcon.colcon_ros.task.ament_python.build:Building ROS package in '/home/srushtei/ros2_ws/src/turtlebot_keyboard_control' with build type 'ament_python'
[0.186s] Level 1:colcon.colcon_core.shell:create_environment_hook('turtlebot_keyboard_control', 'ament_prefix_path')
[0.187s] INFO:colcon.colcon_core.plugin_system:Skipping extension 'colcon_core.shell.bat': Not used on non-Windows systems
[0.188s] INFO:colcon.colcon_core.shell:Creating environment hook '/home/srushtei/ros2_ws/src/install/turtlebot_keyboard_control/share/turtlebot_keyboard_control/hook/ament_prefix_path.ps1'
[0.188s] INFO:colcon.colcon_core.shell:Creating environment descriptor '/home/srushtei/ros2_ws/src/install/turtlebot_keyboard_control/share/turtlebot_keyboard_control/hook/ament_prefix_path.dsv'
[0.189s] INFO:colcon.colcon_core.shell:Creating environment hook '/home/srushtei/ros2_ws/src/install/turtlebot_keyboard_control/share/turtlebot_keyboard_control/hook/ament_prefix_path.sh'
[0.189s] INFO:colcon.colcon_core.shell:Skip shell extension 'powershell' for command environment: Not usable outside of PowerShell
[0.189s] DEBUG:colcon.colcon_core.shell:Skip shell extension 'dsv' for command environment
[0.192s] INFO:colcon.colcon_ros.task.ament_python.build:Building ROS package in '/home/srushtei/ros2_ws/src/turtlebot_sine_trajectory' with build type 'ament_python'
[0.192s] Level 1:colcon.colcon_core.shell:create_environment_hook('turtlebot_sine_trajectory', 'ament_prefix_path')
[0.193s] INFO:colcon.colcon_core.shell:Creating environment hook '/home/srushtei/ros2_ws/src/install/turtlebot_sine_trajectory/share/turtlebot_sine_trajectory/hook/ament_prefix_path.ps1'
[0.193s] INFO:colcon.colcon_core.shell:Creating environment descriptor '/home/srushtei/ros2_ws/src/install/turtlebot_sine_trajectory/share/turtlebot_sine_trajectory/hook/ament_prefix_path.dsv'
[0.193s] INFO:colcon.colcon_core.shell:Creating environment hook '/home/srushtei/ros2_ws/src/install/turtlebot_sine_trajectory/share/turtlebot_sine_trajectory/hook/ament_prefix_path.sh'
[0.194s] INFO:colcon.colcon_core.shell:Skip shell extension 'powershell' for command environment: Not usable outside of PowerShell
[0.194s] DEBUG:colcon.colcon_core.shell:Skip shell extension 'dsv' for command environment
[0.324s] WARNING:colcon.colcon_ros.task.ament_python.build:Package 'turtlebot_keyboard_control' doesn't explicitly install a marker in the package index (colcon-ros currently does it implicitly but that fallback will be removed in the future)
[0.324s] WARNING:colcon.colcon_ros.task.ament_python.build:Package 'turtlebot_keyboard_control' doesn't explicitly install the 'package.xml' file (colcon-ros currently does it implicitly but that fallback will be removed in the future)
[0.324s] INFO:colcon.colcon_core.task.python.build:Building Python package in '/home/srushtei/ros2_ws/src/turtlebot_keyboard_control'
[0.325s] INFO:colcon.colcon_core.shell:Skip shell extension 'powershell' for command environment: Not usable outside of PowerShell
[0.325s] DEBUG:colcon.colcon_core.shell:Skip shell extension 'dsv' for command environment
[0.454s] WARNING:colcon.colcon_ros.task.ament_python.build:Package 'turtlebot_sine_trajectory' doesn't explicitly install a marker in the package index (colcon-ros currently does it implicitly but that fallback will be removed in the future)
[0.455s] WARNING:colcon.colcon_ros.task.ament_python.build:Package 'turtlebot_sine_trajectory' doesn't explicitly install the 'package.xml' file (colcon-ros currently does it implicitly but that fallback will be removed in the future)
[0.455s] INFO:colcon.colcon_core.task.python.build:Building Python package in '/home/srushtei/ros2_ws/src/turtlebot_sine_trajectory'
[0.455s] INFO:colcon.colcon_core.shell:Skip shell extension 'powershell' for command environment: Not usable outside of PowerShell
[0.455s] DEBUG:colcon.colcon_core.shell:Skip shell extension 'dsv' for command environment
[0.668s] DEBUG:colcon.colcon_core.event_handler.log_command:Invoking command in '/home/srushtei/ros2_ws/src/turtlebot_sine_trajectory': PYTHONPATH=/home/srushtei/ros2_ws/src/build/turtlebot_sine_trajectory/prefix_override:/usr/lib/python3/dist-packages/colcon_core/task/python/colcon_distutils_commands:/home/srushtei/ros2_ws/src/install/turtlebot_sine_trajectory/lib/python3.10/site-packages:${PYTHONPATH} /usr/bin/python3 -W ignore:setup.py install is deprecated setup.py egg_info --egg-base ../build/turtlebot_sine_trajectory build --build-base /home/srushtei/ros2_ws/src/build/turtlebot_sine_trajectory/build install --record /home/srushtei/ros2_ws/src/build/turtlebot_sine_trajectory/install.log --single-version-externally-managed
[0.670s] DEBUG:colcon.colcon_core.event_handler.log_command:Invoking command in '/home/srushtei/ros2_ws/src/turtlebot_keyboard_control': PYTHONPATH=/home/srushtei/ros2_ws/src/build/turtlebot_keyboard_control/prefix_override:/usr/lib/python3/dist-packages/colcon_core/task/python/colcon_distutils_commands:/home/srushtei/ros2_ws/src/install/turtlebot_keyboard_control/lib/python3.10/site-packages:${PYTHONPATH} /usr/bin/python3 -W ignore:setup.py install is deprecated setup.py egg_info --egg-base ../build/turtlebot_keyboard_control build --build-base /home/srushtei/ros2_ws/src/build/turtlebot_keyboard_control/build install --record /home/srushtei/ros2_ws/src/build/turtlebot_keyboard_control/install.log --single-version-externally-managed
[0.833s] DEBUG:colcon.colcon_core.event_handler.log_command:Invoked command in '/home/srushtei/ros2_ws/src/turtlebot_sine_trajectory' returned '0': PYTHONPATH=/home/srushtei/ros2_ws/src/build/turtlebot_sine_trajectory/prefix_override:/usr/lib/python3/dist-packages/colcon_core/task/python/colcon_distutils_commands:/home/srushtei/ros2_ws/src/install/turtlebot_sine_trajectory/lib/python3.10/site-packages:${PYTHONPATH} /usr/bin/python3 -W ignore:setup.py install is deprecated setup.py egg_info --egg-base ../build/turtlebot_sine_trajectory build --build-base /home/srushtei/ros2_ws/src/build/turtlebot_sine_trajectory/build install --record /home/srushtei/ros2_ws/src/build/turtlebot_sine_trajectory/install.log --single-version-externally-managed
[0.835s] Level 1:colcon.colcon_core.environment:checking '/home/srushtei/ros2_ws/src/install/turtlebot_sine_trajectory' for CMake module files
[0.835s] Level 1:colcon.colcon_core.environment:checking '/home/srushtei/ros2_ws/src/install/turtlebot_sine_trajectory' for CMake config files
[0.836s] Level 1:colcon.colcon_core.environment:checking '/home/srushtei/ros2_ws/src/install/turtlebot_sine_trajectory/lib'
[0.836s] Level 1:colcon.colcon_core.environment:checking '/home/srushtei/ros2_ws/src/install/turtlebot_sine_trajectory/bin'
[0.836s] Level 1:colcon.colcon_core.environment:checking '/home/srushtei/ros2_ws/src/install/turtlebot_sine_trajectory/lib/pkgconfig/turtlebot_sine_trajectory.pc'
[0.836s] Level 1:colcon.colcon_core.environment:checking '/home/srushtei/ros2_ws/src/install/turtlebot_sine_trajectory/lib/python3.10/site-packages'
[0.836s] Level 1:colcon.colcon_core.shell:create_environment_hook('turtlebot_sine_trajectory', 'pythonpath')
[0.836s] INFO:colcon.colcon_core.shell:Creating environment hook '/home/srushtei/ros2_ws/src/install/turtlebot_sine_trajectory/share/turtlebot_sine_trajectory/hook/pythonpath.ps1'
[0.837s] INFO:colcon.colcon_core.shell:Creating environment descriptor '/home/srushtei/ros2_ws/src/install/turtlebot_sine_trajectory/share/turtlebot_sine_trajectory/hook/pythonpath.dsv'
[0.837s] INFO:colcon.colcon_core.shell:Creating environment hook '/home/srushtei/ros2_ws/src/install/turtlebot_sine_trajectory/share/turtlebot_sine_trajectory/hook/pythonpath.sh'
[0.837s] Level 1:colcon.colcon_core.environment:checking '/home/srushtei/ros2_ws/src/install/turtlebot_sine_trajectory/bin'
[0.838s] Level 1:colcon.colcon_core.environment:create_environment_scripts_only(turtlebot_sine_trajectory)
[0.838s] INFO:colcon.colcon_core.shell:Creating package script '/home/srushtei/ros2_ws/src/install/turtlebot_sine_trajectory/share/turtlebot_sine_trajectory/package.ps1'
[0.839s] INFO:colcon.colcon_core.shell:Creating package descriptor '/home/srushtei/ros2_ws/src/install/turtlebot_sine_trajectory/share/turtlebot_sine_trajectory/package.dsv'
[0.839s] INFO:colcon.colcon_core.shell:Creating package script '/home/srushtei/ros2_ws/src/install/turtlebot_sine_trajectory/share/turtlebot_sine_trajectory/package.sh'
[0.840s] INFO:colcon.colcon_core.shell:Creating package script '/home/srushtei/ros2_ws/src/install/turtlebot_sine_trajectory/share/turtlebot_sine_trajectory/package.bash'
[0.840s] INFO:colcon.colcon_core.shell:Creating package script '/home/srushtei/ros2_ws/src/install/turtlebot_sine_trajectory/share/turtlebot_sine_trajectory/package.zsh'
[0.841s] Level 1:colcon.colcon_core.environment:create_file_with_runtime_dependencies(/home/srushtei/ros2_ws/src/install/turtlebot_sine_trajectory/share/colcon-core/packages/turtlebot_sine_trajectory)
[0.842s] Level 1:colcon.colcon_core.environment:checking '/home/srushtei/ros2_ws/src/install/turtlebot_keyboard_control' for CMake module files
[0.842s] DEBUG:colcon.colcon_core.event_handler.log_command:Invoked command in '/home/srushtei/ros2_ws/src/turtlebot_keyboard_control' returned '0': PYTHONPATH=/home/srushtei/ros2_ws/src/build/turtlebot_keyboard_control/prefix_override:/usr/lib/python3/dist-packages/colcon_core/task/python/colcon_distutils_commands:/home/srushtei/ros2_ws/src/install/turtlebot_keyboard_control/lib/python3.10/site-packages:${PYTHONPATH} /usr/bin/python3 -W ignore:setup.py install is deprecated setup.py egg_info --egg-base ../build/turtlebot_keyboard_control build --build-base /home/srushtei/ros2_ws/src/build/turtlebot_keyboard_control/build install --record /home/srushtei/ros2_ws/src/build/turtlebot_keyboard_control/install.log --single-version-externally-managed
[0.842s] Level 1:colcon.colcon_core.environment:checking '/home/srushtei/ros2_ws/src/install/turtlebot_keyboard_control' for CMake config files
[0.843s] Level 1:colcon.colcon_core.environment:checking '/home/srushtei/ros2_ws/src/install/turtlebot_keyboard_control/lib'
[0.843s] Level 1:colcon.colcon_core.environment:checking '/home/srushtei/ros2_ws/src/install/turtlebot_keyboard_control/bin'
[0.843s] Level 1:colcon.colcon_core.environment:checking '/home/srushtei/ros2_ws/src/install/turtlebot_keyboard_control/lib/pkgconfig/turtlebot_keyboard_control.pc'
[0.843s] Level 1:colcon.colcon_core.environment:checking '/home/srushtei/ros2_ws/src/install/turtlebot_keyboard_control/lib/python3.10/site-packages'
[0.843s] Level 1:colcon.colcon_core.shell:create_environment_hook('turtlebot_keyboard_control', 'pythonpath')
[0.843s] INFO:colcon.colcon_core.shell:Creating environment hook '/home/srushtei/ros2_ws/src/install/turtlebot_keyboard_control/share/turtlebot_keyboard_control/hook/pythonpath.ps1'
[0.843s] INFO:colcon.colcon_core.shell:Creating environment descriptor '/home/srushtei/ros2_ws/src/install/turtlebot_keyboard_control/share/turtlebot_keyboard_control/hook/pythonpath.dsv'
[0.843s] INFO:colcon.colcon_core.shell:Creating environment hook '/home/srushtei/ros2_ws/src/install/turtlebot_keyboard_control/share/turtlebot_keyboard_control/hook/pythonpath.sh'
[0.844s] Level 1:colcon.colcon_core.environment:checking '/home/srushtei/ros2_ws/src/install/turtlebot_keyboard_control/bin'
[0.844s] Level 1:colcon.colcon_core.environment:create_environment_scripts_only(turtlebot_keyboard_control)
[0.844s] INFO:colcon.colcon_core.shell:Creating package script '/home/srushtei/ros2_ws/src/install/turtlebot_keyboard_control/share/turtlebot_keyboard_control/package.ps1'
[0.844s] INFO:colcon.colcon_core.shell:Creating package descriptor '/home/srushtei/ros2_ws/src/install/turtlebot_keyboard_control/share/turtlebot_keyboard_control/package.dsv'
[0.844s] INFO:colcon.colcon_core.shell:Creating package script '/home/srushtei/ros2_ws/src/install/turtlebot_keyboard_control/share/turtlebot_keyboard_control/package.sh'
[0.844s] INFO:colcon.colcon_core.shell:Creating package script '/home/srushtei/ros2_ws/src/install/turtlebot_keyboard_control/share/turtlebot_keyboard_control/package.bash'
[0.845s] INFO:colcon.colcon_core.shell:Creating package script '/home/srushtei/ros2_ws/src/install/turtlebot_keyboard_control/share/turtlebot_keyboard_control/package.zsh'
[0.845s] Level 1:colcon.colcon_core.environment:create_file_with_runtime_dependencies(/home/srushtei/ros2_ws/src/install/turtlebot_keyboard_control/share/colcon-core/packages/turtlebot_keyboard_control)
[0.845s] DEBUG:colcon.colcon_parallel_executor.executor.parallel:closing loop
[0.845s] DEBUG:colcon.colcon_parallel_executor.executor.parallel:loop closed
[0.845s] DEBUG:colcon.colcon_parallel_executor.executor.parallel:run_until_complete finished with '0'
[0.845s] DEBUG:colcon.colcon_core.event_reactor:joining thread
[0.850s] INFO:colcon.colcon_core.plugin_system:Skipping extension 'colcon_notification.desktop_notification.terminal_notifier': Not used on non-Darwin systems
[0.850s] INFO:colcon.colcon_core.plugin_system:Skipping extension 'colcon_notification.desktop_notification.win32': Not used on non-Windows systems
[0.850s] INFO:colcon.colcon_notification.desktop_notification:Sending desktop notification using 'notify2'
[0.856s] DEBUG:colcon.colcon_core.event_reactor:joined thread
[0.857s] INFO:colcon.colcon_core.shell:Creating prefix script '/home/srushtei/ros2_ws/src/install/local_setup.ps1'
[0.857s] INFO:colcon.colcon_core.shell:Creating prefix util module '/home/srushtei/ros2_ws/src/install/_local_setup_util_ps1.py'
[0.858s] INFO:colcon.colcon_core.shell:Creating prefix chain script '/home/srushtei/ros2_ws/src/install/setup.ps1'
[0.858s] INFO:colcon.colcon_core.shell:Creating prefix script '/home/srushtei/ros2_ws/src/install/local_setup.sh'
[0.858s] INFO:colcon.colcon_core.shell:Creating prefix util module '/home/srushtei/ros2_ws/src/install/_local_setup_util_sh.py'
[0.859s] INFO:colcon.colcon_core.shell:Creating prefix chain script '/home/srushtei/ros2_ws/src/install/setup.sh'
[0.859s] INFO:colcon.colcon_core.shell:Creating prefix script '/home/srushtei/ros2_ws/src/install/local_setup.bash'
[0.859s] INFO:colcon.colcon_core.shell:Creating prefix chain script '/home/srushtei/ros2_ws/src/install/setup.bash'
[0.859s] INFO:colcon.colcon_core.shell:Creating prefix script '/home/srushtei/ros2_ws/src/install/local_setup.zsh'
[0.860s] INFO:colcon.colcon_core.shell:Creating prefix chain script '/home/srushtei/ros2_ws/src/install/setup.zsh'
