[0.011s] Invoking command in '/home/srushtei/ros2_ws/src/build/my_robot_arm': CMAKE_PREFIX_PATH=${CMAKE_PREFIX_PATH}:/home/srushtei/ros2_ws/install/turtlebot_keyboard_control:/home/srushtei/ros2_ws/install/turtlebot_sine_trajectory:/opt/ros/humble /usr/bin/cmake /home/srushtei/ros2_ws/src/my_robot_arm -DCMAKE_INSTALL_PREFIX=/home/srushtei/ros2_ws/src/install/my_robot_arm
[0.166s] -- Found ament_cmake: 1.3.10 (/opt/ros/humble/share/ament_cmake/cmake)
[0.167s] -- Override CMake install command with custom implementation using symlinks instead of copying resources
[0.167s] -- Found rclcpp: 16.0.10 (/opt/ros/humble/share/rclcpp/cmake)
[0.167s] -- Found rosidl_generator_c: 3.1.5 (/opt/ros/humble/share/rosidl_generator_c/cmake)
[0.167s] -- Found rosidl_adapter: 3.1.5 (/opt/ros/humble/share/rosidl_adapter/cmake)
[0.167s] -- Found rosidl_generator_cpp: 3.1.5 (/opt/ros/humble/share/rosidl_generator_cpp/cmake)
[0.167s] -- Using all available rosidl_typesupport_c: rosidl_typesupport_fastrtps_c;rosidl_typesupport_introspection_c
[0.167s] -- Using all available rosidl_typesupport_cpp: rosidl_typesupport_fastrtps_cpp;rosidl_typesupport_introspection_cpp
[0.167s] -- Found rmw_implementation_cmake: 6.1.2 (/opt/ros/humble/share/rmw_implementation_cmake/cmake)
[0.167s] -- Found rmw_fastrtps_cpp: 6.2.7 (/opt/ros/humble/share/rmw_fastrtps_cpp/cmake)
[0.230s] -- Using RMW implementation 'rmw_fastrtps_cpp' as default
[0.259s] -- Found moveit_ros_planning_interface: 2.5.5 (/opt/ros/humble/share/moveit_ros_planning_interface/cmake)
[0.266s] -- Found Boost: /usr/lib/x86_64-linux-gnu/cmake/Boost-1.74.0/BoostConfig.cmake (found version "1.74.0") found components: date_time filesystem program_options system thread 
[0.365s] -- Found Boost: /usr/lib/x86_64-linux-gnu/cmake/Boost-1.74.0/BoostConfig.cmake (found version "1.74.0") found components: chrono date_time filesystem iostreams program_options regex serialization system thread 
[0.369s] -- Found parameter_traits: 0.3.8 (/opt/ros/humble/share/parameter_traits/cmake)
[0.373s] -- Found rclcpp_lifecycle: 16.0.10 (/opt/ros/humble/share/rclcpp_lifecycle/cmake)
[0.386s] -- Found Boost: /usr/lib/x86_64-linux-gnu/cmake/Boost-1.74.0/BoostConfig.cmake (found version "1.74.0") found components: filesystem 
[0.408s] -- library: /usr/lib/x86_64-linux-gnu/libcurl.so
[0.429s] -- Ensuring Eigen3 include directory is part of orocos-kdl CMake target
[0.499s] -- Found Boost: /usr/lib/x86_64-linux-gnu/cmake/Boost-1.74.0/BoostConfig.cmake (found version "1.74.0") found components: system filesystem date_time program_options thread chrono 
[0.518s] -- Found Boost: /usr/lib/x86_64-linux-gnu/cmake/Boost-1.74.0/BoostConfig.cmake (found version "1.74.0") found components: thread system filesystem regex date_time program_options 
[0.531s] -- Found Boost: /usr/lib/x86_64-linux-gnu/cmake/Boost-1.74.0/BoostConfig.cmake (found version "1.74.0") found components: system filesystem date_time program_options thread 
[0.550s] -- Found moveit_ros_visualization: 2.5.5 (/opt/ros/humble/share/moveit_ros_visualization/cmake)
[0.552s] -- Found Boost: /usr/lib/x86_64-linux-gnu/cmake/Boost-1.74.0/BoostConfig.cmake (found version "1.74.0") found components: thread date_time system filesystem 
[0.569s] -- Setting OGRE_DIR to: '/opt/ros/humble/share/rviz_ogre_vendor/cmake/../../../opt/rviz_ogre_vendor/lib/OGRE/cmake'
[0.569s] -- Found OGRE
[0.570s] --   static     : OFF
[0.570s] --   components : HLMS;MeshLodGenerator;Overlay;Paging;Property;RTShaderSystem;Terrain;Volume
[0.570s] --   plugins    : Plugin_BSPSceneManager;Plugin_OctreeSceneManager;Plugin_PCZSceneManager;Plugin_ParticleFX;RenderSystem_GL;RenderSystem_GL3Plus;Codec_STBI
[0.570s] --   media      : /opt/ros/humble/opt/rviz_ogre_vendor/share/OGRE/Media
[0.570s] -- OGRE_LIBRARIES: OgreHLMS;OgreMeshLodGenerator;OgreOverlay;OgrePaging;OgreProperty;OgreRTShaderSystem;OgreTerrain;OgreVolume;OgreMain
[0.570s] -- OGRE_LIBRARY_DIRS: /opt/ros/humble/opt/rviz_ogre_vendor/lib
[0.570s] -- OGRE_PLUGINS: Plugin_BSPSceneManager;Plugin_OctreeSceneManager;Plugin_PCZSceneManager;Plugin_ParticleFX;RenderSystem_GL;RenderSystem_GL3Plus;Codec_STBI
[0.570s] -- OGRE_PLUGIN_DIR: /opt/ros/humble/opt/rviz_ogre_vendor/lib/OGRE
[0.570s] -- rviz_ogre_vendor::OgreOverlay for IMPORTED_LOCATION_RELEASE: /opt/ros/humble/opt/rviz_ogre_vendor/lib/libOgreOverlay.so
[0.570s] -- rviz_ogre_vendor::OgreOverlay for IMPORTED_LOCATION_DEBUG: /opt/ros/humble/opt/rviz_ogre_vendor/lib/libOgreOverlay.so
[0.570s] -- rviz_ogre_vendor::OgreMain for IMPORTED_LOCATION_RELEASE: /opt/ros/humble/opt/rviz_ogre_vendor/lib/libOgreMain.so
[0.570s] -- rviz_ogre_vendor::OgreMain for IMPORTED_LOCATION_DEBUG: /opt/ros/humble/opt/rviz_ogre_vendor/lib/libOgreMain.so
[0.606s] -- Setting assimp_DIR to: '/opt/ros/humble/share/rviz_assimp_vendor/cmake/../../../opt/rviz_assimp_vendor/lib/cmake/assimp-4.1'
[0.651s] -- Found gazebo_ros: 3.7.0 (/opt/ros/humble/share/gazebo_ros/cmake)
[0.677s] -- Found DART: /usr/include (Required is at least version "6.6") found components: dart 
[0.688s] -- Found Boost: /usr/lib/x86_64-linux-gnu/cmake/Boost-1.74.0/BoostConfig.cmake (found suitable version "1.74.0", minimum required is "1.40.0") found components: thread system filesystem program_options regex iostreams date_time 
[0.696s] -- Found Protobuf: /usr/lib/x86_64-linux-gnu/libprotobuf.so (found version "3.12.4") 
[0.698s] -- Looking for ignition-math6 -- found version 6.15.1
[0.702s] -- Searching for dependencies of ignition-math6
[0.703s] -- Looking for OGRE...
[0.708s] -- Found Ogre Ghadamon (1.9.0)
[0.718s] -- Looking for OGRE_Paging...
[0.718s] -- Looking for OGRE_Terrain...
[0.718s] -- Looking for OGRE_Property...
[0.718s] -- Looking for OGRE_RTShaderSystem...
[0.718s] -- Looking for OGRE_Volume...
[0.718s] -- Looking for OGRE_Overlay...
[0.796s] -- Looking for ignition-math6 -- found version 6.15.1
[0.796s] -- Looking for ignition-transport8 -- found version 8.2.1
[0.797s] -- Searching for dependencies of ignition-transport8
[0.809s] -- Found Protobuf: /usr/lib/x86_64-linux-gnu/libprotobuf.so (found suitable version "3.12.4", minimum required is "3") 
[0.820s] -- Config-file not installed for ZeroMQ -- checking for pkg-config
[0.824s] -- Checking for module 'libzmq >= 4'
[0.836s] --   Found libzmq , version 4.3.4
[0.895s] -- Checking for module 'uuid'
[0.915s] --   Found uuid, version 2.37.2
[0.972s] -- Looking for ignition-msgs5 -- found version 5.8.1
[0.973s] -- Searching for dependencies of ignition-msgs5
[0.991s] -- Looking for ignition-math6 -- found version 6.15.1
[0.998s] -- Looking for ignition-msgs5 -- found version 5.8.1
[0.999s] -- Looking for ignition-common3 -- found version 3.14.0
[0.999s] -- Searching for dependencies of ignition-common3
[1.000s] -- Looking for dlfcn.h - found
[1.000s] -- Looking for libdl - found
[1.008s] -- Searching for <ignition-common3> component [graphics]
[1.008s] -- Looking for ignition-common3-graphics -- found version 3.14.0
[1.009s] -- Searching for dependencies of ignition-common3-graphics
[1.009s] -- Looking for ignition-math6 -- found version 6.15.1
[1.010s] -- Looking for ignition-fuel_tools4 -- found version 4.4.0
[1.010s] -- Searching for dependencies of ignition-fuel_tools4
[1.037s] -- Checking for module 'jsoncpp'
[1.053s] --   Found jsoncpp, version 1.9.5
[1.113s] -- Checking for module 'libzip'
[1.134s] --   Found libzip, version 1.7.3
[1.187s] -- Looking for ignition-common3 -- found version 3.14.0
[1.187s] -- Looking for ignition-math6 -- found version 6.15.1
[1.188s] -- Looking for ignition-msgs5 -- found version 5.8.1
[1.190s] -- Gazebo version: 11.10
[1.193s] -- Found ament_lint_auto: 0.12.11 (/opt/ros/humble/share/ament_lint_auto/cmake)
[1.235s] -- Configuring done
[1.250s] -- Generating done
[1.251s] -- Build files have been written to: /home/srushtei/ros2_ws/src/build/my_robot_arm
[1.262s] Invoked command in '/home/srushtei/ros2_ws/src/build/my_robot_arm' returned '0': CMAKE_PREFIX_PATH=${CMAKE_PREFIX_PATH}:/home/srushtei/ros2_ws/install/turtlebot_keyboard_control:/home/srushtei/ros2_ws/install/turtlebot_sine_trajectory:/opt/ros/humble /usr/bin/cmake /home/srushtei/ros2_ws/src/my_robot_arm -DCMAKE_INSTALL_PREFIX=/home/srushtei/ros2_ws/src/install/my_robot_arm
[1.264s] Invoking command in '/home/srushtei/ros2_ws/src/build/my_robot_arm': CMAKE_PREFIX_PATH=${CMAKE_PREFIX_PATH}:/home/srushtei/ros2_ws/install/turtlebot_keyboard_control:/home/srushtei/ros2_ws/install/turtlebot_sine_trajectory:/opt/ros/humble /usr/bin/cmake --build /home/srushtei/ros2_ws/src/build/my_robot_arm -- -j12 -l12
[1.307s] [ 50%] [32mBuilding CXX object CMakeFiles/move_arm_node.dir/src/move_arm_node.cpp.o[0m
[5.356s] [100%] [32m[1mLinking CXX executable move_arm_node[0m
[5.535s] [100%] Built target move_arm_node
[5.543s] Invoked command in '/home/srushtei/ros2_ws/src/build/my_robot_arm' returned '0': CMAKE_PREFIX_PATH=${CMAKE_PREFIX_PATH}:/home/srushtei/ros2_ws/install/turtlebot_keyboard_control:/home/srushtei/ros2_ws/install/turtlebot_sine_trajectory:/opt/ros/humble /usr/bin/cmake --build /home/srushtei/ros2_ws/src/build/my_robot_arm -- -j12 -l12
[5.569s] Invoking command in '/home/srushtei/ros2_ws/src/build/my_robot_arm': CMAKE_PREFIX_PATH=${CMAKE_PREFIX_PATH}:/home/srushtei/ros2_ws/install/turtlebot_keyboard_control:/home/srushtei/ros2_ws/install/turtlebot_sine_trajectory:/opt/ros/humble /usr/bin/cmake --install /home/srushtei/ros2_ws/src/build/my_robot_arm
[5.574s] -- Install configuration: ""
[5.575s] -- Execute custom install script
[5.575s] -- Symlinking: /home/srushtei/ros2_ws/src/install/my_robot_arm/lib/my_robot_arm/moveit_control.py
[5.580s] -- Symlinking: /home/srushtei/ros2_ws/src/install/my_robot_arm/share/my_robot_arm/urdf/my_robot.urdf
[5.587s] -- Symlinking: /home/srushtei/ros2_ws/src/install/my_robot_arm/share/my_robot_arm/launch/move_arm_launch.py
[5.592s] -- Symlinking: /home/srushtei/ros2_ws/src/install/my_robot_arm/share/my_robot_arm/launch/moveit_gazebo.launch.py
[5.599s] -- Symlinking: /home/srushtei/ros2_ws/src/install/my_robot_arm/share/my_robot_arm/launch/moveit_rviz.launch.py
[5.605s] -- Symlinking: /home/srushtei/ros2_ws/src/install/my_robot_arm/lib/my_robot_arm/move_arm_node
[5.611s] -- Symlinking: /home/srushtei/ros2_ws/src/install/my_robot_arm/share/ament_index/resource_index/package_run_dependencies/my_robot_arm
[5.617s] -- Symlinking: /home/srushtei/ros2_ws/src/install/my_robot_arm/share/ament_index/resource_index/parent_prefix_path/my_robot_arm
[5.624s] -- Symlinking: /home/srushtei/ros2_ws/src/install/my_robot_arm/share/my_robot_arm/environment/ament_prefix_path.sh
[5.629s] -- Symlinking: /home/srushtei/ros2_ws/src/install/my_robot_arm/share/my_robot_arm/environment/ament_prefix_path.dsv
[5.635s] -- Symlinking: /home/srushtei/ros2_ws/src/install/my_robot_arm/share/my_robot_arm/environment/path.sh
[5.642s] -- Symlinking: /home/srushtei/ros2_ws/src/install/my_robot_arm/share/my_robot_arm/environment/path.dsv
[5.649s] -- Symlinking: /home/srushtei/ros2_ws/src/install/my_robot_arm/share/my_robot_arm/local_setup.bash
[5.654s] -- Symlinking: /home/srushtei/ros2_ws/src/install/my_robot_arm/share/my_robot_arm/local_setup.sh
[5.659s] -- Symlinking: /home/srushtei/ros2_ws/src/install/my_robot_arm/share/my_robot_arm/local_setup.zsh
[5.666s] -- Symlinking: /home/srushtei/ros2_ws/src/install/my_robot_arm/share/my_robot_arm/local_setup.dsv
[5.671s] -- Symlinking: /home/srushtei/ros2_ws/src/install/my_robot_arm/share/my_robot_arm/package.dsv
[5.677s] -- Symlinking: /home/srushtei/ros2_ws/src/install/my_robot_arm/share/ament_index/resource_index/packages/my_robot_arm
[5.683s] -- Symlinking: /home/srushtei/ros2_ws/src/install/my_robot_arm/share/my_robot_arm/cmake/my_robot_armConfig.cmake
[5.688s] -- Symlinking: /home/srushtei/ros2_ws/src/install/my_robot_arm/share/my_robot_arm/cmake/my_robot_armConfig-version.cmake
[5.695s] -- Symlinking: /home/srushtei/ros2_ws/src/install/my_robot_arm/share/my_robot_arm/package.xml
[5.702s] Invoked command in '/home/srushtei/ros2_ws/src/build/my_robot_arm' returned '0': CMAKE_PREFIX_PATH=${CMAKE_PREFIX_PATH}:/home/srushtei/ros2_ws/install/turtlebot_keyboard_control:/home/srushtei/ros2_ws/install/turtlebot_sine_trajectory:/opt/ros/humble /usr/bin/cmake --install /home/srushtei/ros2_ws/src/build/my_robot_arm
