[0.012s] Invoking command in '/home/srushtei/ros2_ws/build/my_robot_arm': CMAKE_PREFIX_PATH=${CMAKE_PREFIX_PATH}:/home/srushtei/ros2_ws/install/turtlebot_keyboard_control:/home/srushtei/ros2_ws/install/turtlebot_sine_trajectory:/opt/ros/humble /usr/bin/cmake --build /home/srushtei/ros2_ws/build/my_robot_arm -- -j12 -l12
[0.164s] [35m[1mConsolidate compiler generated dependencies of target move_arm_node[0m
[0.164s] [100%] Built target move_arm_node
[0.300s] Invoked command in '/home/srushtei/ros2_ws/build/my_robot_arm' returned '0': CMAKE_PREFIX_PATH=${CMAKE_PREFIX_PATH}:/home/srushtei/ros2_ws/install/turtlebot_keyboard_control:/home/srushtei/ros2_ws/install/turtlebot_sine_trajectory:/opt/ros/humble /usr/bin/cmake --build /home/srushtei/ros2_ws/build/my_robot_arm -- -j12 -l12
[0.328s] Invoking command in '/home/srushtei/ros2_ws/build/my_robot_arm': CMAKE_PREFIX_PATH=${CMAKE_PREFIX_PATH}:/home/srushtei/ros2_ws/install/turtlebot_keyboard_control:/home/srushtei/ros2_ws/install/turtlebot_sine_trajectory:/opt/ros/humble /usr/bin/cmake --install /home/srushtei/ros2_ws/build/my_robot_arm
[0.334s] -- Install configuration: ""
[0.334s] -- Up-to-date: /home/srushtei/ros2_ws/install/my_robot_arm/lib/my_robot_arm/moveit_control.py
[0.335s] -- Up-to-date: /home/srushtei/ros2_ws/install/my_robot_arm/share/my_robot_arm/urdf
[0.335s] -- Up-to-date: /home/srushtei/ros2_ws/install/my_robot_arm/share/my_robot_arm/urdf/my_robot.urdf
[0.335s] -- Up-to-date: /home/srushtei/ros2_ws/install/my_robot_arm/share/my_robot_arm/launch
[0.335s] -- Up-to-date: /home/srushtei/ros2_ws/install/my_robot_arm/share/my_robot_arm/launch/moveit_gazebo.launch.py
[0.335s] -- Up-to-date: /home/srushtei/ros2_ws/install/my_robot_arm/share/my_robot_arm/launch/move_arm_launch.py
[0.335s] -- Up-to-date: /home/srushtei/ros2_ws/install/my_robot_arm/share/my_robot_arm/launch/moveit_rviz.launch.py
[0.335s] -- Up-to-date: /home/srushtei/ros2_ws/install/my_robot_arm/lib/my_robot_arm/move_arm_node
[0.335s] -- Up-to-date: /home/srushtei/ros2_ws/install/my_robot_arm/share/ament_index/resource_index/package_run_dependencies/my_robot_arm
[0.335s] -- Up-to-date: /home/srushtei/ros2_ws/install/my_robot_arm/share/ament_index/resource_index/parent_prefix_path/my_robot_arm
[0.335s] -- Up-to-date: /home/srushtei/ros2_ws/install/my_robot_arm/share/my_robot_arm/environment/ament_prefix_path.sh
[0.336s] -- Up-to-date: /home/srushtei/ros2_ws/install/my_robot_arm/share/my_robot_arm/environment/ament_prefix_path.dsv
[0.336s] -- Up-to-date: /home/srushtei/ros2_ws/install/my_robot_arm/share/my_robot_arm/environment/path.sh
[0.336s] -- Up-to-date: /home/srushtei/ros2_ws/install/my_robot_arm/share/my_robot_arm/environment/path.dsv
[0.336s] -- Up-to-date: /home/srushtei/ros2_ws/install/my_robot_arm/share/my_robot_arm/local_setup.bash
[0.336s] -- Up-to-date: /home/srushtei/ros2_ws/install/my_robot_arm/share/my_robot_arm/local_setup.sh
[0.336s] -- Up-to-date: /home/srushtei/ros2_ws/install/my_robot_arm/share/my_robot_arm/local_setup.zsh
[0.336s] -- Up-to-date: /home/srushtei/ros2_ws/install/my_robot_arm/share/my_robot_arm/local_setup.dsv
[0.336s] -- Installing: /home/srushtei/ros2_ws/install/my_robot_arm/share/my_robot_arm/package.dsv
[0.336s] -- Up-to-date: /home/srushtei/ros2_ws/install/my_robot_arm/share/ament_index/resource_index/packages/my_robot_arm
[0.336s] -- Up-to-date: /home/srushtei/ros2_ws/install/my_robot_arm/share/my_robot_arm/cmake/my_robot_armConfig.cmake
[0.336s] -- Up-to-date: /home/srushtei/ros2_ws/install/my_robot_arm/share/my_robot_arm/cmake/my_robot_armConfig-version.cmake
[0.336s] -- Up-to-date: /home/srushtei/ros2_ws/install/my_robot_arm/share/my_robot_arm/package.xml
[0.337s] Invoked command in '/home/srushtei/ros2_ws/build/my_robot_arm' returned '0': CMAKE_PREFIX_PATH=${CMAKE_PREFIX_PATH}:/home/srushtei/ros2_ws/install/turtlebot_keyboard_control:/home/srushtei/ros2_ws/install/turtlebot_sine_trajectory:/opt/ros/humble /usr/bin/cmake --install /home/srushtei/ros2_ws/build/my_robot_arm
