[0.056s] DEBUG:colcon:Command line arguments: ['/usr/bin/colcon', 'build', '--packages-select', 'turtlebot_keyboard_control']
[0.056s] DEBUG:colcon:Parsed command line arguments: Namespace(log_base=None, log_level=None, verb_name='build', build_base='build', install_base='install', merge_install=False, symlink_install=False, test_result_base=None, continue_on_error=False, executor='parallel', parallel_workers=12, event_handlers=None, ignore_user_meta=False, metas=['./colcon.meta'], base_paths=['.'], packages_ignore=None, packages_ignore_regex=None, paths=None, packages_up_to=None, packages_up_to_regex=None, packages_above=None, packages_above_and_dependencies=None, packages_above_depth=None, packages_select_by_dep=None, packages_skip_by_dep=None, packages_skip_up_to=None, packages_select_build_failed=False, packages_skip_build_finished=False, packages_select_test_failures=False, packages_skip_test_passed=False, packages_select=['turtlebot_keyboard_control'], packages_skip=None, packages_select_regex=None, packages_skip_regex=None, packages_start=None, packages_end=None, allow_overriding=[], cmake_args=None, cmake_target=None, cmake_target_skip_unavailable=False, cmake_clean_cache=False, cmake_clean_first=False, cmake_force_configure=False, ament_cmake_args=None, catkin_cmake_args=None, catkin_skip_building_tests=False, verb_parser=<colcon_defaults.argument_parser.defaults.DefaultArgumentsDecorator object at 0x7a7449360eb0>, verb_extension=<colcon_core.verb.build.BuildVerb object at 0x7a74493609d0>, main=<bound method BuildVerb.main of <colcon_core.verb.build.BuildVerb object at 0x7a74493609d0>>)
[0.134s] Level 1:colcon.colcon_core.package_discovery:discover_packages(colcon_meta) check parameters
[0.135s] Level 1:colcon.colcon_core.package_discovery:discover_packages(recursive) check parameters
[0.135s] Level 1:colcon.colcon_core.package_discovery:discover_packages(ignore) check parameters
[0.135s] Level 1:colcon.colcon_core.package_discovery:discover_packages(path) check parameters
[0.135s] Level 1:colcon.colcon_core.package_discovery:discover_packages(colcon_meta) discover
[0.135s] Level 1:colcon.colcon_core.package_discovery:discover_packages(recursive) discover
[0.135s] INFO:colcon.colcon_core.package_discovery:Crawling recursively for packages in '/home/srushtei/ros2_ws/src'
[0.135s] Level 1:colcon.colcon_core.package_identification:_identify(.) by extensions ['ignore', 'ignore_ament_install']
[0.135s] Level 1:colcon.colcon_core.package_identification:_identify(.) by extension 'ignore'
[0.135s] Level 1:colcon.colcon_core.package_identification:_identify(.) by extension 'ignore_ament_install'
[0.135s] Level 1:colcon.colcon_core.package_identification:_identify(.) by extensions ['colcon_pkg']
[0.135s] Level 1:colcon.colcon_core.package_identification:_identify(.) by extension 'colcon_pkg'
[0.135s] Level 1:colcon.colcon_core.package_identification:_identify(.) by extensions ['colcon_meta']
[0.135s] Level 1:colcon.colcon_core.package_identification:_identify(.) by extension 'colcon_meta'
[0.135s] Level 1:colcon.colcon_core.package_identification:_identify(.) by extensions ['ros']
[0.135s] Level 1:colcon.colcon_core.package_identification:_identify(.) by extension 'ros'
[0.141s] Level 1:colcon.colcon_core.package_identification:_identify(.) by extensions ['cmake', 'python']
[0.141s] Level 1:colcon.colcon_core.package_identification:_identify(.) by extension 'cmake'
[0.141s] Level 1:colcon.colcon_core.package_identification:_identify(.) by extension 'python'
[0.141s] Level 1:colcon.colcon_core.package_identification:_identify(.) by extensions ['python_setup_py']
[0.141s] Level 1:colcon.colcon_core.package_identification:_identify(.) by extension 'python_setup_py'
[0.141s] Level 1:colcon.colcon_core.package_identification:_identify(build) by extensions ['ignore', 'ignore_ament_install']
[0.142s] Level 1:colcon.colcon_core.package_identification:_identify(build) by extension 'ignore'
[0.142s] Level 1:colcon.colcon_core.package_identification:_identify(build) ignored
[0.142s] Level 1:colcon.colcon_core.package_identification:_identify(install) by extensions ['ignore', 'ignore_ament_install']
[0.142s] Level 1:colcon.colcon_core.package_identification:_identify(install) by extension 'ignore'
[0.142s] Level 1:colcon.colcon_core.package_identification:_identify(install) ignored
[0.142s] Level 1:colcon.colcon_core.package_identification:_identify(log) by extensions ['ignore', 'ignore_ament_install']
[0.142s] Level 1:colcon.colcon_core.package_identification:_identify(log) by extension 'ignore'
[0.142s] Level 1:colcon.colcon_core.package_identification:_identify(log) ignored
[0.142s] Level 1:colcon.colcon_core.package_identification:_identify(my_robot_arm) by extensions ['ignore', 'ignore_ament_install']
[0.142s] Level 1:colcon.colcon_core.package_identification:_identify(my_robot_arm) by extension 'ignore'
[0.142s] Level 1:colcon.colcon_core.package_identification:_identify(my_robot_arm) by extension 'ignore_ament_install'
[0.142s] Level 1:colcon.colcon_core.package_identification:_identify(my_robot_arm) by extensions ['colcon_pkg']
[0.142s] Level 1:colcon.colcon_core.package_identification:_identify(my_robot_arm) by extension 'colcon_pkg'
[0.142s] Level 1:colcon.colcon_core.package_identification:_identify(my_robot_arm) by extensions ['colcon_meta']
[0.142s] Level 1:colcon.colcon_core.package_identification:_identify(my_robot_arm) by extension 'colcon_meta'
[0.142s] Level 1:colcon.colcon_core.package_identification:_identify(my_robot_arm) by extensions ['ros']
[0.142s] Level 1:colcon.colcon_core.package_identification:_identify(my_robot_arm) by extension 'ros'
[0.143s] DEBUG:colcon.colcon_core.package_identification:Package 'my_robot_arm' with type 'ros.ament_cmake' and name 'my_robot_arm'
[0.143s] Level 1:colcon.colcon_core.package_identification:_identify(turtlebot_keyboard_control) by extensions ['ignore', 'ignore_ament_install']
[0.143s] Level 1:colcon.colcon_core.package_identification:_identify(turtlebot_keyboard_control) by extension 'ignore'
[0.143s] Level 1:colcon.colcon_core.package_identification:_identify(turtlebot_keyboard_control) by extension 'ignore_ament_install'
[0.143s] Level 1:colcon.colcon_core.package_identification:_identify(turtlebot_keyboard_control) by extensions ['colcon_pkg']
[0.143s] Level 1:colcon.colcon_core.package_identification:_identify(turtlebot_keyboard_control) by extension 'colcon_pkg'
[0.143s] Level 1:colcon.colcon_core.package_identification:_identify(turtlebot_keyboard_control) by extensions ['colcon_meta']
[0.143s] Level 1:colcon.colcon_core.package_identification:_identify(turtlebot_keyboard_control) by extension 'colcon_meta'
[0.144s] Level 1:colcon.colcon_core.package_identification:_identify(turtlebot_keyboard_control) by extensions ['ros']
[0.144s] Level 1:colcon.colcon_core.package_identification:_identify(turtlebot_keyboard_control) by extension 'ros'
[0.144s] DEBUG:colcon.colcon_core.package_identification:Package 'turtlebot_keyboard_control' with type 'ros.catkin' and name 'turtlebot_keyboard_control'
[0.144s] Level 1:colcon.colcon_core.package_identification:_identify(turtlebot_sine_trajectory) by extensions ['ignore', 'ignore_ament_install']
[0.144s] Level 1:colcon.colcon_core.package_identification:_identify(turtlebot_sine_trajectory) by extension 'ignore'
[0.144s] Level 1:colcon.colcon_core.package_identification:_identify(turtlebot_sine_trajectory) by extension 'ignore_ament_install'
[0.144s] Level 1:colcon.colcon_core.package_identification:_identify(turtlebot_sine_trajectory) by extensions ['colcon_pkg']
[0.144s] Level 1:colcon.colcon_core.package_identification:_identify(turtlebot_sine_trajectory) by extension 'colcon_pkg'
[0.144s] Level 1:colcon.colcon_core.package_identification:_identify(turtlebot_sine_trajectory) by extensions ['colcon_meta']
[0.144s] Level 1:colcon.colcon_core.package_identification:_identify(turtlebot_sine_trajectory) by extension 'colcon_meta'
[0.144s] Level 1:colcon.colcon_core.package_identification:_identify(turtlebot_sine_trajectory) by extensions ['ros']
[0.144s] Level 1:colcon.colcon_core.package_identification:_identify(turtlebot_sine_trajectory) by extension 'ros'
[0.144s] DEBUG:colcon.colcon_core.package_identification:Package 'turtlebot_sine_trajectory' with type 'ros.ament_python' and name 'turtlebot_sine_trajectory'
[0.144s] Level 1:colcon.colcon_core.package_discovery:discover_packages(recursive) using defaults
[0.144s] Level 1:colcon.colcon_core.package_discovery:discover_packages(ignore) discover
[0.144s] Level 1:colcon.colcon_core.package_discovery:discover_packages(ignore) using defaults
[0.144s] Level 1:colcon.colcon_core.package_discovery:discover_packages(path) discover
[0.144s] Level 1:colcon.colcon_core.package_discovery:discover_packages(path) using defaults
[0.155s] INFO:colcon.colcon_core.package_selection:Skipping not selected package 'my_robot_arm' in 'my_robot_arm'
[0.155s] INFO:colcon.colcon_core.package_selection:Skipping not selected package 'turtlebot_sine_trajectory' in 'turtlebot_sine_trajectory'
[0.155s] Level 1:colcon.colcon_core.package_discovery:discover_packages(prefix_path) check parameters
[0.155s] Level 1:colcon.colcon_core.package_discovery:discover_packages(prefix_path) discover
[0.156s] DEBUG:colcon.colcon_installed_package_information.package_discovery:Found 0 installed packages in /home/srushtei/ros2_ws/install
[0.157s] DEBUG:colcon.colcon_installed_package_information.package_discovery:Found 423 installed packages in /opt/ros/humble
[0.164s] Level 1:colcon.colcon_core.package_discovery:discover_packages(prefix_path) using defaults
[0.189s] Level 5:colcon.colcon_core.verb:set package 'turtlebot_keyboard_control' build argument 'cmake_args' from command line to 'None'
[0.189s] Level 5:colcon.colcon_core.verb:set package 'turtlebot_keyboard_control' build argument 'cmake_target' from command line to 'None'
[0.189s] Level 5:colcon.colcon_core.verb:set package 'turtlebot_keyboard_control' build argument 'cmake_target_skip_unavailable' from command line to 'False'
[0.189s] Level 5:colcon.colcon_core.verb:set package 'turtlebot_keyboard_control' build argument 'cmake_clean_cache' from command line to 'False'
[0.189s] Level 5:colcon.colcon_core.verb:set package 'turtlebot_keyboard_control' build argument 'cmake_clean_first' from command line to 'False'
[0.189s] Level 5:colcon.colcon_core.verb:set package 'turtlebot_keyboard_control' build argument 'cmake_force_configure' from command line to 'False'
[0.189s] Level 5:colcon.colcon_core.verb:set package 'turtlebot_keyboard_control' build argument 'ament_cmake_args' from command line to 'None'
[0.189s] Level 5:colcon.colcon_core.verb:set package 'turtlebot_keyboard_control' build argument 'catkin_cmake_args' from command line to 'None'
[0.189s] Level 5:colcon.colcon_core.verb:set package 'turtlebot_keyboard_control' build argument 'catkin_skip_building_tests' from command line to 'False'
[0.189s] DEBUG:colcon.colcon_core.verb:Building package 'turtlebot_keyboard_control' with the following arguments: {'ament_cmake_args': None, 'build_base': '/home/srushtei/ros2_ws/src/build/turtlebot_keyboard_control', 'catkin_cmake_args': None, 'catkin_skip_building_tests': False, 'cmake_args': None, 'cmake_clean_cache': False, 'cmake_clean_first': False, 'cmake_force_configure': False, 'cmake_target': None, 'cmake_target_skip_unavailable': False, 'install_base': '/home/srushtei/ros2_ws/src/install/turtlebot_keyboard_control', 'merge_install': False, 'path': '/home/srushtei/ros2_ws/src/turtlebot_keyboard_control', 'symlink_install': False, 'test_result_base': None}
[0.189s] INFO:colcon.colcon_core.executor:Executing jobs using 'parallel' executor
[0.190s] DEBUG:colcon.colcon_parallel_executor.executor.parallel:run_until_complete
[0.190s] INFO:colcon.colcon_ros.task.catkin.build:Building ROS package in '/home/srushtei/ros2_ws/src/turtlebot_keyboard_control' with build type 'catkin'
[0.190s] INFO:colcon.colcon_cmake.task.cmake.build:Building CMake package in '/home/srushtei/ros2_ws/src/turtlebot_keyboard_control'
[0.191s] INFO:colcon.colcon_core.plugin_system:Skipping extension 'colcon_core.shell.bat': Not used on non-Windows systems
[0.191s] INFO:colcon.colcon_core.shell:Skip shell extension 'powershell' for command environment: Not usable outside of PowerShell
[0.191s] DEBUG:colcon.colcon_core.shell:Skip shell extension 'dsv' for command environment
[0.196s] DEBUG:colcon.colcon_core.event_handler.log_command:Invoking command in '/home/srushtei/ros2_ws/src/build/turtlebot_keyboard_control': /usr/bin/cmake /home/srushtei/ros2_ws/src/turtlebot_keyboard_control -DCATKIN_INSTALL_INTO_PREFIX_ROOT=0 -DCMAKE_INSTALL_PREFIX=/home/srushtei/ros2_ws/src/install/turtlebot_keyboard_control
[0.203s] DEBUG:colcon.colcon_core.event_handler.log_command:Invoked command in '/home/srushtei/ros2_ws/src/build/turtlebot_keyboard_control' returned '1': /usr/bin/cmake /home/srushtei/ros2_ws/src/turtlebot_keyboard_control -DCATKIN_INSTALL_INTO_PREFIX_ROOT=0 -DCMAKE_INSTALL_PREFIX=/home/srushtei/ros2_ws/src/install/turtlebot_keyboard_control
[0.214s] DEBUG:colcon.colcon_parallel_executor.executor.parallel:closing loop
[0.214s] DEBUG:colcon.colcon_parallel_executor.executor.parallel:loop closed
[0.214s] DEBUG:colcon.colcon_parallel_executor.executor.parallel:run_until_complete finished with 'argument of type 'NoneType' is not iterable'
[0.214s] DEBUG:colcon.colcon_core.event_reactor:joining thread
[0.219s] INFO:colcon.colcon_core.plugin_system:Skipping extension 'colcon_notification.desktop_notification.terminal_notifier': Not used on non-Darwin systems
[0.219s] INFO:colcon.colcon_core.plugin_system:Skipping extension 'colcon_notification.desktop_notification.win32': Not used on non-Windows systems
[0.219s] INFO:colcon.colcon_notification.desktop_notification:Sending desktop notification using 'notify2'
[0.230s] DEBUG:colcon.colcon_core.event_reactor:joined thread
[0.231s] INFO:colcon.colcon_core.shell:Creating prefix script '/home/srushtei/ros2_ws/src/install/local_setup.ps1'
[0.232s] INFO:colcon.colcon_core.shell:Creating prefix util module '/home/srushtei/ros2_ws/src/install/_local_setup_util_ps1.py'
[0.234s] INFO:colcon.colcon_core.shell:Creating prefix chain script '/home/srushtei/ros2_ws/src/install/setup.ps1'
[0.235s] INFO:colcon.colcon_core.shell:Creating prefix script '/home/srushtei/ros2_ws/src/install/local_setup.sh'
[0.236s] INFO:colcon.colcon_core.shell:Creating prefix util module '/home/srushtei/ros2_ws/src/install/_local_setup_util_sh.py'
[0.237s] INFO:colcon.colcon_core.shell:Creating prefix chain script '/home/srushtei/ros2_ws/src/install/setup.sh'
[0.237s] INFO:colcon.colcon_core.shell:Creating prefix script '/home/srushtei/ros2_ws/src/install/local_setup.bash'
[0.238s] INFO:colcon.colcon_core.shell:Creating prefix chain script '/home/srushtei/ros2_ws/src/install/setup.bash'
[0.238s] INFO:colcon.colcon_core.shell:Creating prefix script '/home/srushtei/ros2_ws/src/install/local_setup.zsh'
[0.238s] INFO:colcon.colcon_core.shell:Creating prefix chain script '/home/srushtei/ros2_ws/src/install/setup.zsh'
