[0.556s] Invoking command in '/home/srushtei/ros2_ws/src/turtlebot_keyboard_control': PYTHONPATH=/home/srushtei/ros2_ws/build/turtlebot_keyboard_control/prefix_override:/usr/lib/python3/dist-packages/colcon_core/task/python/colcon_distutils_commands:/home/srushtei/ros2_ws/install/turtlebot_keyboard_control/lib/python3.10/site-packages:${PYTHONPATH} /usr/bin/python3 -W ignore:setup.py install is deprecated setup.py egg_info --egg-base ../../build/turtlebot_keyboard_control build --build-base /home/srushtei/ros2_ws/build/turtlebot_keyboard_control/build install --record /home/srushtei/ros2_ws/build/turtlebot_keyboard_control/install.log --single-version-externally-managed install_data
[0.699s] running egg_info
[0.699s] writing ../../build/turtlebot_keyboard_control/turtlebot_keyboard_control.egg-info/PKG-INFO
[0.699s] writing dependency_links to ../../build/turtlebot_keyboard_control/turtlebot_keyboard_control.egg-info/dependency_links.txt
[0.699s] writing entry points to ../../build/turtlebot_keyboard_control/turtlebot_keyboard_control.egg-info/entry_points.txt
[0.699s] writing requirements to ../../build/turtlebot_keyboard_control/turtlebot_keyboard_control.egg-info/requires.txt
[0.699s] writing top-level names to ../../build/turtlebot_keyboard_control/turtlebot_keyboard_control.egg-info/top_level.txt
[0.699s] reading manifest file '../../build/turtlebot_keyboard_control/turtlebot_keyboard_control.egg-info/SOURCES.txt'
[0.700s] writing manifest file '../../build/turtlebot_keyboard_control/turtlebot_keyboard_control.egg-info/SOURCES.txt'
[0.700s] running build
[0.700s] running build_py
[0.700s] copying turtlebot_keyboard_control/keyboard.control.py -> /home/srushtei/ros2_ws/build/turtlebot_keyboard_control/build/lib/turtlebot_keyboard_control
[0.700s] running install
[0.700s] running install_lib
[0.701s] copying /home/srushtei/ros2_ws/build/turtlebot_keyboard_control/build/lib/turtlebot_keyboard_control/keyboard.control.py -> /home/srushtei/ros2_ws/install/turtlebot_keyboard_control/lib/python3.10/site-packages/turtlebot_keyboard_control
[0.701s] byte-compiling /home/srushtei/ros2_ws/install/turtlebot_keyboard_control/lib/python3.10/site-packages/turtlebot_keyboard_control/keyboard.control.py to keyboard.control.cpython-310.pyc
[0.701s] running install_data
[0.701s] running install_egg_info
[0.703s] removing '/home/srushtei/ros2_ws/install/turtlebot_keyboard_control/lib/python3.10/site-packages/turtlebot_keyboard_control-0.0.0-py3.10.egg-info' (and everything under it)
[0.703s] Copying ../../build/turtlebot_keyboard_control/turtlebot_keyboard_control.egg-info to /home/srushtei/ros2_ws/install/turtlebot_keyboard_control/lib/python3.10/site-packages/turtlebot_keyboard_control-0.0.0-py3.10.egg-info
[0.703s] running install_scripts
[0.716s] Installing keyboard_control script to /home/srushtei/ros2_ws/install/turtlebot_keyboard_control/lib/turtlebot_keyboard_control
[0.716s] writing list of installed files to '/home/srushtei/ros2_ws/build/turtlebot_keyboard_control/install.log'
[0.732s] Invoked command in '/home/srushtei/ros2_ws/src/turtlebot_keyboard_control' returned '0': PYTHONPATH=/home/srushtei/ros2_ws/build/turtlebot_keyboard_control/prefix_override:/usr/lib/python3/dist-packages/colcon_core/task/python/colcon_distutils_commands:/home/srushtei/ros2_ws/install/turtlebot_keyboard_control/lib/python3.10/site-packages:${PYTHONPATH} /usr/bin/python3 -W ignore:setup.py install is deprecated setup.py egg_info --egg-base ../../build/turtlebot_keyboard_control build --build-base /home/srushtei/ros2_ws/build/turtlebot_keyboard_control/build install --record /home/srushtei/ros2_ws/build/turtlebot_keyboard_control/install.log --single-version-externally-managed install_data
