[0.622s] Invoking command in '/home/srushtei/ros2_ws/src/turtlebot_keyboard_control': PYTHONPATH=/home/srushtei/ros2_ws/src/build/turtlebot_keyboard_control/prefix_override:/usr/lib/python3/dist-packages/colcon_core/task/python/colcon_distutils_commands:/home/srushtei/ros2_ws/src/install/turtlebot_keyboard_control/lib/python3.10/site-packages:${PYTHONPATH} /usr/bin/python3 -W ignore:setup.py install is deprecated setup.py egg_info --egg-base ../build/turtlebot_keyboard_control build --build-base /home/srushtei/ros2_ws/src/build/turtlebot_keyboard_control/build install --record /home/srushtei/ros2_ws/src/build/turtlebot_keyboard_control/install.log --single-version-externally-managed install_data
[0.767s] running egg_info
[0.767s] writing ../build/turtlebot_keyboard_control/turtlebot_keyboard_control.egg-info/PKG-INFO
[0.767s] writing dependency_links to ../build/turtlebot_keyboard_control/turtlebot_keyboard_control.egg-info/dependency_links.txt
[0.767s] writing entry points to ../build/turtlebot_keyboard_control/turtlebot_keyboard_control.egg-info/entry_points.txt
[0.768s] writing requirements to ../build/turtlebot_keyboard_control/turtlebot_keyboard_control.egg-info/requires.txt
[0.768s] writing top-level names to ../build/turtlebot_keyboard_control/turtlebot_keyboard_control.egg-info/top_level.txt
[0.768s] reading manifest file '../build/turtlebot_keyboard_control/turtlebot_keyboard_control.egg-info/SOURCES.txt'
[0.769s] writing manifest file '../build/turtlebot_keyboard_control/turtlebot_keyboard_control.egg-info/SOURCES.txt'
[0.769s] running build
[0.769s] running build_py
[0.769s] copying turtlebot_keyboard_control/__init__.py -> /home/srushtei/ros2_ws/src/build/turtlebot_keyboard_control/build/lib/turtlebot_keyboard_control
[0.769s] copying turtlebot_keyboard_control/keyboard_control.py -> /home/srushtei/ros2_ws/src/build/turtlebot_keyboard_control/build/lib/turtlebot_keyboard_control
[0.770s] copying turtlebot_keyboard_control/keyboard.control.py -> /home/srushtei/ros2_ws/src/build/turtlebot_keyboard_control/build/lib/turtlebot_keyboard_control
[0.770s] running install
[0.770s] running install_lib
[0.770s] copying /home/srushtei/ros2_ws/src/build/turtlebot_keyboard_control/build/lib/turtlebot_keyboard_control/__init__.py -> /home/srushtei/ros2_ws/src/install/turtlebot_keyboard_control/lib/python3.10/site-packages/turtlebot_keyboard_control
[0.770s] copying /home/srushtei/ros2_ws/src/build/turtlebot_keyboard_control/build/lib/turtlebot_keyboard_control/keyboard_control.py -> /home/srushtei/ros2_ws/src/install/turtlebot_keyboard_control/lib/python3.10/site-packages/turtlebot_keyboard_control
[0.770s] copying /home/srushtei/ros2_ws/src/build/turtlebot_keyboard_control/build/lib/turtlebot_keyboard_control/keyboard.control.py -> /home/srushtei/ros2_ws/src/install/turtlebot_keyboard_control/lib/python3.10/site-packages/turtlebot_keyboard_control
[0.770s] byte-compiling /home/srushtei/ros2_ws/src/install/turtlebot_keyboard_control/lib/python3.10/site-packages/turtlebot_keyboard_control/__init__.py to __init__.cpython-310.pyc
[0.771s] byte-compiling /home/srushtei/ros2_ws/src/install/turtlebot_keyboard_control/lib/python3.10/site-packages/turtlebot_keyboard_control/keyboard_control.py to keyboard_control.cpython-310.pyc
[0.771s] byte-compiling /home/srushtei/ros2_ws/src/install/turtlebot_keyboard_control/lib/python3.10/site-packages/turtlebot_keyboard_control/keyboard.control.py to keyboard.control.cpython-310.pyc
[0.771s] running install_data
[0.771s] copying resource/turtlebot_keyboard_control -> /home/srushtei/ros2_ws/src/install/turtlebot_keyboard_control/share/ament_index/resource_index/packages
[0.771s] copying package.xml -> /home/srushtei/ros2_ws/src/install/turtlebot_keyboard_control/share/turtlebot_keyboard_control
[0.771s] running install_egg_info
[0.773s] removing '/home/srushtei/ros2_ws/src/install/turtlebot_keyboard_control/lib/python3.10/site-packages/turtlebot_keyboard_control-0.0.0-py3.10.egg-info' (and everything under it)
[0.773s] Copying ../build/turtlebot_keyboard_control/turtlebot_keyboard_control.egg-info to /home/srushtei/ros2_ws/src/install/turtlebot_keyboard_control/lib/python3.10/site-packages/turtlebot_keyboard_control-0.0.0-py3.10.egg-info
[0.774s] running install_scripts
[0.787s] Installing keyboard_control script to /home/srushtei/ros2_ws/src/install/turtlebot_keyboard_control/lib/turtlebot_keyboard_control
[0.787s] writing list of installed files to '/home/srushtei/ros2_ws/src/build/turtlebot_keyboard_control/install.log'
[0.804s] Invoked command in '/home/srushtei/ros2_ws/src/turtlebot_keyboard_control' returned '0': PYTHONPATH=/home/srushtei/ros2_ws/src/build/turtlebot_keyboard_control/prefix_override:/usr/lib/python3/dist-packages/colcon_core/task/python/colcon_distutils_commands:/home/srushtei/ros2_ws/src/install/turtlebot_keyboard_control/lib/python3.10/site-packages:${PYTHONPATH} /usr/bin/python3 -W ignore:setup.py install is deprecated setup.py egg_info --egg-base ../build/turtlebot_keyboard_control build --build-base /home/srushtei/ros2_ws/src/build/turtlebot_keyboard_control/build install --record /home/srushtei/ros2_ws/src/build/turtlebot_keyboard_control/install.log --single-version-externally-managed install_data
